SLF4J: No SLF4J providers were found.
SLF4J: Defaulting to no-operation (NOP) logger implementation
SLF4J: See https://www.slf4j.org/codes.html#noProviders for further details.
executing task
{:type :call, :fn square, :args [5], :registry {square (clojure.core/fn [x] (* x x))}}
submitting task
executing task
{:type :call, :fn square, :args [8], :registry {square (clojure.core/fn [x] (* x x))}}
submitting task
executing task
{:type :call, :fn square, :args [9], :registry {square (clojure.core/fn [x] (* x x))}}
submitting task
executing task
{:type :call, :fn square, :args [11], :registry {square (clojure.core/fn [x] (* x x))}}
submitting task
executing task
{:type :call, :fn square, :args [13], :registry {square (clojure.core/fn [x] (* x x))}}
submitting task
executing task
{:type :call, :fn square, :args [15], :registry {square (clojure.core/fn [x] (* x x))}}
submitting task
executing task
{:type :call, :fn square, :args [21], :registry {square (clojure.core/fn [x] (* x x))}}
submitting task
executing task
{:type :call, :fn square, :args [24], :registry {square (clojure.core/fn [x] (* x x))}}
submitting task
executing task
{:type :call, :fn square, :args [29], :registry {square (clojure.core/fn [x] (* x x))}}
submitting task
executing task
{:type :call, :fn square, :args [36], :registry {square (clojure.core/fn [x] (* x x))}}
submitting task
executing task
{:type :call, :fn square, :args [44], :registry {square (clojure.core/fn [x] (* x x))}}
submitting task
executing task
{:type :call, :fn square, :args [65], :registry {square (clojure.core/fn [x] (* x x))}}
submitting task
executing task
{:type :call, :fn square, :args [80], :registry {square (clojure.core/fn [x] (* x x))}}
submitting task
executing task
{:type :call, :fn square, :args [90], :registry {square (clojure.core/fn [x] (* x x))}}
submitting task
executing task
{:type :call, :fn square, :args [3], :registry {square (clojure.core/fn [x] (* x x))}}
submitting task
executing task
{:type :call, :fn square, :args [7], :registry {square (clojure.core/fn [x] (* x x))}}
submitting task
executing task
{:type :call, :fn square, :args [19], :registry {square (clojure.core/fn [x] (* x x))}}
submitting task
executing task
{:type :call, :fn square, :args [28], :registry {square (clojure.core/fn [x] (* x x))}}
submitting task
executing task
{:type :call, :fn square, :args [66], :registry {square (clojure.core/fn [x] (* x x))}}
submitting task
executing task
{:type :call, :fn square, :args [70], :registry {square (clojure.core/fn [x] (* x x))}}
submitting task
executing task
{:type :call, :fn square, :args [144], :registry {square (clojure.core/fn [x] (* x x))}}
submitting task
executing task
{:type :call, :fn square, :args [183], :registry {square (clojure.core/fn [x] (* x x))}}
submitting task
executing task
{:type :call, :fn square, :args [203], :registry {square (clojure.core/fn [x] (* x x))}}
submitting task
executing task
{:type :call, :fn square, :args [238], :registry {square (clojure.core/fn [x] (* x x))}}
submitting task
executing task
{:type :call, :fn square, :args [242], :registry {square (clojure.core/fn [x] (* x x))}}
submitting task
executing task
{:type :call, :fn square, :args [246], :registry {square (clojure.core/fn [x] (* x x))}}
submitting task
executing task
{:type :call, :fn square, :args [250], :registry {square (clojure.core/fn [x] (* x x))}}
submitting task
executing task
{:type :call, :fn square, :args [287], :registry {square (clojure.core/fn [x] (* x x))}}
submitting task
executing task
{:type :call, :fn square, :args [322], :registry {square (clojure.core/fn [x] (* x x))}}
submitting task
executing task
{:type :call, :fn square, :args [371], :registry {square (clojure.core/fn [x] (* x x))}}
submitting task
executing task
{:type :call, :fn square, :args [389], :registry {square (clojure.core/fn [x] (* x x))}}
submitting task
executing task
{:type :call, :fn square, :args [457], :registry {square (clojure.core/fn [x] (* x x))}}
submitting task
executing task
{:type :call, :fn square, :args [505], :registry {square (clojure.core/fn [x] (* x x))}}
submitting task
executing task
{:type :call, :fn square, :args [566], :registry {square (clojure.core/fn [x] (* x x))}}
submitting task
executing task
{:type :call, :fn square, :args [597], :registry {square (clojure.core/fn [x] (* x x))}}
submitting task
executing task
{:type :call, :fn square, :args [699], :registry {square (clojure.core/fn [x] (* x x))}}
submitting task
executing task
{:type :call, :fn square, :args [744], :registry {square (clojure.core/fn [x] (* x x))}}
submitting task
executing task
{:type :call, :fn square, :args [782], :registry {square (clojure.core/fn [x] (* x x))}}
submitting task
executing task
{:type :call, :fn square, :args [792], :registry {square (clojure.core/fn [x] (* x x))}}
submitting task
executing task
{:type :call, :fn square, :args [805], :registry {square (clojure.core/fn [x] (* x x))}}
submitting task
executing task
{:type :call, :fn square, :args [842], :registry {square (clojure.core/fn [x] (* x x))}}
submitting task
executing task
{:type :call, :fn square, :args [950], :registry {square (clojure.core/fn [x] (* x x))}}
submitting task
executing task
{:type :call, :fn square, :args [15], :registry {square (clojure.core/fn [x] (* x x))}}
submitting task
executing task
{:type :call, :fn square, :args [51], :registry {square (clojure.core/fn [x] (* x x))}}
submitting task
executing task
{:type :call, :fn square, :args [79], :registry {square (clojure.core/fn [x] (* x x))}}
submitting task
executing task
{:type :call, :fn square, :args [111], :registry {square (clojure.core/fn [x] (* x x))}}
submitting task
executing task
{:type :call, :fn square, :args [146], :registry {square (clojure.core/fn [x] (* x x))}}
submitting task
executing task
{:type :call, :fn square, :args [176], :registry {square (clojure.core/fn [x] (* x x))}}
submitting task
executing task
{:type :call, :fn square, :args [210], :registry {square (clojure.core/fn [x] (* x x))}}
submitting task
executing task
{:type :call, :fn square, :args [242], :registry {square (clojure.core/fn [x] (* x x))}}
submitting task
executing task
{:type :call, :fn square, :args [269], :registry {square (clojure.core/fn [x] (* x x))}}
submitting task
executing task
{:type :call, :fn square, :args [295], :registry {square (clojure.core/fn [x] (* x x))}}
submitting task
executing task
{:type :call, :fn square, :args [324], :registry {square (clojure.core/fn [x] (* x x))}}
submitting task
executing task
{:type :call, :fn square, :args [355], :registry {square (clojure.core/fn [x] (* x x))}}
submitting task
executing task
{:type :call, :fn square, :args [386], :registry {square (clojure.core/fn [x] (* x x))}}
submitting task
executing task
{:type :call, :fn square, :args [414], :registry {square (clojure.core/fn [x] (* x x))}}
submitting task
executing task
{:type :call, :fn square, :args [446], :registry {square (clojure.core/fn [x] (* x x))}}
submitting task
executing task
{:type :call, :fn square, :args [477], :registry {square (clojure.core/fn [x] (* x x))}}
submitting task
executing task
{:type :call, :fn square, :args [514], :registry {square (clojure.core/fn [x] (* x x))}}
submitting task
executing task
{:type :call, :fn square, :args [544], :registry {square (clojure.core/fn [x] (* x x))}}
submitting task
executing task
{:type :call, :fn square, :args [573], :registry {square (clojure.core/fn [x] (* x x))}}
submitting task
???. 01, 2026 9:15:05 AM org.apache.http.impl.execchain.RetryExec execute
INFO: I/O exception (java.net.SocketException) caught when processing request to {}->http://127.0.0.1:8080: Connection reset
???. 01, 2026 9:15:05 AM org.apache.http.impl.execchain.RetryExec execute
INFO: Retrying request to {}->http://127.0.0.1:8080
executing task
{:args (2004 2005 2006 2007 2008 2009 2010 2011 2012 2013 2014 2015 2016 2017 2018 2019 2020 2021 2022 2023 2024 2025 2026 2027 2028 2029 2030 2031 2032 2033 2034 2035 2036 2037 2038 2039 2040 2041 2042 2043 2044 2045 2046 2047 2048 2049 2050 2051 2052 2053 2054 2055 2056 2057 2058 2059 2060 2061 2062 2063 2064 2065 2066 2067 2068 2069 2070 2071 2072 2073 2074 2075 2076 2077 2078 2079 2080 2081 2082 2083 2084 2085 2086 2087 2088 2089 2090 2091 2092 2093 2094 2095 2096 2097 2098 2099 2100 2101 2102 2103 2104 2105 2106 2107 2108 2109 2110 2111 2112 2113 2114 2115 2116 2117 2118 2119 2120 2121 2122 2123 2124 2125 2126 2127 2128 2129 2130 2131 2132 2133 2134 2135 2136 2137 2138 2139 2140 2141 2142 2143 2144 2145 2146 2147 2148 2149 2150 2151 2152 2153 2154 2155 2156 2157 2158 2159 2160 2161 2162 2163 2164 2165 2166 2167 2168 2169 2170 2171 2172 2173 2174 2175 2176 2177 2178 2179 2180 2181 2182 2183 2184 2185 2186 2187 2188 2189 2190 2191 2192 2193 2194 2195 2196 2197 2198 2199 2200 2201 2202 2203 2204 2205 2206 2207 2208 2209 2210 2211 2212 2213 2214 2215 2216 2217 2218 2219 2220 2221 2222 2223 2224 2225 2226 2227 2228 2229 2230 2231 2232 2233 2234 2235 2236 2237 2238 2239 2240 2241 2242 2243 2244 2245 2246 2247 2248 2249 2250 2251 2252 2253 2254 2255 2256 2257 2258 2259 2260 2261 2262 2263 2264 2265 2266 2267 2268 2269 2270 2271 2272 2273 2274 2275 2276 2277 2278 2279 2280 2281 2282 2283 2284 2285 2286 2287 2288 2289 2290 2291 2292 2293 2294 2295 2296 2297 2298 2299 2300 2301 2302 2303 2304 2305 2306 2307 2308 2309 2310 2311 2312 2313 2314 2315 2316 2317 2318 2319 2320 2321 2322 2323 2324 2325 2326 2327 2328 2329 2330 2331 2332 2333 2334 2335 2336 2337), :fn square, :registry {square (clojure.core/fn [x] (* x x))}, :type :map}
submitting task
executing task
{:args (5344 5345 5346 5347 5348 5349 5350 5351 5352 5353 5354 5355 5356 5357 5358 5359 5360 5361 5362 5363 5364 5365 5366 5367 5368 5369 5370 5371 5372 5373 5374 5375 5376 5377 5378 5379 5380 5381 5382 5383 5384 5385 5386 5387 5388 5389 5390 5391 5392 5393 5394 5395 5396 5397 5398 5399 5400 5401 5402 5403 5404 5405 5406 5407 5408 5409 5410 5411 5412 5413 5414 5415 5416 5417 5418 5419 5420 5421 5422 5423 5424 5425 5426 5427 5428 5429 5430 5431 5432 5433 5434 5435 5436 5437 5438 5439 5440 5441 5442 5443 5444 5445 5446 5447 5448 5449 5450 5451 5452 5453 5454 5455 5456 5457 5458 5459 5460 5461 5462 5463 5464 5465 5466 5467 5468 5469 5470 5471 5472 5473 5474 5475 5476 5477 5478 5479 5480 5481 5482 5483 5484 5485 5486 5487 5488 5489 5490 5491 5492 5493 5494 5495 5496 5497 5498 5499 5500 5501 5502 5503 5504 5505 5506 5507 5508 5509 5510 5511 5512 5513 5514 5515 5516 5517 5518 5519 5520 5521 5522 5523 5524 5525 5526 5527 5528 5529 5530 5531 5532 5533 5534 5535 5536 5537 5538 5539 5540 5541 5542 5543 5544 5545 5546 5547 5548 5549 5550 5551 5552 5553 5554 5555 5556 5557 5558 5559 5560 5561 5562 5563 5564 5565 5566 5567 5568 5569 5570 5571 5572 5573 5574 5575 5576 5577 5578 5579 5580 5581 5582 5583 5584 5585 5586 5587 5588 5589 5590 5591 5592 5593 5594 5595 5596 5597 5598 5599 5600 5601 5602 5603 5604 5605 5606 5607 5608 5609 5610 5611 5612 5613 5614 5615 5616 5617 5618 5619 5620 5621 5622 5623 5624 5625 5626 5627 5628 5629 5630 5631 5632 5633 5634 5635 5636 5637 5638 5639 5640 5641 5642 5643 5644 5645 5646 5647 5648 5649 5650 5651 5652 5653 5654 5655 5656 5657 5658 5659 5660 5661 5662 5663 5664 5665 5666 5667 5668 5669 5670 5671 5672 5673 5674 5675 5676 5677), :fn square, :registry {square (clojure.core/fn [x] (* x x))}, :type :map}
submitting task
executing task
{:args (35), :fn square, :registry {square (clojure.core/fn [x] (* x x))}, :type :call}
submitting task
executing task
{:args (50), :fn square, :registry {square (clojure.core/fn [x] (* x x))}, :type :call}
submitting task
executing task
{:args (111), :fn square, :registry {square (clojure.core/fn [x] (* x x))}, :type :call}
submitting task
executing task
{:args (116), :fn square, :registry {square (clojure.core/fn [x] (* x x))}, :type :call}
submitting task
executing task
{:args (146), :fn square, :registry {square (clojure.core/fn [x] (* x x))}, :type :call}
submitting task
executing task
{:args (172), :fn square, :registry {square (clojure.core/fn [x] (* x x))}, :type :call}
submitting task
executing task
{:args (217), :fn square, :registry {square (clojure.core/fn [x] (* x x))}, :type :call}
submitting task
executing task
{:args (347), :fn square, :registry {square (clojure.core/fn [x] (* x x))}, :type :call}
submitting task
executing task
{:args (424), :fn square, :registry {square (clojure.core/fn [x] (* x x))}, :type :call}
submitting task
executing task
{:args (453), :fn square, :registry {square (clojure.core/fn [x] (* x x))}, :type :call}
submitting task
executing task
{:args (502), :fn square, :registry {square (clojure.core/fn [x] (* x x))}, :type :call}
submitting task
executing task
{:args (623), :fn square, :registry {square (clojure.core/fn [x] (* x x))}, :type :call}
submitting task
executing task
{:args (629), :fn square, :registry {square (clojure.core/fn [x] (* x x))}, :type :call}
submitting task
executing task
{:args (637), :fn square, :registry {square (clojure.core/fn [x] (* x x))}, :type :call}
submitting task
executing task
{:args (732), :fn square, :registry {square (clojure.core/fn [x] (* x x))}, :type :call}
submitting task
executing task
{:args (801), :fn square, :registry {square (clojure.core/fn [x] (* x x))}, :type :call}
submitting task
executing task
{:args (862), :fn square, :registry {square (clojure.core/fn [x] (* x x))}, :type :call}
submitting task
executing task
{:args (886), :fn square, :registry {square (clojure.core/fn [x] (* x x))}, :type :call}
submitting task
executing task
{:args (899), :fn square, :registry {square (clojure.core/fn [x] (* x x))}, :type :call}
submitting task
executing task
{:args (912), :fn square, :registry {square (clojure.core/fn [x] (* x x))}, :type :call}
submitting task
executing task
{:args (935), :fn square, :registry {square (clojure.core/fn [x] (* x x))}, :type :call}
submitting task
executing task
{:args (945), :fn square, :registry {square (clojure.core/fn [x] (* x x))}, :type :call}
submitting task
executing task
{:args (959), :fn square, :registry {square (clojure.core/fn [x] (* x x))}, :type :call}
submitting task
executing task
{:args (999), :fn square, :registry {square (clojure.core/fn [x] (* x x))}, :type :call}
submitting task
executing task
{:args (1034), :fn square, :registry {square (clojure.core/fn [x] (* x x))}, :type :call}
submitting task
executing task
{:args (1038), :fn square, :registry {square (clojure.core/fn [x] (* x x))}, :type :call}
submitting task
executing task
{:args (1074), :fn square, :registry {square (clojure.core/fn [x] (* x x))}, :type :call}
submitting task
executing task
{:args (1086), :fn square, :registry {square (clojure.core/fn [x] (* x x))}, :type :call}
submitting task
executing task
{:args (1116), :fn square, :registry {square (clojure.core/fn [x] (* x x))}, :type :call}
submitting task
executing task
{:args (1152), :fn square, :registry {square (clojure.core/fn [x] (* x x))}, :type :call}
submitting task
executing task
{:args (1255), :fn square, :registry {square (clojure.core/fn [x] (* x x))}, :type :call}
submitting task
executing task
{:args (1293), :fn square, :registry {square (clojure.core/fn [x] (* x x))}, :type :call}
submitting task
???. 01, 2026 9:16:32 AM org.apache.http.impl.execchain.RetryExec execute
INFO: I/O exception (java.net.SocketException) caught when processing request to {}->http://127.0.0.1:8080: Connection reset
???. 01, 2026 9:16:32 AM org.apache.http.impl.execchain.RetryExec execute
INFO: Retrying request to {}->http://127.0.0.1:8080
executing task
{:args (72 73 74 75), :fn square, :registry {square (clojure.core/fn [x] (* x x))}, :type :map}
submitting task
executing task
{:args (40008 40009 40010 40011 40012 40013 40014 40015 40016 40017 40018 40019 40020 40021 40022 40023 40024 40025 40026 40027 40028 40029 40030 40031 40032 40033 40034 40035 40036 40037 40038 40039 40040 40041 40042 40043 40044 40045 40046 40047 40048 40049 40050 40051 40052 40053 40054 40055 40056 40057 40058 40059 40060 40061 40062 40063 40064 40065 40066 40067 40068 40069 40070 40071 40072 40073 40074 40075 40076 40077 40078 40079 40080 40081 40082 40083 40084 40085 40086 40087 40088 40089 40090 40091 40092 40093 40094 40095 40096 40097 40098 40099 40100 40101 40102 40103 40104 40105 40106 40107 40108 40109 40110 40111 40112 40113 40114 40115 40116 40117 40118 40119 40120 40121 40122 40123 40124 40125 40126 40127 40128 40129 40130 40131 40132 40133 40134 40135 40136 40137 40138 40139 40140 40141 40142 40143 40144 40145 40146 40147 40148 40149 40150 40151 40152 40153 40154 40155 40156 40157 40158 40159 40160 40161 40162 40163 40164 40165 40166 40167 40168 40169 40170 40171 40172 40173 40174 40175 40176 40177 40178 40179 40180 40181 40182 40183 40184 40185 40186 40187 40188 40189 40190 40191 40192 40193 40194 40195 40196 40197 40198 40199 40200 40201 40202 40203 40204 40205 40206 40207 40208 40209 40210 40211 40212 40213 40214 40215 40216 40217 40218 40219 40220 40221 40222 40223 40224 40225 40226 40227 40228 40229 40230 40231 40232 40233 40234 40235 40236 40237 40238 40239 40240 40241 40242 40243 40244 40245 40246 40247 40248 40249 40250 40251 40252 40253 40254 40255 40256 40257 40258 40259 40260 40261 40262 40263 40264 40265 40266 40267 40268 40269 40270 40271 40272 40273 40274 40275 40276 40277 40278 40279 40280 40281 40282 40283 40284 40285 40286 40287 40288 40289 40290 40291 40292 40293 40294 40295 40296 40297 40298 40299 40300 40301 40302 40303 40304 40305 40306 40307 40308 40309 40310 40311 40312 40313 40314 40315 40316 40317 40318 40319 40320 40321 40322 40323 40324 40325 40326 40327 40328 40329 40330 40331 40332 40333 40334 40335 40336 40337 40338 40339 40340 40341 40342 40343 40344 40345 40346 40347 40348 40349 40350 40351 40352 40353 40354 40355 40356 40357 40358 40359 40360 40361 40362 40363 40364 40365 40366 40367 40368 40369 40370 40371 40372 40373 40374 40375 40376 40377 40378 40379 40380 40381 40382 40383 40384 40385 40386 40387 40388 40389 40390 40391 40392 40393 40394 40395 40396 40397 40398 40399 40400 40401 40402 40403 40404 40405 40406 40407 40408 40409 40410 40411 40412 40413 40414 40415 40416 40417 40418 40419 40420 40421 40422 40423 40424 40425 40426 40427 40428 40429 40430 40431 40432 40433 40434 40435 40436 40437 40438 40439 40440 40441 40442 40443 40444 40445 40446 40447 40448 40449 40450 40451 40452 40453 40454 40455 40456 40457 40458 40459 40460 40461 40462 40463 40464 40465 40466 40467 40468 40469 40470 40471 40472 40473 40474 40475 40476 40477 40478 40479 40480 40481 40482 40483 40484 40485 40486 40487 40488 40489 40490 40491 40492 40493 40494 40495 40496 40497 40498 40499 40500 40501 40502 40503 40504 40505 40506 40507 40508 40509 40510 40511 40512 40513 40514 40515 40516 40517 40518 40519 40520 40521 40522 40523 40524 40525 40526 40527 40528 40529 40530 40531 40532 40533 40534 40535 40536 40537 40538 40539 40540 40541 40542 40543 40544 40545 40546 40547 40548 40549 40550 40551 40552 40553 40554 40555 40556 40557 40558 40559 40560 40561 40562 40563 40564 40565 40566 40567 40568 40569 40570 40571 40572 40573 40574 40575 40576 40577 40578 40579 40580 40581 40582 40583 40584 40585 40586 40587 40588 40589 40590 40591 40592 40593 40594 40595 40596 40597 40598 40599 40600 40601 40602 40603 40604 40605 40606 40607 40608 40609 40610 40611 40612 40613 40614 40615 40616 40617 40618 40619 40620 40621 40622 40623 40624 40625 40626 40627 40628 40629 40630 40631 40632 40633 40634 40635 40636 40637 40638 40639 40640 40641 40642 40643 40644 40645 40646 40647 40648 40649 40650 40651 40652 40653 40654 40655 40656 40657 40658 40659 40660 40661 40662 40663 40664 40665 40666 40667 40668 40669 40670 40671 40672 40673 40674 40675 40676 40677 40678 40679 40680 40681 40682 40683 40684 40685 40686 40687 40688 40689 40690 40691 40692 40693 40694 40695 40696 40697 40698 40699 40700 40701 40702 40703 40704 40705 40706 40707 40708 40709 40710 40711 40712 40713 40714 40715 40716 40717 40718 40719 40720 40721 40722 40723 40724 40725 40726 40727 40728 40729 40730 40731 40732 40733 40734 40735 40736 40737 40738 40739 40740 40741 40742 40743 40744 40745 40746 40747 40748 40749 40750 40751 40752 40753 40754 40755 40756 40757 40758 40759 40760 40761 40762 40763 40764 40765 40766 40767 40768 40769 40770 40771 40772 40773 40774 40775 40776 40777 40778 40779 40780 40781 40782 40783 40784 40785 40786 40787 40788 40789 40790 40791 40792 40793 40794 40795 40796 40797 40798 40799 40800 40801 40802 40803 40804 40805 40806 40807 40808 40809 40810 40811 40812 40813 40814 40815 40816 40817 40818 40819 40820 40821 40822 40823 40824 40825 40826 40827 40828 40829 40830 40831 40832 40833 40834 40835 40836 40837 40838 40839 40840 40841 40842 40843 40844 40845 40846 40847 40848 40849 40850 40851 40852 40853 40854 40855 40856 40857 40858 40859 40860 40861 40862 40863 40864 40865 40866 40867 40868 40869 40870 40871 40872 40873 40874 40875 40876 40877 40878 40879 40880 40881 40882 40883 40884 40885 40886 40887 40888 40889 40890 40891 40892 40893 40894 40895 40896 40897 40898 40899 40900 40901 40902 40903 40904 40905 40906 40907 40908 40909 40910 40911 40912 40913 40914 40915 40916 40917 40918 40919 40920 40921 40922 40923 40924 40925 40926 40927 40928 40929 40930 40931 40932 40933 40934 40935 40936 40937 40938 40939 40940 40941 40942 40943 40944 40945 40946 40947 40948 40949 40950 40951 40952 40953 40954 40955 40956 40957 40958 40959 40960 40961 40962 40963 40964 40965 40966 40967 40968 40969 40970 40971 40972 40973 40974 40975 40976 40977 40978 40979 40980 40981 40982 40983 40984 40985 40986 40987 40988 40989 40990 40991 40992 40993 40994 40995 40996 40997 40998 40999 41000 41001 41002 41003 41004 41005 41006 41007 41008 41009 41010 41011 41012 41013 41014 41015 41016 41017 41018 41019 41020 41021 41022 41023 41024 41025 41026 41027 41028 41029 41030 41031 41032 41033 41034 41035 41036 41037 41038 41039 41040 41041 41042 41043 41044 41045 41046 41047 41048 41049 41050 41051 41052 41053 41054 41055 41056 41057 41058 41059 41060 41061 41062 41063 41064 41065 41066 41067 41068 41069 41070 41071 41072 41073 41074 41075 41076 41077 41078 41079 41080 41081 41082 41083 41084 41085 41086 41087 41088 41089 41090 41091 41092 41093 41094 41095 41096 41097 41098 41099 41100 41101 41102 41103 41104 41105 41106 41107 41108 41109 41110 41111 41112 41113 41114 41115 41116 41117 41118 41119 41120 41121 41122 41123 41124 41125 41126 41127 41128 41129 41130 41131 41132 41133 41134 41135 41136 41137 41138 41139 41140 41141 41142 41143 41144 41145 41146 41147 41148 41149 41150 41151 41152 41153 41154 41155 41156 41157 41158 41159 41160 41161 41162 41163 41164 41165 41166 41167 41168 41169 41170 41171 41172 41173 41174 41175 41176 41177 41178 41179 41180 41181 41182 41183 41184 41185 41186 41187 41188 41189 41190 41191 41192 41193 41194 41195 41196 41197 41198 41199 41200 41201 41202 41203 41204 41205 41206 41207 41208 41209 41210 41211 41212 41213 41214 41215 41216 41217 41218 41219 41220 41221 41222 41223 41224 41225 41226 41227 41228 41229 41230 41231 41232 41233 41234 41235 41236 41237 41238 41239 41240 41241 41242 41243 41244 41245 41246 41247 41248 41249 41250 41251 41252 41253 41254 41255 41256 41257 41258 41259 41260 41261 41262 41263 41264 41265 41266 41267 41268 41269 41270 41271 41272 41273 41274 41275 41276 41277 41278 41279 41280 41281 41282 41283 41284 41285 41286 41287 41288 41289 41290 41291 41292 41293 41294 41295 41296 41297 41298 41299 41300 41301 41302 41303 41304 41305 41306 41307 41308 41309 41310 41311 41312 41313 41314 41315 41316 41317 41318 41319 41320 41321 41322 41323 41324 41325 41326 41327 41328 41329 41330 41331 41332 41333 41334 41335 41336 41337 41338 41339 41340 41341 41342 41343 41344 41345 41346 41347 41348 41349 41350 41351 41352 41353 41354 41355 41356 41357 41358 41359 41360 41361 41362 41363 41364 41365 41366 41367 41368 41369 41370 41371 41372 41373 41374 41375 41376 41377 41378 41379 41380 41381 41382 41383 41384 41385 41386 41387 41388 41389 41390 41391 41392 41393 41394 41395 41396 41397 41398 41399 41400 41401 41402 41403 41404 41405 41406 41407 41408 41409 41410 41411 41412 41413 41414 41415 41416 41417 41418 41419 41420 41421 41422 41423 41424 41425 41426 41427 41428 41429 41430 41431 41432 41433 41434 41435 41436 41437 41438 41439 41440 41441 41442 41443 41444 41445 41446 41447 41448 41449 41450 41451 41452 41453 41454 41455 41456 41457 41458 41459 41460 41461 41462 41463 41464 41465 41466 41467 41468 41469 41470 41471 41472 41473 41474 41475 41476 41477 41478 41479 41480 41481 41482 41483 41484 41485 41486 41487 41488 41489 41490 41491 41492 41493 41494 41495 41496 41497 41498 41499 41500 41501 41502 41503 41504 41505 41506 41507 41508 41509 41510 41511 41512 41513 41514 41515 41516 41517 41518 41519 41520 41521 41522 41523 41524 41525 41526 41527 41528 41529 41530 41531 41532 41533 41534 41535 41536 41537 41538 41539 41540 41541 41542 41543 41544 41545 41546 41547 41548 41549 41550 41551 41552 41553 41554 41555 41556 41557 41558 41559 41560 41561 41562 41563 41564 41565 41566 41567 41568 41569 41570 41571 41572 41573 41574 41575 41576 41577 41578 41579 41580 41581 41582 41583 41584 41585 41586 41587 41588 41589 41590 41591 41592 41593 41594 41595 41596 41597 41598 41599 41600 41601 41602 41603 41604 41605 41606 41607 41608 41609 41610 41611 41612 41613 41614 41615 41616 41617 41618 41619 41620 41621 41622 41623 41624 41625 41626 41627 41628 41629 41630 41631 41632 41633 41634 41635 41636 41637 41638 41639 41640 41641 41642 41643 41644 41645 41646 41647 41648 41649 41650 41651 41652 41653 41654 41655 41656 41657 41658 41659 41660 41661 41662 41663 41664 41665 41666 41667 41668 41669 41670 41671 41672 41673 41674 41675 41676 41677 41678 41679 41680 41681 41682 41683 41684 41685 41686 41687 41688 41689 41690 41691 41692 41693 41694 41695 41696 41697 41698 41699 41700 41701 41702 41703 41704 41705 41706 41707 41708 41709 41710 41711 41712 41713 41714 41715 41716 41717 41718 41719 41720 41721 41722 41723 41724 41725 41726 41727 41728 41729 41730 41731 41732 41733 41734 41735 41736 41737 41738 41739 41740 41741 41742 41743 41744 41745 41746 41747 41748 41749 41750 41751 41752 41753 41754 41755 41756 41757 41758 41759 41760 41761 41762 41763 41764 41765 41766 41767 41768 41769 41770 41771 41772 41773 41774 41775 41776 41777 41778 41779 41780 41781 41782 41783 41784 41785 41786 41787 41788 41789 41790 41791 41792 41793 41794 41795 41796 41797 41798 41799 41800 41801 41802 41803 41804 41805 41806 41807 41808 41809 41810 41811 41812 41813 41814 41815 41816 41817 41818 41819 41820 41821 41822 41823 41824 41825 41826 41827 41828 41829 41830 41831 41832 41833 41834 41835 41836 41837 41838 41839 41840 41841 41842 41843 41844 41845 41846 41847 41848 41849 41850 41851 41852 41853 41854 41855 41856 41857 41858 41859 41860 41861 41862 41863 41864 41865 41866 41867 41868 41869 41870 41871 41872 41873 41874 41875 41876 41877 41878 41879 41880 41881 41882 41883 41884 41885 41886 41887 41888 41889 41890 41891 41892 41893 41894 41895 41896 41897 41898 41899 41900 41901 41902 41903 41904 41905 41906 41907 41908 41909 41910 41911 41912 41913 41914 41915 41916 41917 41918 41919 41920 41921 41922 41923 41924 41925 41926 41927 41928 41929 41930 41931 41932 41933 41934 41935 41936 41937 41938 41939 41940 41941 41942 41943 41944 41945 41946 41947 41948 41949 41950 41951 41952 41953 41954 41955 41956 41957 41958 41959 41960 41961 41962 41963 41964 41965 41966 41967 41968 41969 41970 41971 41972 41973 41974 41975 41976 41977 41978 41979 41980 41981 41982 41983 41984 41985 41986 41987 41988 41989 41990 41991 41992 41993 41994 41995 41996 41997 41998 41999 42000 42001 42002 42003 42004 42005 42006 42007 42008 42009 42010 42011 42012 42013 42014 42015 42016 42017 42018 42019 42020 42021 42022 42023 42024 42025 42026 42027 42028 42029 42030 42031 42032 42033 42034 42035 42036 42037 42038 42039 42040 42041 42042 42043 42044 42045 42046 42047 42048 42049 42050 42051 42052 42053 42054 42055 42056 42057 42058 42059 42060 42061 42062 42063 42064 42065 42066 42067 42068 42069 42070 42071 42072 42073 42074 42075 42076 42077 42078 42079 42080 42081 42082 42083 42084 42085 42086 42087 42088 42089 42090 42091 42092 42093 42094 42095 42096 42097 42098 42099 42100 42101 42102 42103 42104 42105 42106 42107 42108 42109 42110 42111 42112 42113 42114 42115 42116 42117 42118 42119 42120 42121 42122 42123 42124 42125 42126 42127 42128 42129 42130 42131 42132 42133 42134 42135 42136 42137 42138 42139 42140 42141 42142 42143 42144 42145 42146 42147 42148 42149 42150 42151 42152 42153 42154 42155 42156 42157 42158 42159 42160 42161 42162 42163 42164 42165 42166 42167 42168 42169 42170 42171 42172 42173 42174 42175 42176 42177 42178 42179 42180 42181 42182 42183 42184 42185 42186 42187 42188 42189 42190 42191 42192 42193 42194 42195 42196 42197 42198 42199 42200 42201 42202 42203 42204 42205 42206 42207 42208 42209 42210 42211 42212 42213 42214 42215 42216 42217 42218 42219 42220 42221 42222 42223 42224 42225 42226 42227 42228 42229 42230 42231 42232 42233 42234 42235 42236 42237 42238 42239 42240 42241 42242 42243 42244 42245 42246 42247 42248 42249 42250 42251 42252 42253 42254 42255 42256 42257 42258 42259 42260 42261 42262 42263 42264 42265 42266 42267 42268 42269 42270 42271 42272 42273 42274 42275 42276 42277 42278 42279 42280 42281 42282 42283 42284 42285 42286 42287 42288 42289 42290 42291 42292 42293 42294 42295 42296 42297 42298 42299 42300 42301 42302 42303 42304 42305 42306 42307 42308 42309 42310 42311 42312 42313 42314 42315 42316 42317 42318 42319 42320 42321 42322 42323 42324 42325 42326 42327 42328 42329 42330 42331 42332 42333 42334 42335 42336 42337 42338 42339 42340 42341 42342 42343 42344 42345 42346 42347 42348 42349 42350 42351 42352 42353 42354 42355 42356 42357 42358 42359 42360 42361 42362 42363 42364 42365 42366 42367 42368 42369 42370 42371 42372 42373 42374 42375 42376 42377 42378 42379 42380 42381 42382 42383 42384 42385 42386 42387 42388 42389 42390 42391 42392 42393 42394 42395 42396 42397 42398 42399 42400 42401 42402 42403 42404 42405 42406 42407 42408 42409 42410 42411 42412 42413 42414 42415 42416 42417 42418 42419 42420 42421 42422 42423 42424 42425 42426 42427 42428 42429 42430 42431 42432 42433 42434 42435 42436 42437 42438 42439 42440 42441 42442 42443 42444 42445 42446 42447 42448 42449 42450 42451 42452 42453 42454 42455 42456 42457 42458 42459 42460 42461 42462 42463 42464 42465 42466 42467 42468 42469 42470 42471 42472 42473 42474 42475 42476 42477 42478 42479 42480 42481 42482 42483 42484 42485 42486 42487 42488 42489 42490 42491 42492 42493 42494 42495 42496 42497 42498 42499 42500 42501 42502 42503 42504 42505 42506 42507 42508 42509 42510 42511 42512 42513 42514 42515 42516 42517 42518 42519 42520 42521 42522 42523 42524 42525 42526 42527 42528 42529 42530 42531 42532 42533 42534 42535 42536 42537 42538 42539 42540 42541 42542 42543 42544 42545 42546 42547 42548 42549 42550 42551 42552 42553 42554 42555 42556 42557 42558 42559 42560 42561 42562 42563 42564 42565 42566 42567 42568 42569 42570 42571 42572 42573 42574 42575 42576 42577 42578 42579 42580 42581 42582 42583 42584 42585 42586 42587 42588 42589 42590 42591 42592 42593 42594 42595 42596 42597 42598 42599 42600 42601 42602 42603 42604 42605 42606 42607 42608 42609 42610 42611 42612 42613 42614 42615 42616 42617 42618 42619 42620 42621 42622 42623 42624 42625 42626 42627 42628 42629 42630 42631 42632 42633 42634 42635 42636 42637 42638 42639 42640 42641 42642 42643 42644 42645 42646 42647 42648 42649 42650 42651 42652 42653 42654 42655 42656 42657 42658 42659 42660 42661 42662 42663 42664 42665 42666 42667 42668 42669 42670 42671 42672 42673 42674 42675 42676 42677 42678 42679 42680 42681 42682 42683 42684 42685 42686 42687 42688 42689 42690 42691 42692 42693 42694 42695 42696 42697 42698 42699 42700 42701 42702 42703 42704 42705 42706 42707 42708 42709 42710 42711 42712 42713 42714 42715 42716 42717 42718 42719 42720 42721 42722 42723 42724 42725 42726 42727 42728 42729 42730 42731 42732 42733 42734 42735 42736 42737 42738 42739 42740 42741 42742 42743 42744 42745 42746 42747 42748 42749 42750 42751 42752 42753 42754 42755 42756 42757 42758 42759 42760 42761 42762 42763 42764 42765 42766 42767 42768 42769 42770 42771 42772 42773 42774 42775 42776 42777 42778 42779 42780 42781 42782 42783 42784 42785 42786 42787 42788 42789 42790 42791 42792 42793 42794 42795 42796 42797 42798 42799 42800 42801 42802 42803 42804 42805 42806 42807 42808 42809 42810 42811 42812 42813 42814 42815 42816 42817 42818 42819 42820 42821 42822 42823 42824 42825 42826 42827 42828 42829 42830 42831 42832 42833 42834 42835 42836 42837 42838 42839 42840 42841 42842 42843 42844 42845 42846 42847 42848 42849 42850 42851 42852 42853 42854 42855 42856 42857 42858 42859 42860 42861 42862 42863 42864 42865 42866 42867 42868 42869 42870 42871 42872 42873 42874 42875 42876 42877 42878 42879 42880 42881 42882 42883 42884 42885 42886 42887 42888 42889 42890 42891 42892 42893 42894 42895 42896 42897 42898 42899 42900 42901 42902 42903 42904 42905 42906 42907 42908 42909 42910 42911 42912 42913 42914 42915 42916 42917 42918 42919 42920 42921 42922 42923 42924 42925 42926 42927 42928 42929 42930 42931 42932 42933 42934 42935 42936 42937 42938 42939 42940 42941 42942 42943 42944 42945 42946 42947 42948 42949 42950 42951 42952 42953 42954 42955 42956 42957 42958 42959 42960 42961 42962 42963 42964 42965 42966 42967 42968 42969 42970 42971 42972 42973 42974 42975 42976 42977 42978 42979 42980 42981 42982 42983 42984 42985 42986 42987 42988 42989 42990 42991 42992 42993 42994 42995 42996 42997 42998 42999 43000 43001 43002 43003 43004 43005 43006 43007 43008 43009 43010 43011 43012 43013 43014 43015 43016 43017 43018 43019 43020 43021 43022 43023 43024 43025 43026 43027 43028 43029 43030 43031 43032 43033 43034 43035 43036 43037 43038 43039 43040 43041 43042 43043 43044 43045 43046 43047 43048 43049 43050 43051 43052 43053 43054 43055 43056 43057 43058 43059 43060 43061 43062 43063 43064 43065 43066 43067 43068 43069 43070 43071 43072 43073 43074 43075 43076 43077 43078 43079 43080 43081 43082 43083 43084 43085 43086 43087 43088 43089 43090 43091 43092 43093 43094 43095 43096 43097 43098 43099 43100 43101 43102 43103 43104 43105 43106 43107 43108 43109 43110 43111 43112 43113 43114 43115 43116 43117 43118 43119 43120 43121 43122 43123 43124 43125 43126 43127 43128 43129 43130 43131 43132 43133 43134 43135 43136 43137 43138 43139 43140 43141 43142 43143 43144 43145 43146 43147 43148 43149 43150 43151 43152 43153 43154 43155 43156 43157 43158 43159 43160 43161 43162 43163 43164 43165 43166 43167 43168 43169 43170 43171 43172 43173 43174 43175 43176 43177 43178 43179 43180 43181 43182 43183 43184 43185 43186 43187 43188 43189 43190 43191 43192 43193 43194 43195 43196 43197 43198 43199 43200 43201 43202 43203 43204 43205 43206 43207 43208 43209 43210 43211 43212 43213 43214 43215 43216 43217 43218 43219 43220 43221 43222 43223 43224 43225 43226 43227 43228 43229 43230 43231 43232 43233 43234 43235 43236 43237 43238 43239 43240 43241 43242 43243 43244 43245 43246 43247 43248 43249 43250 43251 43252 43253 43254 43255 43256 43257 43258 43259 43260 43261 43262 43263 43264 43265 43266 43267 43268 43269 43270 43271 43272 43273 43274 43275 43276 43277 43278 43279 43280 43281 43282 43283 43284 43285 43286 43287 43288 43289 43290 43291 43292 43293 43294 43295 43296 43297 43298 43299 43300 43301 43302 43303 43304 43305 43306 43307 43308 43309 43310 43311 43312 43313 43314 43315 43316 43317 43318 43319 43320 43321 43322 43323 43324 43325 43326 43327 43328 43329 43330 43331 43332 43333 43334 43335 43336 43337 43338 43339 43340 43341), :fn square, :registry {square (clojure.core/fn [x] (* x x))}, :type :map}
submitting task
executing task
{:args (73348 73349 73350 73351 73352 73353 73354 73355 73356 73357 73358 73359 73360 73361 73362 73363 73364 73365 73366 73367 73368 73369 73370 73371 73372 73373 73374 73375 73376 73377 73378 73379 73380 73381 73382 73383 73384 73385 73386 73387 73388 73389 73390 73391 73392 73393 73394 73395 73396 73397 73398 73399 73400 73401 73402 73403 73404 73405 73406 73407 73408 73409 73410 73411 73412 73413 73414 73415 73416 73417 73418 73419 73420 73421 73422 73423 73424 73425 73426 73427 73428 73429 73430 73431 73432 73433 73434 73435 73436 73437 73438 73439 73440 73441 73442 73443 73444 73445 73446 73447 73448 73449 73450 73451 73452 73453 73454 73455 73456 73457 73458 73459 73460 73461 73462 73463 73464 73465 73466 73467 73468 73469 73470 73471 73472 73473 73474 73475 73476 73477 73478 73479 73480 73481 73482 73483 73484 73485 73486 73487 73488 73489 73490 73491 73492 73493 73494 73495 73496 73497 73498 73499 73500 73501 73502 73503 73504 73505 73506 73507 73508 73509 73510 73511 73512 73513 73514 73515 73516 73517 73518 73519 73520 73521 73522 73523 73524 73525 73526 73527 73528 73529 73530 73531 73532 73533 73534 73535 73536 73537 73538 73539 73540 73541 73542 73543 73544 73545 73546 73547 73548 73549 73550 73551 73552 73553 73554 73555 73556 73557 73558 73559 73560 73561 73562 73563 73564 73565 73566 73567 73568 73569 73570 73571 73572 73573 73574 73575 73576 73577 73578 73579 73580 73581 73582 73583 73584 73585 73586 73587 73588 73589 73590 73591 73592 73593 73594 73595 73596 73597 73598 73599 73600 73601 73602 73603 73604 73605 73606 73607 73608 73609 73610 73611 73612 73613 73614 73615 73616 73617 73618 73619 73620 73621 73622 73623 73624 73625 73626 73627 73628 73629 73630 73631 73632 73633 73634 73635 73636 73637 73638 73639 73640 73641 73642 73643 73644 73645 73646 73647 73648 73649 73650 73651 73652 73653 73654 73655 73656 73657 73658 73659 73660 73661 73662 73663 73664 73665 73666 73667 73668 73669 73670 73671 73672 73673 73674 73675 73676 73677 73678 73679 73680 73681 73682 73683 73684 73685 73686 73687 73688 73689 73690 73691 73692 73693 73694 73695 73696 73697 73698 73699 73700 73701 73702 73703 73704 73705 73706 73707 73708 73709 73710 73711 73712 73713 73714 73715 73716 73717 73718 73719 73720 73721 73722 73723 73724 73725 73726 73727 73728 73729 73730 73731 73732 73733 73734 73735 73736 73737 73738 73739 73740 73741 73742 73743 73744 73745 73746 73747 73748 73749 73750 73751 73752 73753 73754 73755 73756 73757 73758 73759 73760 73761 73762 73763 73764 73765 73766 73767 73768 73769 73770 73771 73772 73773 73774 73775 73776 73777 73778 73779 73780 73781 73782 73783 73784 73785 73786 73787 73788 73789 73790 73791 73792 73793 73794 73795 73796 73797 73798 73799 73800 73801 73802 73803 73804 73805 73806 73807 73808 73809 73810 73811 73812 73813 73814 73815 73816 73817 73818 73819 73820 73821 73822 73823 73824 73825 73826 73827 73828 73829 73830 73831 73832 73833 73834 73835 73836 73837 73838 73839 73840 73841 73842 73843 73844 73845 73846 73847 73848 73849 73850 73851 73852 73853 73854 73855 73856 73857 73858 73859 73860 73861 73862 73863 73864 73865 73866 73867 73868 73869 73870 73871 73872 73873 73874 73875 73876 73877 73878 73879 73880 73881 73882 73883 73884 73885 73886 73887 73888 73889 73890 73891 73892 73893 73894 73895 73896 73897 73898 73899 73900 73901 73902 73903 73904 73905 73906 73907 73908 73909 73910 73911 73912 73913 73914 73915 73916 73917 73918 73919 73920 73921 73922 73923 73924 73925 73926 73927 73928 73929 73930 73931 73932 73933 73934 73935 73936 73937 73938 73939 73940 73941 73942 73943 73944 73945 73946 73947 73948 73949 73950 73951 73952 73953 73954 73955 73956 73957 73958 73959 73960 73961 73962 73963 73964 73965 73966 73967 73968 73969 73970 73971 73972 73973 73974 73975 73976 73977 73978 73979 73980 73981 73982 73983 73984 73985 73986 73987 73988 73989 73990 73991 73992 73993 73994 73995 73996 73997 73998 73999 74000 74001 74002 74003 74004 74005 74006 74007 74008 74009 74010 74011 74012 74013 74014 74015 74016 74017 74018 74019 74020 74021 74022 74023 74024 74025 74026 74027 74028 74029 74030 74031 74032 74033 74034 74035 74036 74037 74038 74039 74040 74041 74042 74043 74044 74045 74046 74047 74048 74049 74050 74051 74052 74053 74054 74055 74056 74057 74058 74059 74060 74061 74062 74063 74064 74065 74066 74067 74068 74069 74070 74071 74072 74073 74074 74075 74076 74077 74078 74079 74080 74081 74082 74083 74084 74085 74086 74087 74088 74089 74090 74091 74092 74093 74094 74095 74096 74097 74098 74099 74100 74101 74102 74103 74104 74105 74106 74107 74108 74109 74110 74111 74112 74113 74114 74115 74116 74117 74118 74119 74120 74121 74122 74123 74124 74125 74126 74127 74128 74129 74130 74131 74132 74133 74134 74135 74136 74137 74138 74139 74140 74141 74142 74143 74144 74145 74146 74147 74148 74149 74150 74151 74152 74153 74154 74155 74156 74157 74158 74159 74160 74161 74162 74163 74164 74165 74166 74167 74168 74169 74170 74171 74172 74173 74174 74175 74176 74177 74178 74179 74180 74181 74182 74183 74184 74185 74186 74187 74188 74189 74190 74191 74192 74193 74194 74195 74196 74197 74198 74199 74200 74201 74202 74203 74204 74205 74206 74207 74208 74209 74210 74211 74212 74213 74214 74215 74216 74217 74218 74219 74220 74221 74222 74223 74224 74225 74226 74227 74228 74229 74230 74231 74232 74233 74234 74235 74236 74237 74238 74239 74240 74241 74242 74243 74244 74245 74246 74247 74248 74249 74250 74251 74252 74253 74254 74255 74256 74257 74258 74259 74260 74261 74262 74263 74264 74265 74266 74267 74268 74269 74270 74271 74272 74273 74274 74275 74276 74277 74278 74279 74280 74281 74282 74283 74284 74285 74286 74287 74288 74289 74290 74291 74292 74293 74294 74295 74296 74297 74298 74299 74300 74301 74302 74303 74304 74305 74306 74307 74308 74309 74310 74311 74312 74313 74314 74315 74316 74317 74318 74319 74320 74321 74322 74323 74324 74325 74326 74327 74328 74329 74330 74331 74332 74333 74334 74335 74336 74337 74338 74339 74340 74341 74342 74343 74344 74345 74346 74347 74348 74349 74350 74351 74352 74353 74354 74355 74356 74357 74358 74359 74360 74361 74362 74363 74364 74365 74366 74367 74368 74369 74370 74371 74372 74373 74374 74375 74376 74377 74378 74379 74380 74381 74382 74383 74384 74385 74386 74387 74388 74389 74390 74391 74392 74393 74394 74395 74396 74397 74398 74399 74400 74401 74402 74403 74404 74405 74406 74407 74408 74409 74410 74411 74412 74413 74414 74415 74416 74417 74418 74419 74420 74421 74422 74423 74424 74425 74426 74427 74428 74429 74430 74431 74432 74433 74434 74435 74436 74437 74438 74439 74440 74441 74442 74443 74444 74445 74446 74447 74448 74449 74450 74451 74452 74453 74454 74455 74456 74457 74458 74459 74460 74461 74462 74463 74464 74465 74466 74467 74468 74469 74470 74471 74472 74473 74474 74475 74476 74477 74478 74479 74480 74481 74482 74483 74484 74485 74486 74487 74488 74489 74490 74491 74492 74493 74494 74495 74496 74497 74498 74499 74500 74501 74502 74503 74504 74505 74506 74507 74508 74509 74510 74511 74512 74513 74514 74515 74516 74517 74518 74519 74520 74521 74522 74523 74524 74525 74526 74527 74528 74529 74530 74531 74532 74533 74534 74535 74536 74537 74538 74539 74540 74541 74542 74543 74544 74545 74546 74547 74548 74549 74550 74551 74552 74553 74554 74555 74556 74557 74558 74559 74560 74561 74562 74563 74564 74565 74566 74567 74568 74569 74570 74571 74572 74573 74574 74575 74576 74577 74578 74579 74580 74581 74582 74583 74584 74585 74586 74587 74588 74589 74590 74591 74592 74593 74594 74595 74596 74597 74598 74599 74600 74601 74602 74603 74604 74605 74606 74607 74608 74609 74610 74611 74612 74613 74614 74615 74616 74617 74618 74619 74620 74621 74622 74623 74624 74625 74626 74627 74628 74629 74630 74631 74632 74633 74634 74635 74636 74637 74638 74639 74640 74641 74642 74643 74644 74645 74646 74647 74648 74649 74650 74651 74652 74653 74654 74655 74656 74657 74658 74659 74660 74661 74662 74663 74664 74665 74666 74667 74668 74669 74670 74671 74672 74673 74674 74675 74676 74677 74678 74679 74680 74681 74682 74683 74684 74685 74686 74687 74688 74689 74690 74691 74692 74693 74694 74695 74696 74697 74698 74699 74700 74701 74702 74703 74704 74705 74706 74707 74708 74709 74710 74711 74712 74713 74714 74715 74716 74717 74718 74719 74720 74721 74722 74723 74724 74725 74726 74727 74728 74729 74730 74731 74732 74733 74734 74735 74736 74737 74738 74739 74740 74741 74742 74743 74744 74745 74746 74747 74748 74749 74750 74751 74752 74753 74754 74755 74756 74757 74758 74759 74760 74761 74762 74763 74764 74765 74766 74767 74768 74769 74770 74771 74772 74773 74774 74775 74776 74777 74778 74779 74780 74781 74782 74783 74784 74785 74786 74787 74788 74789 74790 74791 74792 74793 74794 74795 74796 74797 74798 74799 74800 74801 74802 74803 74804 74805 74806 74807 74808 74809 74810 74811 74812 74813 74814 74815 74816 74817 74818 74819 74820 74821 74822 74823 74824 74825 74826 74827 74828 74829 74830 74831 74832 74833 74834 74835 74836 74837 74838 74839 74840 74841 74842 74843 74844 74845 74846 74847 74848 74849 74850 74851 74852 74853 74854 74855 74856 74857 74858 74859 74860 74861 74862 74863 74864 74865 74866 74867 74868 74869 74870 74871 74872 74873 74874 74875 74876 74877 74878 74879 74880 74881 74882 74883 74884 74885 74886 74887 74888 74889 74890 74891 74892 74893 74894 74895 74896 74897 74898 74899 74900 74901 74902 74903 74904 74905 74906 74907 74908 74909 74910 74911 74912 74913 74914 74915 74916 74917 74918 74919 74920 74921 74922 74923 74924 74925 74926 74927 74928 74929 74930 74931 74932 74933 74934 74935 74936 74937 74938 74939 74940 74941 74942 74943 74944 74945 74946 74947 74948 74949 74950 74951 74952 74953 74954 74955 74956 74957 74958 74959 74960 74961 74962 74963 74964 74965 74966 74967 74968 74969 74970 74971 74972 74973 74974 74975 74976 74977 74978 74979 74980 74981 74982 74983 74984 74985 74986 74987 74988 74989 74990 74991 74992 74993 74994 74995 74996 74997 74998 74999 75000 75001 75002 75003 75004 75005 75006 75007 75008 75009 75010 75011 75012 75013 75014 75015 75016 75017 75018 75019 75020 75021 75022 75023 75024 75025 75026 75027 75028 75029 75030 75031 75032 75033 75034 75035 75036 75037 75038 75039 75040 75041 75042 75043 75044 75045 75046 75047 75048 75049 75050 75051 75052 75053 75054 75055 75056 75057 75058 75059 75060 75061 75062 75063 75064 75065 75066 75067 75068 75069 75070 75071 75072 75073 75074 75075 75076 75077 75078 75079 75080 75081 75082 75083 75084 75085 75086 75087 75088 75089 75090 75091 75092 75093 75094 75095 75096 75097 75098 75099 75100 75101 75102 75103 75104 75105 75106 75107 75108 75109 75110 75111 75112 75113 75114 75115 75116 75117 75118 75119 75120 75121 75122 75123 75124 75125 75126 75127 75128 75129 75130 75131 75132 75133 75134 75135 75136 75137 75138 75139 75140 75141 75142 75143 75144 75145 75146 75147 75148 75149 75150 75151 75152 75153 75154 75155 75156 75157 75158 75159 75160 75161 75162 75163 75164 75165 75166 75167 75168 75169 75170 75171 75172 75173 75174 75175 75176 75177 75178 75179 75180 75181 75182 75183 75184 75185 75186 75187 75188 75189 75190 75191 75192 75193 75194 75195 75196 75197 75198 75199 75200 75201 75202 75203 75204 75205 75206 75207 75208 75209 75210 75211 75212 75213 75214 75215 75216 75217 75218 75219 75220 75221 75222 75223 75224 75225 75226 75227 75228 75229 75230 75231 75232 75233 75234 75235 75236 75237 75238 75239 75240 75241 75242 75243 75244 75245 75246 75247 75248 75249 75250 75251 75252 75253 75254 75255 75256 75257 75258 75259 75260 75261 75262 75263 75264 75265 75266 75267 75268 75269 75270 75271 75272 75273 75274 75275 75276 75277 75278 75279 75280 75281 75282 75283 75284 75285 75286 75287 75288 75289 75290 75291 75292 75293 75294 75295 75296 75297 75298 75299 75300 75301 75302 75303 75304 75305 75306 75307 75308 75309 75310 75311 75312 75313 75314 75315 75316 75317 75318 75319 75320 75321 75322 75323 75324 75325 75326 75327 75328 75329 75330 75331 75332 75333 75334 75335 75336 75337 75338 75339 75340 75341 75342 75343 75344 75345 75346 75347 75348 75349 75350 75351 75352 75353 75354 75355 75356 75357 75358 75359 75360 75361 75362 75363 75364 75365 75366 75367 75368 75369 75370 75371 75372 75373 75374 75375 75376 75377 75378 75379 75380 75381 75382 75383 75384 75385 75386 75387 75388 75389 75390 75391 75392 75393 75394 75395 75396 75397 75398 75399 75400 75401 75402 75403 75404 75405 75406 75407 75408 75409 75410 75411 75412 75413 75414 75415 75416 75417 75418 75419 75420 75421 75422 75423 75424 75425 75426 75427 75428 75429 75430 75431 75432 75433 75434 75435 75436 75437 75438 75439 75440 75441 75442 75443 75444 75445 75446 75447 75448 75449 75450 75451 75452 75453 75454 75455 75456 75457 75458 75459 75460 75461 75462 75463 75464 75465 75466 75467 75468 75469 75470 75471 75472 75473 75474 75475 75476 75477 75478 75479 75480 75481 75482 75483 75484 75485 75486 75487 75488 75489 75490 75491 75492 75493 75494 75495 75496 75497 75498 75499 75500 75501 75502 75503 75504 75505 75506 75507 75508 75509 75510 75511 75512 75513 75514 75515 75516 75517 75518 75519 75520 75521 75522 75523 75524 75525 75526 75527 75528 75529 75530 75531 75532 75533 75534 75535 75536 75537 75538 75539 75540 75541 75542 75543 75544 75545 75546 75547 75548 75549 75550 75551 75552 75553 75554 75555 75556 75557 75558 75559 75560 75561 75562 75563 75564 75565 75566 75567 75568 75569 75570 75571 75572 75573 75574 75575 75576 75577 75578 75579 75580 75581 75582 75583 75584 75585 75586 75587 75588 75589 75590 75591 75592 75593 75594 75595 75596 75597 75598 75599 75600 75601 75602 75603 75604 75605 75606 75607 75608 75609 75610 75611 75612 75613 75614 75615 75616 75617 75618 75619 75620 75621 75622 75623 75624 75625 75626 75627 75628 75629 75630 75631 75632 75633 75634 75635 75636 75637 75638 75639 75640 75641 75642 75643 75644 75645 75646 75647 75648 75649 75650 75651 75652 75653 75654 75655 75656 75657 75658 75659 75660 75661 75662 75663 75664 75665 75666 75667 75668 75669 75670 75671 75672 75673 75674 75675 75676 75677 75678 75679 75680 75681 75682 75683 75684 75685 75686 75687 75688 75689 75690 75691 75692 75693 75694 75695 75696 75697 75698 75699 75700 75701 75702 75703 75704 75705 75706 75707 75708 75709 75710 75711 75712 75713 75714 75715 75716 75717 75718 75719 75720 75721 75722 75723 75724 75725 75726 75727 75728 75729 75730 75731 75732 75733 75734 75735 75736 75737 75738 75739 75740 75741 75742 75743 75744 75745 75746 75747 75748 75749 75750 75751 75752 75753 75754 75755 75756 75757 75758 75759 75760 75761 75762 75763 75764 75765 75766 75767 75768 75769 75770 75771 75772 75773 75774 75775 75776 75777 75778 75779 75780 75781 75782 75783 75784 75785 75786 75787 75788 75789 75790 75791 75792 75793 75794 75795 75796 75797 75798 75799 75800 75801 75802 75803 75804 75805 75806 75807 75808 75809 75810 75811 75812 75813 75814 75815 75816 75817 75818 75819 75820 75821 75822 75823 75824 75825 75826 75827 75828 75829 75830 75831 75832 75833 75834 75835 75836 75837 75838 75839 75840 75841 75842 75843 75844 75845 75846 75847 75848 75849 75850 75851 75852 75853 75854 75855 75856 75857 75858 75859 75860 75861 75862 75863 75864 75865 75866 75867 75868 75869 75870 75871 75872 75873 75874 75875 75876 75877 75878 75879 75880 75881 75882 75883 75884 75885 75886 75887 75888 75889 75890 75891 75892 75893 75894 75895 75896 75897 75898 75899 75900 75901 75902 75903 75904 75905 75906 75907 75908 75909 75910 75911 75912 75913 75914 75915 75916 75917 75918 75919 75920 75921 75922 75923 75924 75925 75926 75927 75928 75929 75930 75931 75932 75933 75934 75935 75936 75937 75938 75939 75940 75941 75942 75943 75944 75945 75946 75947 75948 75949 75950 75951 75952 75953 75954 75955 75956 75957 75958 75959 75960 75961 75962 75963 75964 75965 75966 75967 75968 75969 75970 75971 75972 75973 75974 75975 75976 75977 75978 75979 75980 75981 75982 75983 75984 75985 75986 75987 75988 75989 75990 75991 75992 75993 75994 75995 75996 75997 75998 75999 76000 76001 76002 76003 76004 76005 76006 76007 76008 76009 76010 76011 76012 76013 76014 76015 76016 76017 76018 76019 76020 76021 76022 76023 76024 76025 76026 76027 76028 76029 76030 76031 76032 76033 76034 76035 76036 76037 76038 76039 76040 76041 76042 76043 76044 76045 76046 76047 76048 76049 76050 76051 76052 76053 76054 76055 76056 76057 76058 76059 76060 76061 76062 76063 76064 76065 76066 76067 76068 76069 76070 76071 76072 76073 76074 76075 76076 76077 76078 76079 76080 76081 76082 76083 76084 76085 76086 76087 76088 76089 76090 76091 76092 76093 76094 76095 76096 76097 76098 76099 76100 76101 76102 76103 76104 76105 76106 76107 76108 76109 76110 76111 76112 76113 76114 76115 76116 76117 76118 76119 76120 76121 76122 76123 76124 76125 76126 76127 76128 76129 76130 76131 76132 76133 76134 76135 76136 76137 76138 76139 76140 76141 76142 76143 76144 76145 76146 76147 76148 76149 76150 76151 76152 76153 76154 76155 76156 76157 76158 76159 76160 76161 76162 76163 76164 76165 76166 76167 76168 76169 76170 76171 76172 76173 76174 76175 76176 76177 76178 76179 76180 76181 76182 76183 76184 76185 76186 76187 76188 76189 76190 76191 76192 76193 76194 76195 76196 76197 76198 76199 76200 76201 76202 76203 76204 76205 76206 76207 76208 76209 76210 76211 76212 76213 76214 76215 76216 76217 76218 76219 76220 76221 76222 76223 76224 76225 76226 76227 76228 76229 76230 76231 76232 76233 76234 76235 76236 76237 76238 76239 76240 76241 76242 76243 76244 76245 76246 76247 76248 76249 76250 76251 76252 76253 76254 76255 76256 76257 76258 76259 76260 76261 76262 76263 76264 76265 76266 76267 76268 76269 76270 76271 76272 76273 76274 76275 76276 76277 76278 76279 76280 76281 76282 76283 76284 76285 76286 76287 76288 76289 76290 76291 76292 76293 76294 76295 76296 76297 76298 76299 76300 76301 76302 76303 76304 76305 76306 76307 76308 76309 76310 76311 76312 76313 76314 76315 76316 76317 76318 76319 76320 76321 76322 76323 76324 76325 76326 76327 76328 76329 76330 76331 76332 76333 76334 76335 76336 76337 76338 76339 76340 76341 76342 76343 76344 76345 76346 76347 76348 76349 76350 76351 76352 76353 76354 76355 76356 76357 76358 76359 76360 76361 76362 76363 76364 76365 76366 76367 76368 76369 76370 76371 76372 76373 76374 76375 76376 76377 76378 76379 76380 76381 76382 76383 76384 76385 76386 76387 76388 76389 76390 76391 76392 76393 76394 76395 76396 76397 76398 76399 76400 76401 76402 76403 76404 76405 76406 76407 76408 76409 76410 76411 76412 76413 76414 76415 76416 76417 76418 76419 76420 76421 76422 76423 76424 76425 76426 76427 76428 76429 76430 76431 76432 76433 76434 76435 76436 76437 76438 76439 76440 76441 76442 76443 76444 76445 76446 76447 76448 76449 76450 76451 76452 76453 76454 76455 76456 76457 76458 76459 76460 76461 76462 76463 76464 76465 76466 76467 76468 76469 76470 76471 76472 76473 76474 76475 76476 76477 76478 76479 76480 76481 76482 76483 76484 76485 76486 76487 76488 76489 76490 76491 76492 76493 76494 76495 76496 76497 76498 76499 76500 76501 76502 76503 76504 76505 76506 76507 76508 76509 76510 76511 76512 76513 76514 76515 76516 76517 76518 76519 76520 76521 76522 76523 76524 76525 76526 76527 76528 76529 76530 76531 76532 76533 76534 76535 76536 76537 76538 76539 76540 76541 76542 76543 76544 76545 76546 76547 76548 76549 76550 76551 76552 76553 76554 76555 76556 76557 76558 76559 76560 76561 76562 76563 76564 76565 76566 76567 76568 76569 76570 76571 76572 76573 76574 76575 76576 76577 76578 76579 76580 76581 76582 76583 76584 76585 76586 76587 76588 76589 76590 76591 76592 76593 76594 76595 76596 76597 76598 76599 76600 76601 76602 76603 76604 76605 76606 76607 76608 76609 76610 76611 76612 76613 76614 76615 76616 76617 76618 76619 76620 76621 76622 76623 76624 76625 76626 76627 76628 76629 76630 76631 76632 76633 76634 76635 76636 76637 76638 76639 76640 76641 76642 76643 76644 76645 76646 76647 76648 76649 76650 76651 76652 76653 76654 76655 76656 76657 76658 76659 76660 76661 76662 76663 76664 76665 76666 76667 76668 76669 76670 76671 76672 76673 76674 76675 76676 76677 76678 76679 76680 76681), :fn square, :registry {square (clojure.core/fn [x] (* x x))}, :type :map}
submitting task
