SLF4J: No SLF4J providers were found.
SLF4J: Defaulting to no-operation (NOP) logger implementation
SLF4J: See https://www.slf4j.org/codes.html#noProviders for further details.
???. 01, 2026 7:51:49 AM org.apache.http.impl.execchain.RetryExec execute
INFO: I/O exception (java.net.SocketException) caught when processing request to {}->http://127.0.0.1:8080: Connection reset
???. 01, 2026 7:51:49 AM org.apache.http.impl.execchain.RetryExec execute
INFO: Retrying request to {}->http://127.0.0.1:8080
???. 01, 2026 8:11:03 AM org.apache.http.impl.execchain.RetryExec execute
INFO: I/O exception (java.net.SocketException) caught when processing request to {}->http://127.0.0.1:8080: Connection reset
???. 01, 2026 8:11:03 AM org.apache.http.impl.execchain.RetryExec execute
INFO: Retrying request to {}->http://127.0.0.1:8080
executing task
{:type :call, :fn square, :args [0], :registry {square (clojure.core/fn [x] (x * x))}}
Exception in thread "worker-thread-0" java.lang.ClassCastException: class java.lang.Long cannot be cast to class clojure.lang.IFn (java.lang.Long is in module java.base of loader 'bootstrap'; clojure.lang.IFn is in unnamed module of loader 'app')
	at clojure.core$eval3495$fn__3496.invoke(NO_SOURCE_FILE:0)
	at clojure.lang.AFn.applyToHelper(AFn.java:154)
	at clojure.lang.AFn.applyTo(AFn.java:144)
	at clojure.core$apply.invokeStatic(core.clj:667)
	at clojure.core$apply.invoke(core.clj:662)
	at dist.worker.executor$execute_task.invokeStatic(executor.clj:24)
	at dist.worker.executor$execute_task.invoke(executor.clj:14)
	at dist.worker.core$worker_loop$fn__3479.invoke(core.clj:19)
	at dist.worker.core$worker_loop.invokeStatic(core.clj:18)
	at dist.worker.core$worker_loop.invoke(core.clj:9)
	at dist.worker.core$start_workers$fn__3487.invoke(core.clj:31)
	at clojure.lang.AFn.run(AFn.java:22)
	at java.base/java.lang.Thread.run(Thread.java:840)
