SLF4J: No SLF4J providers were found.
SLF4J: Defaulting to no-operation (NOP) logger implementation
SLF4J: See https://www.slf4j.org/codes.html#noProviders for further details.
executing task
{:type :call, :fn square, :args [44], :registry {square (clojure.core/fn [x] (* x x))}}
submitting task
executing task
{:type :call, :fn square, :args [75], :registry {square (clojure.core/fn [x] (* x x))}}
submitting task
executing task
{:type :call, :fn square, :args [127], :registry {square (clojure.core/fn [x] (* x x))}}
submitting task
executing task
{:type :call, :fn square, :args [209], :registry {square (clojure.core/fn [x] (* x x))}}
submitting task
executing task
{:type :call, :fn square, :args [223], :registry {square (clojure.core/fn [x] (* x x))}}
submitting task
executing task
{:type :call, :fn square, :args [263], :registry {square (clojure.core/fn [x] (* x x))}}
submitting task
executing task
{:type :call, :fn square, :args [297], :registry {square (clojure.core/fn [x] (* x x))}}
submitting task
executing task
{:type :call, :fn square, :args [342], :registry {square (clojure.core/fn [x] (* x x))}}
submitting task
executing task
{:type :call, :fn square, :args [347], :registry {square (clojure.core/fn [x] (* x x))}}
submitting task
executing task
{:type :call, :fn square, :args [352], :registry {square (clojure.core/fn [x] (* x x))}}
submitting task
executing task
{:type :call, :fn square, :args [355], :registry {square (clojure.core/fn [x] (* x x))}}
submitting task
executing task
{:type :call, :fn square, :args [367], :registry {square (clojure.core/fn [x] (* x x))}}
submitting task
executing task
{:type :call, :fn square, :args [407], :registry {square (clojure.core/fn [x] (* x x))}}
submitting task
executing task
{:type :call, :fn square, :args [440], :registry {square (clojure.core/fn [x] (* x x))}}
submitting task
executing task
{:type :call, :fn square, :args [449], :registry {square (clojure.core/fn [x] (* x x))}}
submitting task
executing task
{:type :call, :fn square, :args [478], :registry {square (clojure.core/fn [x] (* x x))}}
submitting task
executing task
{:type :call, :fn square, :args [485], :registry {square (clojure.core/fn [x] (* x x))}}
submitting task
executing task
{:type :call, :fn square, :args [493], :registry {square (clojure.core/fn [x] (* x x))}}
submitting task
executing task
{:type :call, :fn square, :args [504], :registry {square (clojure.core/fn [x] (* x x))}}
submitting task
executing task
{:type :call, :fn square, :args [519], :registry {square (clojure.core/fn [x] (* x x))}}
submitting task
executing task
{:type :call, :fn square, :args [544], :registry {square (clojure.core/fn [x] (* x x))}}
submitting task
executing task
{:type :call, :fn square, :args [549], :registry {square (clojure.core/fn [x] (* x x))}}
submitting task
executing task
{:type :call, :fn square, :args [552], :registry {square (clojure.core/fn [x] (* x x))}}
submitting task
executing task
{:type :call, :fn square, :args [555], :registry {square (clojure.core/fn [x] (* x x))}}
submitting task
executing task
{:type :call, :fn square, :args [607], :registry {square (clojure.core/fn [x] (* x x))}}
submitting task
executing task
{:type :call, :fn square, :args [673], :registry {square (clojure.core/fn [x] (* x x))}}
submitting task
executing task
{:type :call, :fn square, :args [716], :registry {square (clojure.core/fn [x] (* x x))}}
submitting task
executing task
{:type :call, :fn square, :args [725], :registry {square (clojure.core/fn [x] (* x x))}}
submitting task
executing task
{:type :call, :fn square, :args [741], :registry {square (clojure.core/fn [x] (* x x))}}
submitting task
executing task
{:type :call, :fn square, :args [759], :registry {square (clojure.core/fn [x] (* x x))}}
submitting task
executing task
{:type :call, :fn square, :args [788], :registry {square (clojure.core/fn [x] (* x x))}}
submitting task
executing task
{:type :call, :fn square, :args [796], :registry {square (clojure.core/fn [x] (* x x))}}
submitting task
executing task
{:type :call, :fn square, :args [804], :registry {square (clojure.core/fn [x] (* x x))}}
submitting task
executing task
{:type :call, :fn square, :args [909], :registry {square (clojure.core/fn [x] (* x x))}}
submitting task
executing task
{:type :call, :fn square, :args [927], :registry {square (clojure.core/fn [x] (* x x))}}
submitting task
executing task
{:type :call, :fn square, :args [10], :registry {square (clojure.core/fn [x] (* x x))}}
submitting task
executing task
{:type :call, :fn square, :args [34], :registry {square (clojure.core/fn [x] (* x x))}}
submitting task
executing task
{:type :call, :fn square, :args [65], :registry {square (clojure.core/fn [x] (* x x))}}
submitting task
executing task
{:type :call, :fn square, :args [100], :registry {square (clojure.core/fn [x] (* x x))}}
submitting task
executing task
{:type :call, :fn square, :args [135], :registry {square (clojure.core/fn [x] (* x x))}}
submitting task
executing task
{:type :call, :fn square, :args [164], :registry {square (clojure.core/fn [x] (* x x))}}
submitting task
executing task
{:type :call, :fn square, :args [197], :registry {square (clojure.core/fn [x] (* x x))}}
submitting task
executing task
{:type :call, :fn square, :args [222], :registry {square (clojure.core/fn [x] (* x x))}}
submitting task
executing task
{:type :call, :fn square, :args [253], :registry {square (clojure.core/fn [x] (* x x))}}
submitting task
executing task
{:type :call, :fn square, :args [282], :registry {square (clojure.core/fn [x] (* x x))}}
submitting task
executing task
{:type :call, :fn square, :args [316], :registry {square (clojure.core/fn [x] (* x x))}}
submitting task
executing task
{:type :call, :fn square, :args [350], :registry {square (clojure.core/fn [x] (* x x))}}
submitting task
executing task
{:type :call, :fn square, :args [382], :registry {square (clojure.core/fn [x] (* x x))}}
submitting task
executing task
{:type :call, :fn square, :args [418], :registry {square (clojure.core/fn [x] (* x x))}}
submitting task
executing task
{:type :call, :fn square, :args [448], :registry {square (clojure.core/fn [x] (* x x))}}
submitting task
executing task
{:type :call, :fn square, :args [481], :registry {square (clojure.core/fn [x] (* x x))}}
submitting task
executing task
{:type :call, :fn square, :args [506], :registry {square (clojure.core/fn [x] (* x x))}}
submitting task
executing task
{:type :call, :fn square, :args [537], :registry {square (clojure.core/fn [x] (* x x))}}
submitting task
executing task
{:type :call, :fn square, :args [564], :registry {square (clojure.core/fn [x] (* x x))}}
submitting task
???. 01, 2026 9:15:05 AM org.apache.http.impl.execchain.RetryExec execute
INFO: I/O exception (java.net.SocketException) caught when processing request to {}->http://127.0.0.1:8080: Connection reset
???. 01, 2026 9:15:05 AM org.apache.http.impl.execchain.RetryExec execute
INFO: Retrying request to {}->http://127.0.0.1:8080
executing task
{:args (0 1 2 3 4 5 6 7 8 9 10 11 12 13 14 15 16 17 18 19 20 21 22 23 24 25 26 27 28 29 30 31 32 33 34 35 36 37 38 39 40 41 42 43 44 45 46 47 48 49 50 51 52 53 54 55 56 57 58 59 60 61 62 63 64 65 66 67 68 69 70 71 72 73 74 75 76 77 78 79 80 81 82 83 84 85 86 87 88 89 90 91 92 93 94 95 96 97 98 99 100 101 102 103 104 105 106 107 108 109 110 111 112 113 114 115 116 117 118 119 120 121 122 123 124 125 126 127 128 129 130 131 132 133 134 135 136 137 138 139 140 141 142 143 144 145 146 147 148 149 150 151 152 153 154 155 156 157 158 159 160 161 162 163 164 165 166 167 168 169 170 171 172 173 174 175 176 177 178 179 180 181 182 183 184 185 186 187 188 189 190 191 192 193 194 195 196 197 198 199 200 201 202 203 204 205 206 207 208 209 210 211 212 213 214 215 216 217 218 219 220 221 222 223 224 225 226 227 228 229 230 231 232 233 234 235 236 237 238 239 240 241 242 243 244 245 246 247 248 249 250 251 252 253 254 255 256 257 258 259 260 261 262 263 264 265 266 267 268 269 270 271 272 273 274 275 276 277 278 279 280 281 282 283 284 285 286 287 288 289 290 291 292 293 294 295 296 297 298 299 300 301 302 303 304 305 306 307 308 309 310 311 312 313 314 315 316 317 318 319 320 321 322 323 324 325 326 327 328 329 330 331 332 333), :fn square, :registry {square (clojure.core/fn [x] (* x x))}, :type :map}
submitting task
executing task
{:args (7682 7683 7684 7685 7686 7687 7688 7689 7690 7691 7692 7693 7694 7695 7696 7697 7698 7699 7700 7701 7702 7703 7704 7705 7706 7707 7708 7709 7710 7711 7712 7713 7714 7715 7716 7717 7718 7719 7720 7721 7722 7723 7724 7725 7726 7727 7728 7729 7730 7731 7732 7733 7734 7735 7736 7737 7738 7739 7740 7741 7742 7743 7744 7745 7746 7747 7748 7749 7750 7751 7752 7753 7754 7755 7756 7757 7758 7759 7760 7761 7762 7763 7764 7765 7766 7767 7768 7769 7770 7771 7772 7773 7774 7775 7776 7777 7778 7779 7780 7781 7782 7783 7784 7785 7786 7787 7788 7789 7790 7791 7792 7793 7794 7795 7796 7797 7798 7799 7800 7801 7802 7803 7804 7805 7806 7807 7808 7809 7810 7811 7812 7813 7814 7815 7816 7817 7818 7819 7820 7821 7822 7823 7824 7825 7826 7827 7828 7829 7830 7831 7832 7833 7834 7835 7836 7837 7838 7839 7840 7841 7842 7843 7844 7845 7846 7847 7848 7849 7850 7851 7852 7853 7854 7855 7856 7857 7858 7859 7860 7861 7862 7863 7864 7865 7866 7867 7868 7869 7870 7871 7872 7873 7874 7875 7876 7877 7878 7879 7880 7881 7882 7883 7884 7885 7886 7887 7888 7889 7890 7891 7892 7893 7894 7895 7896 7897 7898 7899 7900 7901 7902 7903 7904 7905 7906 7907 7908 7909 7910 7911 7912 7913 7914 7915 7916 7917 7918 7919 7920 7921 7922 7923 7924 7925 7926 7927 7928 7929 7930 7931 7932 7933 7934 7935 7936 7937 7938 7939 7940 7941 7942 7943 7944 7945 7946 7947 7948 7949 7950 7951 7952 7953 7954 7955 7956 7957 7958 7959 7960 7961 7962 7963 7964 7965 7966 7967 7968 7969 7970 7971 7972 7973 7974 7975 7976 7977 7978 7979 7980 7981 7982 7983 7984 7985 7986 7987 7988 7989 7990 7991 7992 7993 7994 7995 7996 7997 7998 7999 8000 8001 8002 8003 8004 8005 8006 8007 8008 8009 8010 8011 8012 8013 8014 8015), :fn square, :registry {square (clojure.core/fn [x] (* x x))}, :type :map}
submitting task
executing task
{:args (31), :fn square, :registry {square (clojure.core/fn [x] (* x x))}, :type :call}
submitting task
executing task
{:args (40), :fn square, :registry {square (clojure.core/fn [x] (* x x))}, :type :call}
submitting task
executing task
{:args (49), :fn square, :registry {square (clojure.core/fn [x] (* x x))}, :type :call}
submitting task
executing task
{:args (53), :fn square, :registry {square (clojure.core/fn [x] (* x x))}, :type :call}
submitting task
executing task
{:args (56), :fn square, :registry {square (clojure.core/fn [x] (* x x))}, :type :call}
submitting task
executing task
{:args (60), :fn square, :registry {square (clojure.core/fn [x] (* x x))}, :type :call}
submitting task
executing task
{:args (87), :fn square, :registry {square (clojure.core/fn [x] (* x x))}, :type :call}
submitting task
executing task
{:args (151), :fn square, :registry {square (clojure.core/fn [x] (* x x))}, :type :call}
submitting task
executing task
{:args (162), :fn square, :registry {square (clojure.core/fn [x] (* x x))}, :type :call}
submitting task
executing task
{:args (213), :fn square, :registry {square (clojure.core/fn [x] (* x x))}, :type :call}
submitting task
executing task
{:args (295), :fn square, :registry {square (clojure.core/fn [x] (* x x))}, :type :call}
submitting task
executing task
{:args (298), :fn square, :registry {square (clojure.core/fn [x] (* x x))}, :type :call}
submitting task
executing task
{:args (301), :fn square, :registry {square (clojure.core/fn [x] (* x x))}, :type :call}
submitting task
executing task
{:args (304), :fn square, :registry {square (clojure.core/fn [x] (* x x))}, :type :call}
submitting task
executing task
{:args (308), :fn square, :registry {square (clojure.core/fn [x] (* x x))}, :type :call}
submitting task
executing task
{:args (312), :fn square, :registry {square (clojure.core/fn [x] (* x x))}, :type :call}
submitting task
executing task
{:args (369), :fn square, :registry {square (clojure.core/fn [x] (* x x))}, :type :call}
submitting task
executing task
{:args (376), :fn square, :registry {square (clojure.core/fn [x] (* x x))}, :type :call}
submitting task
executing task
{:args (383), :fn square, :registry {square (clojure.core/fn [x] (* x x))}, :type :call}
submitting task
executing task
{:args (388), :fn square, :registry {square (clojure.core/fn [x] (* x x))}, :type :call}
submitting task
executing task
{:args (393), :fn square, :registry {square (clojure.core/fn [x] (* x x))}, :type :call}
submitting task
executing task
{:args (397), :fn square, :registry {square (clojure.core/fn [x] (* x x))}, :type :call}
submitting task
executing task
{:args (402), :fn square, :registry {square (clojure.core/fn [x] (* x x))}, :type :call}
submitting task
executing task
{:args (406), :fn square, :registry {square (clojure.core/fn [x] (* x x))}, :type :call}
submitting task
executing task
{:args (410), :fn square, :registry {square (clojure.core/fn [x] (* x x))}, :type :call}
submitting task
executing task
{:args (414), :fn square, :registry {square (clojure.core/fn [x] (* x x))}, :type :call}
submitting task
executing task
{:args (418), :fn square, :registry {square (clojure.core/fn [x] (* x x))}, :type :call}
submitting task
executing task
{:args (422), :fn square, :registry {square (clojure.core/fn [x] (* x x))}, :type :call}
submitting task
executing task
{:args (426), :fn square, :registry {square (clojure.core/fn [x] (* x x))}, :type :call}
submitting task
executing task
{:args (431), :fn square, :registry {square (clojure.core/fn [x] (* x x))}, :type :call}
submitting task
executing task
{:args (437), :fn square, :registry {square (clojure.core/fn [x] (* x x))}, :type :call}
submitting task
executing task
{:args (442), :fn square, :registry {square (clojure.core/fn [x] (* x x))}, :type :call}
submitting task
executing task
{:args (452), :fn square, :registry {square (clojure.core/fn [x] (* x x))}, :type :call}
submitting task
executing task
{:args (491), :fn square, :registry {square (clojure.core/fn [x] (* x x))}, :type :call}
submitting task
executing task
{:args (522), :fn square, :registry {square (clojure.core/fn [x] (* x x))}, :type :call}
submitting task
executing task
{:args (555), :fn square, :registry {square (clojure.core/fn [x] (* x x))}, :type :call}
submitting task
executing task
{:args (595), :fn square, :registry {square (clojure.core/fn [x] (* x x))}, :type :call}
submitting task
executing task
{:args (781), :fn square, :registry {square (clojure.core/fn [x] (* x x))}, :type :call}
submitting task
executing task
{:args (841), :fn square, :registry {square (clojure.core/fn [x] (* x x))}, :type :call}
submitting task
executing task
{:args (910), :fn square, :registry {square (clojure.core/fn [x] (* x x))}, :type :call}
submitting task
executing task
{:args (971), :fn square, :registry {square (clojure.core/fn [x] (* x x))}, :type :call}
submitting task
executing task
{:args (1004), :fn square, :registry {square (clojure.core/fn [x] (* x x))}, :type :call}
submitting task
executing task
{:args (1008), :fn square, :registry {square (clojure.core/fn [x] (* x x))}, :type :call}
submitting task
executing task
{:args (1031), :fn square, :registry {square (clojure.core/fn [x] (* x x))}, :type :call}
submitting task
executing task
{:args (1050), :fn square, :registry {square (clojure.core/fn [x] (* x x))}, :type :call}
submitting task
executing task
{:args (1070), :fn square, :registry {square (clojure.core/fn [x] (* x x))}, :type :call}
submitting task
executing task
{:args (1073), :fn square, :registry {square (clojure.core/fn [x] (* x x))}, :type :call}
submitting task
executing task
{:args (1077), :fn square, :registry {square (clojure.core/fn [x] (* x x))}, :type :call}
submitting task
executing task
{:args (1100), :fn square, :registry {square (clojure.core/fn [x] (* x x))}, :type :call}
submitting task
executing task
{:args (1112), :fn square, :registry {square (clojure.core/fn [x] (* x x))}, :type :call}
submitting task
executing task
{:args (1135), :fn square, :registry {square (clojure.core/fn [x] (* x x))}, :type :call}
submitting task
executing task
{:args (1284), :fn square, :registry {square (clojure.core/fn [x] (* x x))}, :type :call}
submitting task
executing task
{:args (1294), :fn square, :registry {square (clojure.core/fn [x] (* x x))}, :type :call}
submitting task
executing task
{:args (1316), :fn square, :registry {square (clojure.core/fn [x] (* x x))}, :type :call}
submitting task
???. 01, 2026 9:16:32 AM org.apache.http.impl.execchain.RetryExec execute
INFO: I/O exception (java.net.SocketException) caught when processing request to {}->http://127.0.0.1:8080: Connection reset
???. 01, 2026 9:16:32 AM org.apache.http.impl.execchain.RetryExec execute
INFO: Retrying request to {}->http://127.0.0.1:8080
???. 01, 2026 9:16:32 AM org.apache.http.impl.execchain.RetryExec execute
INFO: I/O exception (java.net.SocketException) caught when processing request to {}->http://127.0.0.1:8080: Connection reset by peer
???. 01, 2026 9:16:32 AM org.apache.http.impl.execchain.RetryExec execute
INFO: Retrying request to {}->http://127.0.0.1:8080
executing task
{:args (12 13 14 15), :fn square, :registry {square (clojure.core/fn [x] (* x x))}, :type :map}
submitting task
