SLF4J: No SLF4J providers were found.
SLF4J: Defaulting to no-operation (NOP) logger implementation
SLF4J: See https://www.slf4j.org/codes.html#noProviders for further details.
executing task
{:type :call, :fn square, :args [8], :registry {square (clojure.core/fn [x] (* x x))}}
submitting task
executing task
{:type :call, :fn square, :args [32], :registry {square (clojure.core/fn [x] (* x x))}}
submitting task
executing task
{:type :call, :fn square, :args [73], :registry {square (clojure.core/fn [x] (* x x))}}
submitting task
executing task
{:type :call, :fn square, :args [93], :registry {square (clojure.core/fn [x] (* x x))}}
submitting task
executing task
{:type :call, :fn square, :args [170], :registry {square (clojure.core/fn [x] (* x x))}}
submitting task
executing task
{:type :call, :fn square, :args [173], :registry {square (clojure.core/fn [x] (* x x))}}
submitting task
executing task
{:type :call, :fn square, :args [175], :registry {square (clojure.core/fn [x] (* x x))}}
submitting task
executing task
{:type :call, :fn square, :args [177], :registry {square (clojure.core/fn [x] (* x x))}}
submitting task
executing task
{:type :call, :fn square, :args [179], :registry {square (clojure.core/fn [x] (* x x))}}
submitting task
executing task
{:type :call, :fn square, :args [181], :registry {square (clojure.core/fn [x] (* x x))}}
submitting task
executing task
{:type :call, :fn square, :args [188], :registry {square (clojure.core/fn [x] (* x x))}}
submitting task
executing task
{:type :call, :fn square, :args [196], :registry {square (clojure.core/fn [x] (* x x))}}
submitting task
executing task
{:type :call, :fn square, :args [226], :registry {square (clojure.core/fn [x] (* x x))}}
submitting task
executing task
{:type :call, :fn square, :args [235], :registry {square (clojure.core/fn [x] (* x x))}}
submitting task
executing task
{:type :call, :fn square, :args [251], :registry {square (clojure.core/fn [x] (* x x))}}
submitting task
executing task
{:type :call, :fn square, :args [261], :registry {square (clojure.core/fn [x] (* x x))}}
submitting task
executing task
{:type :call, :fn square, :args [286], :registry {square (clojure.core/fn [x] (* x x))}}
submitting task
executing task
{:type :call, :fn square, :args [398], :registry {square (clojure.core/fn [x] (* x x))}}
submitting task
executing task
{:type :call, :fn square, :args [444], :registry {square (clojure.core/fn [x] (* x x))}}
submitting task
executing task
{:type :call, :fn square, :args [512], :registry {square (clojure.core/fn [x] (* x x))}}
submitting task
executing task
{:type :call, :fn square, :args [572], :registry {square (clojure.core/fn [x] (* x x))}}
submitting task
executing task
{:type :call, :fn square, :args [594], :registry {square (clojure.core/fn [x] (* x x))}}
submitting task
executing task
{:type :call, :fn square, :args [637], :registry {square (clojure.core/fn [x] (* x x))}}
submitting task
executing task
{:type :call, :fn square, :args [644], :registry {square (clojure.core/fn [x] (* x x))}}
submitting task
executing task
{:type :call, :fn square, :args [667], :registry {square (clojure.core/fn [x] (* x x))}}
submitting task
executing task
{:type :call, :fn square, :args [690], :registry {square (clojure.core/fn [x] (* x x))}}
submitting task
executing task
{:type :call, :fn square, :args [745], :registry {square (clojure.core/fn [x] (* x x))}}
submitting task
executing task
{:type :call, :fn square, :args [758], :registry {square (clojure.core/fn [x] (* x x))}}
submitting task
executing task
{:type :call, :fn square, :args [854], :registry {square (clojure.core/fn [x] (* x x))}}
submitting task
executing task
{:type :call, :fn square, :args [885], :registry {square (clojure.core/fn [x] (* x x))}}
submitting task
executing task
{:type :call, :fn square, :args [891], :registry {square (clojure.core/fn [x] (* x x))}}
submitting task
executing task
{:type :call, :fn square, :args [892], :registry {square (clojure.core/fn [x] (* x x))}}
submitting task
executing task
{:type :call, :fn square, :args [898], :registry {square (clojure.core/fn [x] (* x x))}}
submitting task
executing task
{:type :call, :fn square, :args [907], :registry {square (clojure.core/fn [x] (* x x))}}
submitting task
executing task
{:type :call, :fn square, :args [925], :registry {square (clojure.core/fn [x] (* x x))}}
submitting task
executing task
{:type :call, :fn square, :args [943], :registry {square (clojure.core/fn [x] (* x x))}}
submitting task
executing task
{:type :call, :fn square, :args [18], :registry {square (clojure.core/fn [x] (* x x))}}
submitting task
executing task
{:type :call, :fn square, :args [45], :registry {square (clojure.core/fn [x] (* x x))}}
submitting task
executing task
{:type :call, :fn square, :args [82], :registry {square (clojure.core/fn [x] (* x x))}}
submitting task
executing task
{:type :call, :fn square, :args [104], :registry {square (clojure.core/fn [x] (* x x))}}
submitting task
executing task
{:type :call, :fn square, :args [134], :registry {square (clojure.core/fn [x] (* x x))}}
submitting task
executing task
{:type :call, :fn square, :args [161], :registry {square (clojure.core/fn [x] (* x x))}}
submitting task
executing task
{:type :call, :fn square, :args [191], :registry {square (clojure.core/fn [x] (* x x))}}
submitting task
executing task
{:type :call, :fn square, :args [227], :registry {square (clojure.core/fn [x] (* x x))}}
submitting task
executing task
{:type :call, :fn square, :args [257], :registry {square (clojure.core/fn [x] (* x x))}}
submitting task
executing task
{:type :call, :fn square, :args [281], :registry {square (clojure.core/fn [x] (* x x))}}
submitting task
executing task
{:type :call, :fn square, :args [309], :registry {square (clojure.core/fn [x] (* x x))}}
submitting task
executing task
{:type :call, :fn square, :args [340], :registry {square (clojure.core/fn [x] (* x x))}}
submitting task
executing task
{:type :call, :fn square, :args [369], :registry {square (clojure.core/fn [x] (* x x))}}
submitting task
executing task
{:type :call, :fn square, :args [398], :registry {square (clojure.core/fn [x] (* x x))}}
submitting task
executing task
{:type :call, :fn square, :args [430], :registry {square (clojure.core/fn [x] (* x x))}}
submitting task
executing task
{:type :call, :fn square, :args [459], :registry {square (clojure.core/fn [x] (* x x))}}
submitting task
executing task
{:type :call, :fn square, :args [487], :registry {square (clojure.core/fn [x] (* x x))}}
submitting task
executing task
{:type :call, :fn square, :args [515], :registry {square (clojure.core/fn [x] (* x x))}}
submitting task
executing task
{:type :call, :fn square, :args [545], :registry {square (clojure.core/fn [x] (* x x))}}
submitting task
executing task
{:type :call, :fn square, :args [579], :registry {square (clojure.core/fn [x] (* x x))}}
submitting task
???. 01, 2026 9:15:05 AM org.apache.http.impl.execchain.RetryExec execute
INFO: I/O exception (java.net.SocketException) caught when processing request to {}->http://127.0.0.1:8080: Connection reset
???. 01, 2026 9:15:05 AM org.apache.http.impl.execchain.RetryExec execute
INFO: Retrying request to {}->http://127.0.0.1:8080
executing task
{:args (61), :fn square, :registry {square (clojure.core/fn [x] (* x x))}, :type :call}
submitting task
executing task
{:args (66), :fn square, :registry {square (clojure.core/fn [x] (* x x))}, :type :call}
submitting task
executing task
{:args (73), :fn square, :registry {square (clojure.core/fn [x] (* x x))}, :type :call}
submitting task
executing task
{:args (81), :fn square, :registry {square (clojure.core/fn [x] (* x x))}, :type :call}
submitting task
executing task
{:args (171), :fn square, :registry {square (clojure.core/fn [x] (* x x))}, :type :call}
submitting task
executing task
{:args (250), :fn square, :registry {square (clojure.core/fn [x] (* x x))}, :type :call}
submitting task
executing task
{:args (341), :fn square, :registry {square (clojure.core/fn [x] (* x x))}, :type :call}
submitting task
executing task
{:args (367), :fn square, :registry {square (clojure.core/fn [x] (* x x))}, :type :call}
submitting task
executing task
{:args (372), :fn square, :registry {square (clojure.core/fn [x] (* x x))}, :type :call}
submitting task
executing task
{:args (481), :fn square, :registry {square (clojure.core/fn [x] (* x x))}, :type :call}
submitting task
executing task
{:args (549), :fn square, :registry {square (clojure.core/fn [x] (* x x))}, :type :call}
submitting task
executing task
{:args (651), :fn square, :registry {square (clojure.core/fn [x] (* x x))}, :type :call}
submitting task
executing task
{:args (779), :fn square, :registry {square (clojure.core/fn [x] (* x x))}, :type :call}
submitting task
executing task
{:args (782), :fn square, :registry {square (clojure.core/fn [x] (* x x))}, :type :call}
submitting task
executing task
{:args (786), :fn square, :registry {square (clojure.core/fn [x] (* x x))}, :type :call}
submitting task
executing task
{:args (790), :fn square, :registry {square (clojure.core/fn [x] (* x x))}, :type :call}
submitting task
executing task
{:args (793), :fn square, :registry {square (clojure.core/fn [x] (* x x))}, :type :call}
submitting task
executing task
{:args (884), :fn square, :registry {square (clojure.core/fn [x] (* x x))}, :type :call}
submitting task
executing task
{:args (917), :fn square, :registry {square (clojure.core/fn [x] (* x x))}, :type :call}
submitting task
executing task
{:args (966), :fn square, :registry {square (clojure.core/fn [x] (* x x))}, :type :call}
submitting task
executing task
{:args (987), :fn square, :registry {square (clojure.core/fn [x] (* x x))}, :type :call}
submitting task
executing task
{:args (1075), :fn square, :registry {square (clojure.core/fn [x] (* x x))}, :type :call}
submitting task
executing task
{:args (1115), :fn square, :registry {square (clojure.core/fn [x] (* x x))}, :type :call}
submitting task
executing task
{:args (1231), :fn square, :registry {square (clojure.core/fn [x] (* x x))}, :type :call}
submitting task
executing task
{:args (1270), :fn square, :registry {square (clojure.core/fn [x] (* x x))}, :type :call}
submitting task
executing task
{:args (1286), :fn square, :registry {square (clojure.core/fn [x] (* x x))}, :type :call}
submitting task
executing task
{:args (1313), :fn square, :registry {square (clojure.core/fn [x] (* x x))}, :type :call}
submitting task
???. 01, 2026 9:16:32 AM org.apache.http.impl.execchain.RetryExec execute
INFO: I/O exception (java.net.SocketException) caught when processing request to {}->http://127.0.0.1:8080: Connection reset
???. 01, 2026 9:16:32 AM org.apache.http.impl.execchain.RetryExec execute
INFO: Retrying request to {}->http://127.0.0.1:8080
executing task
{:args (32 33 34 35), :fn square, :registry {square (clojure.core/fn [x] (* x x))}, :type :map}
submitting task
executing task
{:args (63346 63347 63348 63349 63350 63351 63352 63353 63354 63355 63356 63357 63358 63359 63360 63361 63362 63363 63364 63365 63366 63367 63368 63369 63370 63371 63372 63373 63374 63375 63376 63377 63378 63379 63380 63381 63382 63383 63384 63385 63386 63387 63388 63389 63390 63391 63392 63393 63394 63395 63396 63397 63398 63399 63400 63401 63402 63403 63404 63405 63406 63407 63408 63409 63410 63411 63412 63413 63414 63415 63416 63417 63418 63419 63420 63421 63422 63423 63424 63425 63426 63427 63428 63429 63430 63431 63432 63433 63434 63435 63436 63437 63438 63439 63440 63441 63442 63443 63444 63445 63446 63447 63448 63449 63450 63451 63452 63453 63454 63455 63456 63457 63458 63459 63460 63461 63462 63463 63464 63465 63466 63467 63468 63469 63470 63471 63472 63473 63474 63475 63476 63477 63478 63479 63480 63481 63482 63483 63484 63485 63486 63487 63488 63489 63490 63491 63492 63493 63494 63495 63496 63497 63498 63499 63500 63501 63502 63503 63504 63505 63506 63507 63508 63509 63510 63511 63512 63513 63514 63515 63516 63517 63518 63519 63520 63521 63522 63523 63524 63525 63526 63527 63528 63529 63530 63531 63532 63533 63534 63535 63536 63537 63538 63539 63540 63541 63542 63543 63544 63545 63546 63547 63548 63549 63550 63551 63552 63553 63554 63555 63556 63557 63558 63559 63560 63561 63562 63563 63564 63565 63566 63567 63568 63569 63570 63571 63572 63573 63574 63575 63576 63577 63578 63579 63580 63581 63582 63583 63584 63585 63586 63587 63588 63589 63590 63591 63592 63593 63594 63595 63596 63597 63598 63599 63600 63601 63602 63603 63604 63605 63606 63607 63608 63609 63610 63611 63612 63613 63614 63615 63616 63617 63618 63619 63620 63621 63622 63623 63624 63625 63626 63627 63628 63629 63630 63631 63632 63633 63634 63635 63636 63637 63638 63639 63640 63641 63642 63643 63644 63645 63646 63647 63648 63649 63650 63651 63652 63653 63654 63655 63656 63657 63658 63659 63660 63661 63662 63663 63664 63665 63666 63667 63668 63669 63670 63671 63672 63673 63674 63675 63676 63677 63678 63679 63680 63681 63682 63683 63684 63685 63686 63687 63688 63689 63690 63691 63692 63693 63694 63695 63696 63697 63698 63699 63700 63701 63702 63703 63704 63705 63706 63707 63708 63709 63710 63711 63712 63713 63714 63715 63716 63717 63718 63719 63720 63721 63722 63723 63724 63725 63726 63727 63728 63729 63730 63731 63732 63733 63734 63735 63736 63737 63738 63739 63740 63741 63742 63743 63744 63745 63746 63747 63748 63749 63750 63751 63752 63753 63754 63755 63756 63757 63758 63759 63760 63761 63762 63763 63764 63765 63766 63767 63768 63769 63770 63771 63772 63773 63774 63775 63776 63777 63778 63779 63780 63781 63782 63783 63784 63785 63786 63787 63788 63789 63790 63791 63792 63793 63794 63795 63796 63797 63798 63799 63800 63801 63802 63803 63804 63805 63806 63807 63808 63809 63810 63811 63812 63813 63814 63815 63816 63817 63818 63819 63820 63821 63822 63823 63824 63825 63826 63827 63828 63829 63830 63831 63832 63833 63834 63835 63836 63837 63838 63839 63840 63841 63842 63843 63844 63845 63846 63847 63848 63849 63850 63851 63852 63853 63854 63855 63856 63857 63858 63859 63860 63861 63862 63863 63864 63865 63866 63867 63868 63869 63870 63871 63872 63873 63874 63875 63876 63877 63878 63879 63880 63881 63882 63883 63884 63885 63886 63887 63888 63889 63890 63891 63892 63893 63894 63895 63896 63897 63898 63899 63900 63901 63902 63903 63904 63905 63906 63907 63908 63909 63910 63911 63912 63913 63914 63915 63916 63917 63918 63919 63920 63921 63922 63923 63924 63925 63926 63927 63928 63929 63930 63931 63932 63933 63934 63935 63936 63937 63938 63939 63940 63941 63942 63943 63944 63945 63946 63947 63948 63949 63950 63951 63952 63953 63954 63955 63956 63957 63958 63959 63960 63961 63962 63963 63964 63965 63966 63967 63968 63969 63970 63971 63972 63973 63974 63975 63976 63977 63978 63979 63980 63981 63982 63983 63984 63985 63986 63987 63988 63989 63990 63991 63992 63993 63994 63995 63996 63997 63998 63999 64000 64001 64002 64003 64004 64005 64006 64007 64008 64009 64010 64011 64012 64013 64014 64015 64016 64017 64018 64019 64020 64021 64022 64023 64024 64025 64026 64027 64028 64029 64030 64031 64032 64033 64034 64035 64036 64037 64038 64039 64040 64041 64042 64043 64044 64045 64046 64047 64048 64049 64050 64051 64052 64053 64054 64055 64056 64057 64058 64059 64060 64061 64062 64063 64064 64065 64066 64067 64068 64069 64070 64071 64072 64073 64074 64075 64076 64077 64078 64079 64080 64081 64082 64083 64084 64085 64086 64087 64088 64089 64090 64091 64092 64093 64094 64095 64096 64097 64098 64099 64100 64101 64102 64103 64104 64105 64106 64107 64108 64109 64110 64111 64112 64113 64114 64115 64116 64117 64118 64119 64120 64121 64122 64123 64124 64125 64126 64127 64128 64129 64130 64131 64132 64133 64134 64135 64136 64137 64138 64139 64140 64141 64142 64143 64144 64145 64146 64147 64148 64149 64150 64151 64152 64153 64154 64155 64156 64157 64158 64159 64160 64161 64162 64163 64164 64165 64166 64167 64168 64169 64170 64171 64172 64173 64174 64175 64176 64177 64178 64179 64180 64181 64182 64183 64184 64185 64186 64187 64188 64189 64190 64191 64192 64193 64194 64195 64196 64197 64198 64199 64200 64201 64202 64203 64204 64205 64206 64207 64208 64209 64210 64211 64212 64213 64214 64215 64216 64217 64218 64219 64220 64221 64222 64223 64224 64225 64226 64227 64228 64229 64230 64231 64232 64233 64234 64235 64236 64237 64238 64239 64240 64241 64242 64243 64244 64245 64246 64247 64248 64249 64250 64251 64252 64253 64254 64255 64256 64257 64258 64259 64260 64261 64262 64263 64264 64265 64266 64267 64268 64269 64270 64271 64272 64273 64274 64275 64276 64277 64278 64279 64280 64281 64282 64283 64284 64285 64286 64287 64288 64289 64290 64291 64292 64293 64294 64295 64296 64297 64298 64299 64300 64301 64302 64303 64304 64305 64306 64307 64308 64309 64310 64311 64312 64313 64314 64315 64316 64317 64318 64319 64320 64321 64322 64323 64324 64325 64326 64327 64328 64329 64330 64331 64332 64333 64334 64335 64336 64337 64338 64339 64340 64341 64342 64343 64344 64345 64346 64347 64348 64349 64350 64351 64352 64353 64354 64355 64356 64357 64358 64359 64360 64361 64362 64363 64364 64365 64366 64367 64368 64369 64370 64371 64372 64373 64374 64375 64376 64377 64378 64379 64380 64381 64382 64383 64384 64385 64386 64387 64388 64389 64390 64391 64392 64393 64394 64395 64396 64397 64398 64399 64400 64401 64402 64403 64404 64405 64406 64407 64408 64409 64410 64411 64412 64413 64414 64415 64416 64417 64418 64419 64420 64421 64422 64423 64424 64425 64426 64427 64428 64429 64430 64431 64432 64433 64434 64435 64436 64437 64438 64439 64440 64441 64442 64443 64444 64445 64446 64447 64448 64449 64450 64451 64452 64453 64454 64455 64456 64457 64458 64459 64460 64461 64462 64463 64464 64465 64466 64467 64468 64469 64470 64471 64472 64473 64474 64475 64476 64477 64478 64479 64480 64481 64482 64483 64484 64485 64486 64487 64488 64489 64490 64491 64492 64493 64494 64495 64496 64497 64498 64499 64500 64501 64502 64503 64504 64505 64506 64507 64508 64509 64510 64511 64512 64513 64514 64515 64516 64517 64518 64519 64520 64521 64522 64523 64524 64525 64526 64527 64528 64529 64530 64531 64532 64533 64534 64535 64536 64537 64538 64539 64540 64541 64542 64543 64544 64545 64546 64547 64548 64549 64550 64551 64552 64553 64554 64555 64556 64557 64558 64559 64560 64561 64562 64563 64564 64565 64566 64567 64568 64569 64570 64571 64572 64573 64574 64575 64576 64577 64578 64579 64580 64581 64582 64583 64584 64585 64586 64587 64588 64589 64590 64591 64592 64593 64594 64595 64596 64597 64598 64599 64600 64601 64602 64603 64604 64605 64606 64607 64608 64609 64610 64611 64612 64613 64614 64615 64616 64617 64618 64619 64620 64621 64622 64623 64624 64625 64626 64627 64628 64629 64630 64631 64632 64633 64634 64635 64636 64637 64638 64639 64640 64641 64642 64643 64644 64645 64646 64647 64648 64649 64650 64651 64652 64653 64654 64655 64656 64657 64658 64659 64660 64661 64662 64663 64664 64665 64666 64667 64668 64669 64670 64671 64672 64673 64674 64675 64676 64677 64678 64679 64680 64681 64682 64683 64684 64685 64686 64687 64688 64689 64690 64691 64692 64693 64694 64695 64696 64697 64698 64699 64700 64701 64702 64703 64704 64705 64706 64707 64708 64709 64710 64711 64712 64713 64714 64715 64716 64717 64718 64719 64720 64721 64722 64723 64724 64725 64726 64727 64728 64729 64730 64731 64732 64733 64734 64735 64736 64737 64738 64739 64740 64741 64742 64743 64744 64745 64746 64747 64748 64749 64750 64751 64752 64753 64754 64755 64756 64757 64758 64759 64760 64761 64762 64763 64764 64765 64766 64767 64768 64769 64770 64771 64772 64773 64774 64775 64776 64777 64778 64779 64780 64781 64782 64783 64784 64785 64786 64787 64788 64789 64790 64791 64792 64793 64794 64795 64796 64797 64798 64799 64800 64801 64802 64803 64804 64805 64806 64807 64808 64809 64810 64811 64812 64813 64814 64815 64816 64817 64818 64819 64820 64821 64822 64823 64824 64825 64826 64827 64828 64829 64830 64831 64832 64833 64834 64835 64836 64837 64838 64839 64840 64841 64842 64843 64844 64845 64846 64847 64848 64849 64850 64851 64852 64853 64854 64855 64856 64857 64858 64859 64860 64861 64862 64863 64864 64865 64866 64867 64868 64869 64870 64871 64872 64873 64874 64875 64876 64877 64878 64879 64880 64881 64882 64883 64884 64885 64886 64887 64888 64889 64890 64891 64892 64893 64894 64895 64896 64897 64898 64899 64900 64901 64902 64903 64904 64905 64906 64907 64908 64909 64910 64911 64912 64913 64914 64915 64916 64917 64918 64919 64920 64921 64922 64923 64924 64925 64926 64927 64928 64929 64930 64931 64932 64933 64934 64935 64936 64937 64938 64939 64940 64941 64942 64943 64944 64945 64946 64947 64948 64949 64950 64951 64952 64953 64954 64955 64956 64957 64958 64959 64960 64961 64962 64963 64964 64965 64966 64967 64968 64969 64970 64971 64972 64973 64974 64975 64976 64977 64978 64979 64980 64981 64982 64983 64984 64985 64986 64987 64988 64989 64990 64991 64992 64993 64994 64995 64996 64997 64998 64999 65000 65001 65002 65003 65004 65005 65006 65007 65008 65009 65010 65011 65012 65013 65014 65015 65016 65017 65018 65019 65020 65021 65022 65023 65024 65025 65026 65027 65028 65029 65030 65031 65032 65033 65034 65035 65036 65037 65038 65039 65040 65041 65042 65043 65044 65045 65046 65047 65048 65049 65050 65051 65052 65053 65054 65055 65056 65057 65058 65059 65060 65061 65062 65063 65064 65065 65066 65067 65068 65069 65070 65071 65072 65073 65074 65075 65076 65077 65078 65079 65080 65081 65082 65083 65084 65085 65086 65087 65088 65089 65090 65091 65092 65093 65094 65095 65096 65097 65098 65099 65100 65101 65102 65103 65104 65105 65106 65107 65108 65109 65110 65111 65112 65113 65114 65115 65116 65117 65118 65119 65120 65121 65122 65123 65124 65125 65126 65127 65128 65129 65130 65131 65132 65133 65134 65135 65136 65137 65138 65139 65140 65141 65142 65143 65144 65145 65146 65147 65148 65149 65150 65151 65152 65153 65154 65155 65156 65157 65158 65159 65160 65161 65162 65163 65164 65165 65166 65167 65168 65169 65170 65171 65172 65173 65174 65175 65176 65177 65178 65179 65180 65181 65182 65183 65184 65185 65186 65187 65188 65189 65190 65191 65192 65193 65194 65195 65196 65197 65198 65199 65200 65201 65202 65203 65204 65205 65206 65207 65208 65209 65210 65211 65212 65213 65214 65215 65216 65217 65218 65219 65220 65221 65222 65223 65224 65225 65226 65227 65228 65229 65230 65231 65232 65233 65234 65235 65236 65237 65238 65239 65240 65241 65242 65243 65244 65245 65246 65247 65248 65249 65250 65251 65252 65253 65254 65255 65256 65257 65258 65259 65260 65261 65262 65263 65264 65265 65266 65267 65268 65269 65270 65271 65272 65273 65274 65275 65276 65277 65278 65279 65280 65281 65282 65283 65284 65285 65286 65287 65288 65289 65290 65291 65292 65293 65294 65295 65296 65297 65298 65299 65300 65301 65302 65303 65304 65305 65306 65307 65308 65309 65310 65311 65312 65313 65314 65315 65316 65317 65318 65319 65320 65321 65322 65323 65324 65325 65326 65327 65328 65329 65330 65331 65332 65333 65334 65335 65336 65337 65338 65339 65340 65341 65342 65343 65344 65345 65346 65347 65348 65349 65350 65351 65352 65353 65354 65355 65356 65357 65358 65359 65360 65361 65362 65363 65364 65365 65366 65367 65368 65369 65370 65371 65372 65373 65374 65375 65376 65377 65378 65379 65380 65381 65382 65383 65384 65385 65386 65387 65388 65389 65390 65391 65392 65393 65394 65395 65396 65397 65398 65399 65400 65401 65402 65403 65404 65405 65406 65407 65408 65409 65410 65411 65412 65413 65414 65415 65416 65417 65418 65419 65420 65421 65422 65423 65424 65425 65426 65427 65428 65429 65430 65431 65432 65433 65434 65435 65436 65437 65438 65439 65440 65441 65442 65443 65444 65445 65446 65447 65448 65449 65450 65451 65452 65453 65454 65455 65456 65457 65458 65459 65460 65461 65462 65463 65464 65465 65466 65467 65468 65469 65470 65471 65472 65473 65474 65475 65476 65477 65478 65479 65480 65481 65482 65483 65484 65485 65486 65487 65488 65489 65490 65491 65492 65493 65494 65495 65496 65497 65498 65499 65500 65501 65502 65503 65504 65505 65506 65507 65508 65509 65510 65511 65512 65513 65514 65515 65516 65517 65518 65519 65520 65521 65522 65523 65524 65525 65526 65527 65528 65529 65530 65531 65532 65533 65534 65535 65536 65537 65538 65539 65540 65541 65542 65543 65544 65545 65546 65547 65548 65549 65550 65551 65552 65553 65554 65555 65556 65557 65558 65559 65560 65561 65562 65563 65564 65565 65566 65567 65568 65569 65570 65571 65572 65573 65574 65575 65576 65577 65578 65579 65580 65581 65582 65583 65584 65585 65586 65587 65588 65589 65590 65591 65592 65593 65594 65595 65596 65597 65598 65599 65600 65601 65602 65603 65604 65605 65606 65607 65608 65609 65610 65611 65612 65613 65614 65615 65616 65617 65618 65619 65620 65621 65622 65623 65624 65625 65626 65627 65628 65629 65630 65631 65632 65633 65634 65635 65636 65637 65638 65639 65640 65641 65642 65643 65644 65645 65646 65647 65648 65649 65650 65651 65652 65653 65654 65655 65656 65657 65658 65659 65660 65661 65662 65663 65664 65665 65666 65667 65668 65669 65670 65671 65672 65673 65674 65675 65676 65677 65678 65679 65680 65681 65682 65683 65684 65685 65686 65687 65688 65689 65690 65691 65692 65693 65694 65695 65696 65697 65698 65699 65700 65701 65702 65703 65704 65705 65706 65707 65708 65709 65710 65711 65712 65713 65714 65715 65716 65717 65718 65719 65720 65721 65722 65723 65724 65725 65726 65727 65728 65729 65730 65731 65732 65733 65734 65735 65736 65737 65738 65739 65740 65741 65742 65743 65744 65745 65746 65747 65748 65749 65750 65751 65752 65753 65754 65755 65756 65757 65758 65759 65760 65761 65762 65763 65764 65765 65766 65767 65768 65769 65770 65771 65772 65773 65774 65775 65776 65777 65778 65779 65780 65781 65782 65783 65784 65785 65786 65787 65788 65789 65790 65791 65792 65793 65794 65795 65796 65797 65798 65799 65800 65801 65802 65803 65804 65805 65806 65807 65808 65809 65810 65811 65812 65813 65814 65815 65816 65817 65818 65819 65820 65821 65822 65823 65824 65825 65826 65827 65828 65829 65830 65831 65832 65833 65834 65835 65836 65837 65838 65839 65840 65841 65842 65843 65844 65845 65846 65847 65848 65849 65850 65851 65852 65853 65854 65855 65856 65857 65858 65859 65860 65861 65862 65863 65864 65865 65866 65867 65868 65869 65870 65871 65872 65873 65874 65875 65876 65877 65878 65879 65880 65881 65882 65883 65884 65885 65886 65887 65888 65889 65890 65891 65892 65893 65894 65895 65896 65897 65898 65899 65900 65901 65902 65903 65904 65905 65906 65907 65908 65909 65910 65911 65912 65913 65914 65915 65916 65917 65918 65919 65920 65921 65922 65923 65924 65925 65926 65927 65928 65929 65930 65931 65932 65933 65934 65935 65936 65937 65938 65939 65940 65941 65942 65943 65944 65945 65946 65947 65948 65949 65950 65951 65952 65953 65954 65955 65956 65957 65958 65959 65960 65961 65962 65963 65964 65965 65966 65967 65968 65969 65970 65971 65972 65973 65974 65975 65976 65977 65978 65979 65980 65981 65982 65983 65984 65985 65986 65987 65988 65989 65990 65991 65992 65993 65994 65995 65996 65997 65998 65999 66000 66001 66002 66003 66004 66005 66006 66007 66008 66009 66010 66011 66012 66013 66014 66015 66016 66017 66018 66019 66020 66021 66022 66023 66024 66025 66026 66027 66028 66029 66030 66031 66032 66033 66034 66035 66036 66037 66038 66039 66040 66041 66042 66043 66044 66045 66046 66047 66048 66049 66050 66051 66052 66053 66054 66055 66056 66057 66058 66059 66060 66061 66062 66063 66064 66065 66066 66067 66068 66069 66070 66071 66072 66073 66074 66075 66076 66077 66078 66079 66080 66081 66082 66083 66084 66085 66086 66087 66088 66089 66090 66091 66092 66093 66094 66095 66096 66097 66098 66099 66100 66101 66102 66103 66104 66105 66106 66107 66108 66109 66110 66111 66112 66113 66114 66115 66116 66117 66118 66119 66120 66121 66122 66123 66124 66125 66126 66127 66128 66129 66130 66131 66132 66133 66134 66135 66136 66137 66138 66139 66140 66141 66142 66143 66144 66145 66146 66147 66148 66149 66150 66151 66152 66153 66154 66155 66156 66157 66158 66159 66160 66161 66162 66163 66164 66165 66166 66167 66168 66169 66170 66171 66172 66173 66174 66175 66176 66177 66178 66179 66180 66181 66182 66183 66184 66185 66186 66187 66188 66189 66190 66191 66192 66193 66194 66195 66196 66197 66198 66199 66200 66201 66202 66203 66204 66205 66206 66207 66208 66209 66210 66211 66212 66213 66214 66215 66216 66217 66218 66219 66220 66221 66222 66223 66224 66225 66226 66227 66228 66229 66230 66231 66232 66233 66234 66235 66236 66237 66238 66239 66240 66241 66242 66243 66244 66245 66246 66247 66248 66249 66250 66251 66252 66253 66254 66255 66256 66257 66258 66259 66260 66261 66262 66263 66264 66265 66266 66267 66268 66269 66270 66271 66272 66273 66274 66275 66276 66277 66278 66279 66280 66281 66282 66283 66284 66285 66286 66287 66288 66289 66290 66291 66292 66293 66294 66295 66296 66297 66298 66299 66300 66301 66302 66303 66304 66305 66306 66307 66308 66309 66310 66311 66312 66313 66314 66315 66316 66317 66318 66319 66320 66321 66322 66323 66324 66325 66326 66327 66328 66329 66330 66331 66332 66333 66334 66335 66336 66337 66338 66339 66340 66341 66342 66343 66344 66345 66346 66347 66348 66349 66350 66351 66352 66353 66354 66355 66356 66357 66358 66359 66360 66361 66362 66363 66364 66365 66366 66367 66368 66369 66370 66371 66372 66373 66374 66375 66376 66377 66378 66379 66380 66381 66382 66383 66384 66385 66386 66387 66388 66389 66390 66391 66392 66393 66394 66395 66396 66397 66398 66399 66400 66401 66402 66403 66404 66405 66406 66407 66408 66409 66410 66411 66412 66413 66414 66415 66416 66417 66418 66419 66420 66421 66422 66423 66424 66425 66426 66427 66428 66429 66430 66431 66432 66433 66434 66435 66436 66437 66438 66439 66440 66441 66442 66443 66444 66445 66446 66447 66448 66449 66450 66451 66452 66453 66454 66455 66456 66457 66458 66459 66460 66461 66462 66463 66464 66465 66466 66467 66468 66469 66470 66471 66472 66473 66474 66475 66476 66477 66478 66479 66480 66481 66482 66483 66484 66485 66486 66487 66488 66489 66490 66491 66492 66493 66494 66495 66496 66497 66498 66499 66500 66501 66502 66503 66504 66505 66506 66507 66508 66509 66510 66511 66512 66513 66514 66515 66516 66517 66518 66519 66520 66521 66522 66523 66524 66525 66526 66527 66528 66529 66530 66531 66532 66533 66534 66535 66536 66537 66538 66539 66540 66541 66542 66543 66544 66545 66546 66547 66548 66549 66550 66551 66552 66553 66554 66555 66556 66557 66558 66559 66560 66561 66562 66563 66564 66565 66566 66567 66568 66569 66570 66571 66572 66573 66574 66575 66576 66577 66578 66579 66580 66581 66582 66583 66584 66585 66586 66587 66588 66589 66590 66591 66592 66593 66594 66595 66596 66597 66598 66599 66600 66601 66602 66603 66604 66605 66606 66607 66608 66609 66610 66611 66612 66613 66614 66615 66616 66617 66618 66619 66620 66621 66622 66623 66624 66625 66626 66627 66628 66629 66630 66631 66632 66633 66634 66635 66636 66637 66638 66639 66640 66641 66642 66643 66644 66645 66646 66647 66648 66649 66650 66651 66652 66653 66654 66655 66656 66657 66658 66659 66660 66661 66662 66663 66664 66665 66666 66667 66668 66669 66670 66671 66672 66673 66674 66675 66676 66677 66678 66679), :fn square, :registry {square (clojure.core/fn [x] (* x x))}, :type :map}
submitting task
executing task
{:args (70014 70015 70016 70017 70018 70019 70020 70021 70022 70023 70024 70025 70026 70027 70028 70029 70030 70031 70032 70033 70034 70035 70036 70037 70038 70039 70040 70041 70042 70043 70044 70045 70046 70047 70048 70049 70050 70051 70052 70053 70054 70055 70056 70057 70058 70059 70060 70061 70062 70063 70064 70065 70066 70067 70068 70069 70070 70071 70072 70073 70074 70075 70076 70077 70078 70079 70080 70081 70082 70083 70084 70085 70086 70087 70088 70089 70090 70091 70092 70093 70094 70095 70096 70097 70098 70099 70100 70101 70102 70103 70104 70105 70106 70107 70108 70109 70110 70111 70112 70113 70114 70115 70116 70117 70118 70119 70120 70121 70122 70123 70124 70125 70126 70127 70128 70129 70130 70131 70132 70133 70134 70135 70136 70137 70138 70139 70140 70141 70142 70143 70144 70145 70146 70147 70148 70149 70150 70151 70152 70153 70154 70155 70156 70157 70158 70159 70160 70161 70162 70163 70164 70165 70166 70167 70168 70169 70170 70171 70172 70173 70174 70175 70176 70177 70178 70179 70180 70181 70182 70183 70184 70185 70186 70187 70188 70189 70190 70191 70192 70193 70194 70195 70196 70197 70198 70199 70200 70201 70202 70203 70204 70205 70206 70207 70208 70209 70210 70211 70212 70213 70214 70215 70216 70217 70218 70219 70220 70221 70222 70223 70224 70225 70226 70227 70228 70229 70230 70231 70232 70233 70234 70235 70236 70237 70238 70239 70240 70241 70242 70243 70244 70245 70246 70247 70248 70249 70250 70251 70252 70253 70254 70255 70256 70257 70258 70259 70260 70261 70262 70263 70264 70265 70266 70267 70268 70269 70270 70271 70272 70273 70274 70275 70276 70277 70278 70279 70280 70281 70282 70283 70284 70285 70286 70287 70288 70289 70290 70291 70292 70293 70294 70295 70296 70297 70298 70299 70300 70301 70302 70303 70304 70305 70306 70307 70308 70309 70310 70311 70312 70313 70314 70315 70316 70317 70318 70319 70320 70321 70322 70323 70324 70325 70326 70327 70328 70329 70330 70331 70332 70333 70334 70335 70336 70337 70338 70339 70340 70341 70342 70343 70344 70345 70346 70347 70348 70349 70350 70351 70352 70353 70354 70355 70356 70357 70358 70359 70360 70361 70362 70363 70364 70365 70366 70367 70368 70369 70370 70371 70372 70373 70374 70375 70376 70377 70378 70379 70380 70381 70382 70383 70384 70385 70386 70387 70388 70389 70390 70391 70392 70393 70394 70395 70396 70397 70398 70399 70400 70401 70402 70403 70404 70405 70406 70407 70408 70409 70410 70411 70412 70413 70414 70415 70416 70417 70418 70419 70420 70421 70422 70423 70424 70425 70426 70427 70428 70429 70430 70431 70432 70433 70434 70435 70436 70437 70438 70439 70440 70441 70442 70443 70444 70445 70446 70447 70448 70449 70450 70451 70452 70453 70454 70455 70456 70457 70458 70459 70460 70461 70462 70463 70464 70465 70466 70467 70468 70469 70470 70471 70472 70473 70474 70475 70476 70477 70478 70479 70480 70481 70482 70483 70484 70485 70486 70487 70488 70489 70490 70491 70492 70493 70494 70495 70496 70497 70498 70499 70500 70501 70502 70503 70504 70505 70506 70507 70508 70509 70510 70511 70512 70513 70514 70515 70516 70517 70518 70519 70520 70521 70522 70523 70524 70525 70526 70527 70528 70529 70530 70531 70532 70533 70534 70535 70536 70537 70538 70539 70540 70541 70542 70543 70544 70545 70546 70547 70548 70549 70550 70551 70552 70553 70554 70555 70556 70557 70558 70559 70560 70561 70562 70563 70564 70565 70566 70567 70568 70569 70570 70571 70572 70573 70574 70575 70576 70577 70578 70579 70580 70581 70582 70583 70584 70585 70586 70587 70588 70589 70590 70591 70592 70593 70594 70595 70596 70597 70598 70599 70600 70601 70602 70603 70604 70605 70606 70607 70608 70609 70610 70611 70612 70613 70614 70615 70616 70617 70618 70619 70620 70621 70622 70623 70624 70625 70626 70627 70628 70629 70630 70631 70632 70633 70634 70635 70636 70637 70638 70639 70640 70641 70642 70643 70644 70645 70646 70647 70648 70649 70650 70651 70652 70653 70654 70655 70656 70657 70658 70659 70660 70661 70662 70663 70664 70665 70666 70667 70668 70669 70670 70671 70672 70673 70674 70675 70676 70677 70678 70679 70680 70681 70682 70683 70684 70685 70686 70687 70688 70689 70690 70691 70692 70693 70694 70695 70696 70697 70698 70699 70700 70701 70702 70703 70704 70705 70706 70707 70708 70709 70710 70711 70712 70713 70714 70715 70716 70717 70718 70719 70720 70721 70722 70723 70724 70725 70726 70727 70728 70729 70730 70731 70732 70733 70734 70735 70736 70737 70738 70739 70740 70741 70742 70743 70744 70745 70746 70747 70748 70749 70750 70751 70752 70753 70754 70755 70756 70757 70758 70759 70760 70761 70762 70763 70764 70765 70766 70767 70768 70769 70770 70771 70772 70773 70774 70775 70776 70777 70778 70779 70780 70781 70782 70783 70784 70785 70786 70787 70788 70789 70790 70791 70792 70793 70794 70795 70796 70797 70798 70799 70800 70801 70802 70803 70804 70805 70806 70807 70808 70809 70810 70811 70812 70813 70814 70815 70816 70817 70818 70819 70820 70821 70822 70823 70824 70825 70826 70827 70828 70829 70830 70831 70832 70833 70834 70835 70836 70837 70838 70839 70840 70841 70842 70843 70844 70845 70846 70847 70848 70849 70850 70851 70852 70853 70854 70855 70856 70857 70858 70859 70860 70861 70862 70863 70864 70865 70866 70867 70868 70869 70870 70871 70872 70873 70874 70875 70876 70877 70878 70879 70880 70881 70882 70883 70884 70885 70886 70887 70888 70889 70890 70891 70892 70893 70894 70895 70896 70897 70898 70899 70900 70901 70902 70903 70904 70905 70906 70907 70908 70909 70910 70911 70912 70913 70914 70915 70916 70917 70918 70919 70920 70921 70922 70923 70924 70925 70926 70927 70928 70929 70930 70931 70932 70933 70934 70935 70936 70937 70938 70939 70940 70941 70942 70943 70944 70945 70946 70947 70948 70949 70950 70951 70952 70953 70954 70955 70956 70957 70958 70959 70960 70961 70962 70963 70964 70965 70966 70967 70968 70969 70970 70971 70972 70973 70974 70975 70976 70977 70978 70979 70980 70981 70982 70983 70984 70985 70986 70987 70988 70989 70990 70991 70992 70993 70994 70995 70996 70997 70998 70999 71000 71001 71002 71003 71004 71005 71006 71007 71008 71009 71010 71011 71012 71013 71014 71015 71016 71017 71018 71019 71020 71021 71022 71023 71024 71025 71026 71027 71028 71029 71030 71031 71032 71033 71034 71035 71036 71037 71038 71039 71040 71041 71042 71043 71044 71045 71046 71047 71048 71049 71050 71051 71052 71053 71054 71055 71056 71057 71058 71059 71060 71061 71062 71063 71064 71065 71066 71067 71068 71069 71070 71071 71072 71073 71074 71075 71076 71077 71078 71079 71080 71081 71082 71083 71084 71085 71086 71087 71088 71089 71090 71091 71092 71093 71094 71095 71096 71097 71098 71099 71100 71101 71102 71103 71104 71105 71106 71107 71108 71109 71110 71111 71112 71113 71114 71115 71116 71117 71118 71119 71120 71121 71122 71123 71124 71125 71126 71127 71128 71129 71130 71131 71132 71133 71134 71135 71136 71137 71138 71139 71140 71141 71142 71143 71144 71145 71146 71147 71148 71149 71150 71151 71152 71153 71154 71155 71156 71157 71158 71159 71160 71161 71162 71163 71164 71165 71166 71167 71168 71169 71170 71171 71172 71173 71174 71175 71176 71177 71178 71179 71180 71181 71182 71183 71184 71185 71186 71187 71188 71189 71190 71191 71192 71193 71194 71195 71196 71197 71198 71199 71200 71201 71202 71203 71204 71205 71206 71207 71208 71209 71210 71211 71212 71213 71214 71215 71216 71217 71218 71219 71220 71221 71222 71223 71224 71225 71226 71227 71228 71229 71230 71231 71232 71233 71234 71235 71236 71237 71238 71239 71240 71241 71242 71243 71244 71245 71246 71247 71248 71249 71250 71251 71252 71253 71254 71255 71256 71257 71258 71259 71260 71261 71262 71263 71264 71265 71266 71267 71268 71269 71270 71271 71272 71273 71274 71275 71276 71277 71278 71279 71280 71281 71282 71283 71284 71285 71286 71287 71288 71289 71290 71291 71292 71293 71294 71295 71296 71297 71298 71299 71300 71301 71302 71303 71304 71305 71306 71307 71308 71309 71310 71311 71312 71313 71314 71315 71316 71317 71318 71319 71320 71321 71322 71323 71324 71325 71326 71327 71328 71329 71330 71331 71332 71333 71334 71335 71336 71337 71338 71339 71340 71341 71342 71343 71344 71345 71346 71347 71348 71349 71350 71351 71352 71353 71354 71355 71356 71357 71358 71359 71360 71361 71362 71363 71364 71365 71366 71367 71368 71369 71370 71371 71372 71373 71374 71375 71376 71377 71378 71379 71380 71381 71382 71383 71384 71385 71386 71387 71388 71389 71390 71391 71392 71393 71394 71395 71396 71397 71398 71399 71400 71401 71402 71403 71404 71405 71406 71407 71408 71409 71410 71411 71412 71413 71414 71415 71416 71417 71418 71419 71420 71421 71422 71423 71424 71425 71426 71427 71428 71429 71430 71431 71432 71433 71434 71435 71436 71437 71438 71439 71440 71441 71442 71443 71444 71445 71446 71447 71448 71449 71450 71451 71452 71453 71454 71455 71456 71457 71458 71459 71460 71461 71462 71463 71464 71465 71466 71467 71468 71469 71470 71471 71472 71473 71474 71475 71476 71477 71478 71479 71480 71481 71482 71483 71484 71485 71486 71487 71488 71489 71490 71491 71492 71493 71494 71495 71496 71497 71498 71499 71500 71501 71502 71503 71504 71505 71506 71507 71508 71509 71510 71511 71512 71513 71514 71515 71516 71517 71518 71519 71520 71521 71522 71523 71524 71525 71526 71527 71528 71529 71530 71531 71532 71533 71534 71535 71536 71537 71538 71539 71540 71541 71542 71543 71544 71545 71546 71547 71548 71549 71550 71551 71552 71553 71554 71555 71556 71557 71558 71559 71560 71561 71562 71563 71564 71565 71566 71567 71568 71569 71570 71571 71572 71573 71574 71575 71576 71577 71578 71579 71580 71581 71582 71583 71584 71585 71586 71587 71588 71589 71590 71591 71592 71593 71594 71595 71596 71597 71598 71599 71600 71601 71602 71603 71604 71605 71606 71607 71608 71609 71610 71611 71612 71613 71614 71615 71616 71617 71618 71619 71620 71621 71622 71623 71624 71625 71626 71627 71628 71629 71630 71631 71632 71633 71634 71635 71636 71637 71638 71639 71640 71641 71642 71643 71644 71645 71646 71647 71648 71649 71650 71651 71652 71653 71654 71655 71656 71657 71658 71659 71660 71661 71662 71663 71664 71665 71666 71667 71668 71669 71670 71671 71672 71673 71674 71675 71676 71677 71678 71679 71680 71681 71682 71683 71684 71685 71686 71687 71688 71689 71690 71691 71692 71693 71694 71695 71696 71697 71698 71699 71700 71701 71702 71703 71704 71705 71706 71707 71708 71709 71710 71711 71712 71713 71714 71715 71716 71717 71718 71719 71720 71721 71722 71723 71724 71725 71726 71727 71728 71729 71730 71731 71732 71733 71734 71735 71736 71737 71738 71739 71740 71741 71742 71743 71744 71745 71746 71747 71748 71749 71750 71751 71752 71753 71754 71755 71756 71757 71758 71759 71760 71761 71762 71763 71764 71765 71766 71767 71768 71769 71770 71771 71772 71773 71774 71775 71776 71777 71778 71779 71780 71781 71782 71783 71784 71785 71786 71787 71788 71789 71790 71791 71792 71793 71794 71795 71796 71797 71798 71799 71800 71801 71802 71803 71804 71805 71806 71807 71808 71809 71810 71811 71812 71813 71814 71815 71816 71817 71818 71819 71820 71821 71822 71823 71824 71825 71826 71827 71828 71829 71830 71831 71832 71833 71834 71835 71836 71837 71838 71839 71840 71841 71842 71843 71844 71845 71846 71847 71848 71849 71850 71851 71852 71853 71854 71855 71856 71857 71858 71859 71860 71861 71862 71863 71864 71865 71866 71867 71868 71869 71870 71871 71872 71873 71874 71875 71876 71877 71878 71879 71880 71881 71882 71883 71884 71885 71886 71887 71888 71889 71890 71891 71892 71893 71894 71895 71896 71897 71898 71899 71900 71901 71902 71903 71904 71905 71906 71907 71908 71909 71910 71911 71912 71913 71914 71915 71916 71917 71918 71919 71920 71921 71922 71923 71924 71925 71926 71927 71928 71929 71930 71931 71932 71933 71934 71935 71936 71937 71938 71939 71940 71941 71942 71943 71944 71945 71946 71947 71948 71949 71950 71951 71952 71953 71954 71955 71956 71957 71958 71959 71960 71961 71962 71963 71964 71965 71966 71967 71968 71969 71970 71971 71972 71973 71974 71975 71976 71977 71978 71979 71980 71981 71982 71983 71984 71985 71986 71987 71988 71989 71990 71991 71992 71993 71994 71995 71996 71997 71998 71999 72000 72001 72002 72003 72004 72005 72006 72007 72008 72009 72010 72011 72012 72013 72014 72015 72016 72017 72018 72019 72020 72021 72022 72023 72024 72025 72026 72027 72028 72029 72030 72031 72032 72033 72034 72035 72036 72037 72038 72039 72040 72041 72042 72043 72044 72045 72046 72047 72048 72049 72050 72051 72052 72053 72054 72055 72056 72057 72058 72059 72060 72061 72062 72063 72064 72065 72066 72067 72068 72069 72070 72071 72072 72073 72074 72075 72076 72077 72078 72079 72080 72081 72082 72083 72084 72085 72086 72087 72088 72089 72090 72091 72092 72093 72094 72095 72096 72097 72098 72099 72100 72101 72102 72103 72104 72105 72106 72107 72108 72109 72110 72111 72112 72113 72114 72115 72116 72117 72118 72119 72120 72121 72122 72123 72124 72125 72126 72127 72128 72129 72130 72131 72132 72133 72134 72135 72136 72137 72138 72139 72140 72141 72142 72143 72144 72145 72146 72147 72148 72149 72150 72151 72152 72153 72154 72155 72156 72157 72158 72159 72160 72161 72162 72163 72164 72165 72166 72167 72168 72169 72170 72171 72172 72173 72174 72175 72176 72177 72178 72179 72180 72181 72182 72183 72184 72185 72186 72187 72188 72189 72190 72191 72192 72193 72194 72195 72196 72197 72198 72199 72200 72201 72202 72203 72204 72205 72206 72207 72208 72209 72210 72211 72212 72213 72214 72215 72216 72217 72218 72219 72220 72221 72222 72223 72224 72225 72226 72227 72228 72229 72230 72231 72232 72233 72234 72235 72236 72237 72238 72239 72240 72241 72242 72243 72244 72245 72246 72247 72248 72249 72250 72251 72252 72253 72254 72255 72256 72257 72258 72259 72260 72261 72262 72263 72264 72265 72266 72267 72268 72269 72270 72271 72272 72273 72274 72275 72276 72277 72278 72279 72280 72281 72282 72283 72284 72285 72286 72287 72288 72289 72290 72291 72292 72293 72294 72295 72296 72297 72298 72299 72300 72301 72302 72303 72304 72305 72306 72307 72308 72309 72310 72311 72312 72313 72314 72315 72316 72317 72318 72319 72320 72321 72322 72323 72324 72325 72326 72327 72328 72329 72330 72331 72332 72333 72334 72335 72336 72337 72338 72339 72340 72341 72342 72343 72344 72345 72346 72347 72348 72349 72350 72351 72352 72353 72354 72355 72356 72357 72358 72359 72360 72361 72362 72363 72364 72365 72366 72367 72368 72369 72370 72371 72372 72373 72374 72375 72376 72377 72378 72379 72380 72381 72382 72383 72384 72385 72386 72387 72388 72389 72390 72391 72392 72393 72394 72395 72396 72397 72398 72399 72400 72401 72402 72403 72404 72405 72406 72407 72408 72409 72410 72411 72412 72413 72414 72415 72416 72417 72418 72419 72420 72421 72422 72423 72424 72425 72426 72427 72428 72429 72430 72431 72432 72433 72434 72435 72436 72437 72438 72439 72440 72441 72442 72443 72444 72445 72446 72447 72448 72449 72450 72451 72452 72453 72454 72455 72456 72457 72458 72459 72460 72461 72462 72463 72464 72465 72466 72467 72468 72469 72470 72471 72472 72473 72474 72475 72476 72477 72478 72479 72480 72481 72482 72483 72484 72485 72486 72487 72488 72489 72490 72491 72492 72493 72494 72495 72496 72497 72498 72499 72500 72501 72502 72503 72504 72505 72506 72507 72508 72509 72510 72511 72512 72513 72514 72515 72516 72517 72518 72519 72520 72521 72522 72523 72524 72525 72526 72527 72528 72529 72530 72531 72532 72533 72534 72535 72536 72537 72538 72539 72540 72541 72542 72543 72544 72545 72546 72547 72548 72549 72550 72551 72552 72553 72554 72555 72556 72557 72558 72559 72560 72561 72562 72563 72564 72565 72566 72567 72568 72569 72570 72571 72572 72573 72574 72575 72576 72577 72578 72579 72580 72581 72582 72583 72584 72585 72586 72587 72588 72589 72590 72591 72592 72593 72594 72595 72596 72597 72598 72599 72600 72601 72602 72603 72604 72605 72606 72607 72608 72609 72610 72611 72612 72613 72614 72615 72616 72617 72618 72619 72620 72621 72622 72623 72624 72625 72626 72627 72628 72629 72630 72631 72632 72633 72634 72635 72636 72637 72638 72639 72640 72641 72642 72643 72644 72645 72646 72647 72648 72649 72650 72651 72652 72653 72654 72655 72656 72657 72658 72659 72660 72661 72662 72663 72664 72665 72666 72667 72668 72669 72670 72671 72672 72673 72674 72675 72676 72677 72678 72679 72680 72681 72682 72683 72684 72685 72686 72687 72688 72689 72690 72691 72692 72693 72694 72695 72696 72697 72698 72699 72700 72701 72702 72703 72704 72705 72706 72707 72708 72709 72710 72711 72712 72713 72714 72715 72716 72717 72718 72719 72720 72721 72722 72723 72724 72725 72726 72727 72728 72729 72730 72731 72732 72733 72734 72735 72736 72737 72738 72739 72740 72741 72742 72743 72744 72745 72746 72747 72748 72749 72750 72751 72752 72753 72754 72755 72756 72757 72758 72759 72760 72761 72762 72763 72764 72765 72766 72767 72768 72769 72770 72771 72772 72773 72774 72775 72776 72777 72778 72779 72780 72781 72782 72783 72784 72785 72786 72787 72788 72789 72790 72791 72792 72793 72794 72795 72796 72797 72798 72799 72800 72801 72802 72803 72804 72805 72806 72807 72808 72809 72810 72811 72812 72813 72814 72815 72816 72817 72818 72819 72820 72821 72822 72823 72824 72825 72826 72827 72828 72829 72830 72831 72832 72833 72834 72835 72836 72837 72838 72839 72840 72841 72842 72843 72844 72845 72846 72847 72848 72849 72850 72851 72852 72853 72854 72855 72856 72857 72858 72859 72860 72861 72862 72863 72864 72865 72866 72867 72868 72869 72870 72871 72872 72873 72874 72875 72876 72877 72878 72879 72880 72881 72882 72883 72884 72885 72886 72887 72888 72889 72890 72891 72892 72893 72894 72895 72896 72897 72898 72899 72900 72901 72902 72903 72904 72905 72906 72907 72908 72909 72910 72911 72912 72913 72914 72915 72916 72917 72918 72919 72920 72921 72922 72923 72924 72925 72926 72927 72928 72929 72930 72931 72932 72933 72934 72935 72936 72937 72938 72939 72940 72941 72942 72943 72944 72945 72946 72947 72948 72949 72950 72951 72952 72953 72954 72955 72956 72957 72958 72959 72960 72961 72962 72963 72964 72965 72966 72967 72968 72969 72970 72971 72972 72973 72974 72975 72976 72977 72978 72979 72980 72981 72982 72983 72984 72985 72986 72987 72988 72989 72990 72991 72992 72993 72994 72995 72996 72997 72998 72999 73000 73001 73002 73003 73004 73005 73006 73007 73008 73009 73010 73011 73012 73013 73014 73015 73016 73017 73018 73019 73020 73021 73022 73023 73024 73025 73026 73027 73028 73029 73030 73031 73032 73033 73034 73035 73036 73037 73038 73039 73040 73041 73042 73043 73044 73045 73046 73047 73048 73049 73050 73051 73052 73053 73054 73055 73056 73057 73058 73059 73060 73061 73062 73063 73064 73065 73066 73067 73068 73069 73070 73071 73072 73073 73074 73075 73076 73077 73078 73079 73080 73081 73082 73083 73084 73085 73086 73087 73088 73089 73090 73091 73092 73093 73094 73095 73096 73097 73098 73099 73100 73101 73102 73103 73104 73105 73106 73107 73108 73109 73110 73111 73112 73113 73114 73115 73116 73117 73118 73119 73120 73121 73122 73123 73124 73125 73126 73127 73128 73129 73130 73131 73132 73133 73134 73135 73136 73137 73138 73139 73140 73141 73142 73143 73144 73145 73146 73147 73148 73149 73150 73151 73152 73153 73154 73155 73156 73157 73158 73159 73160 73161 73162 73163 73164 73165 73166 73167 73168 73169 73170 73171 73172 73173 73174 73175 73176 73177 73178 73179 73180 73181 73182 73183 73184 73185 73186 73187 73188 73189 73190 73191 73192 73193 73194 73195 73196 73197 73198 73199 73200 73201 73202 73203 73204 73205 73206 73207 73208 73209 73210 73211 73212 73213 73214 73215 73216 73217 73218 73219 73220 73221 73222 73223 73224 73225 73226 73227 73228 73229 73230 73231 73232 73233 73234 73235 73236 73237 73238 73239 73240 73241 73242 73243 73244 73245 73246 73247 73248 73249 73250 73251 73252 73253 73254 73255 73256 73257 73258 73259 73260 73261 73262 73263 73264 73265 73266 73267 73268 73269 73270 73271 73272 73273 73274 73275 73276 73277 73278 73279 73280 73281 73282 73283 73284 73285 73286 73287 73288 73289 73290 73291 73292 73293 73294 73295 73296 73297 73298 73299 73300 73301 73302 73303 73304 73305 73306 73307 73308 73309 73310 73311 73312 73313 73314 73315 73316 73317 73318 73319 73320 73321 73322 73323 73324 73325 73326 73327 73328 73329 73330 73331 73332 73333 73334 73335 73336 73337 73338 73339 73340 73341 73342 73343 73344 73345 73346 73347), :fn square, :registry {square (clojure.core/fn [x] (* x x))}, :type :map}
submitting task
executing task
{:args (76682 76683 76684 76685 76686 76687 76688 76689 76690 76691 76692 76693 76694 76695 76696 76697 76698 76699 76700 76701 76702 76703 76704 76705 76706 76707 76708 76709 76710 76711 76712 76713 76714 76715 76716 76717 76718 76719 76720 76721 76722 76723 76724 76725 76726 76727 76728 76729 76730 76731 76732 76733 76734 76735 76736 76737 76738 76739 76740 76741 76742 76743 76744 76745 76746 76747 76748 76749 76750 76751 76752 76753 76754 76755 76756 76757 76758 76759 76760 76761 76762 76763 76764 76765 76766 76767 76768 76769 76770 76771 76772 76773 76774 76775 76776 76777 76778 76779 76780 76781 76782 76783 76784 76785 76786 76787 76788 76789 76790 76791 76792 76793 76794 76795 76796 76797 76798 76799 76800 76801 76802 76803 76804 76805 76806 76807 76808 76809 76810 76811 76812 76813 76814 76815 76816 76817 76818 76819 76820 76821 76822 76823 76824 76825 76826 76827 76828 76829 76830 76831 76832 76833 76834 76835 76836 76837 76838 76839 76840 76841 76842 76843 76844 76845 76846 76847 76848 76849 76850 76851 76852 76853 76854 76855 76856 76857 76858 76859 76860 76861 76862 76863 76864 76865 76866 76867 76868 76869 76870 76871 76872 76873 76874 76875 76876 76877 76878 76879 76880 76881 76882 76883 76884 76885 76886 76887 76888 76889 76890 76891 76892 76893 76894 76895 76896 76897 76898 76899 76900 76901 76902 76903 76904 76905 76906 76907 76908 76909 76910 76911 76912 76913 76914 76915 76916 76917 76918 76919 76920 76921 76922 76923 76924 76925 76926 76927 76928 76929 76930 76931 76932 76933 76934 76935 76936 76937 76938 76939 76940 76941 76942 76943 76944 76945 76946 76947 76948 76949 76950 76951 76952 76953 76954 76955 76956 76957 76958 76959 76960 76961 76962 76963 76964 76965 76966 76967 76968 76969 76970 76971 76972 76973 76974 76975 76976 76977 76978 76979 76980 76981 76982 76983 76984 76985 76986 76987 76988 76989 76990 76991 76992 76993 76994 76995 76996 76997 76998 76999 77000 77001 77002 77003 77004 77005 77006 77007 77008 77009 77010 77011 77012 77013 77014 77015 77016 77017 77018 77019 77020 77021 77022 77023 77024 77025 77026 77027 77028 77029 77030 77031 77032 77033 77034 77035 77036 77037 77038 77039 77040 77041 77042 77043 77044 77045 77046 77047 77048 77049 77050 77051 77052 77053 77054 77055 77056 77057 77058 77059 77060 77061 77062 77063 77064 77065 77066 77067 77068 77069 77070 77071 77072 77073 77074 77075 77076 77077 77078 77079 77080 77081 77082 77083 77084 77085 77086 77087 77088 77089 77090 77091 77092 77093 77094 77095 77096 77097 77098 77099 77100 77101 77102 77103 77104 77105 77106 77107 77108 77109 77110 77111 77112 77113 77114 77115 77116 77117 77118 77119 77120 77121 77122 77123 77124 77125 77126 77127 77128 77129 77130 77131 77132 77133 77134 77135 77136 77137 77138 77139 77140 77141 77142 77143 77144 77145 77146 77147 77148 77149 77150 77151 77152 77153 77154 77155 77156 77157 77158 77159 77160 77161 77162 77163 77164 77165 77166 77167 77168 77169 77170 77171 77172 77173 77174 77175 77176 77177 77178 77179 77180 77181 77182 77183 77184 77185 77186 77187 77188 77189 77190 77191 77192 77193 77194 77195 77196 77197 77198 77199 77200 77201 77202 77203 77204 77205 77206 77207 77208 77209 77210 77211 77212 77213 77214 77215 77216 77217 77218 77219 77220 77221 77222 77223 77224 77225 77226 77227 77228 77229 77230 77231 77232 77233 77234 77235 77236 77237 77238 77239 77240 77241 77242 77243 77244 77245 77246 77247 77248 77249 77250 77251 77252 77253 77254 77255 77256 77257 77258 77259 77260 77261 77262 77263 77264 77265 77266 77267 77268 77269 77270 77271 77272 77273 77274 77275 77276 77277 77278 77279 77280 77281 77282 77283 77284 77285 77286 77287 77288 77289 77290 77291 77292 77293 77294 77295 77296 77297 77298 77299 77300 77301 77302 77303 77304 77305 77306 77307 77308 77309 77310 77311 77312 77313 77314 77315 77316 77317 77318 77319 77320 77321 77322 77323 77324 77325 77326 77327 77328 77329 77330 77331 77332 77333 77334 77335 77336 77337 77338 77339 77340 77341 77342 77343 77344 77345 77346 77347 77348 77349 77350 77351 77352 77353 77354 77355 77356 77357 77358 77359 77360 77361 77362 77363 77364 77365 77366 77367 77368 77369 77370 77371 77372 77373 77374 77375 77376 77377 77378 77379 77380 77381 77382 77383 77384 77385 77386 77387 77388 77389 77390 77391 77392 77393 77394 77395 77396 77397 77398 77399 77400 77401 77402 77403 77404 77405 77406 77407 77408 77409 77410 77411 77412 77413 77414 77415 77416 77417 77418 77419 77420 77421 77422 77423 77424 77425 77426 77427 77428 77429 77430 77431 77432 77433 77434 77435 77436 77437 77438 77439 77440 77441 77442 77443 77444 77445 77446 77447 77448 77449 77450 77451 77452 77453 77454 77455 77456 77457 77458 77459 77460 77461 77462 77463 77464 77465 77466 77467 77468 77469 77470 77471 77472 77473 77474 77475 77476 77477 77478 77479 77480 77481 77482 77483 77484 77485 77486 77487 77488 77489 77490 77491 77492 77493 77494 77495 77496 77497 77498 77499 77500 77501 77502 77503 77504 77505 77506 77507 77508 77509 77510 77511 77512 77513 77514 77515 77516 77517 77518 77519 77520 77521 77522 77523 77524 77525 77526 77527 77528 77529 77530 77531 77532 77533 77534 77535 77536 77537 77538 77539 77540 77541 77542 77543 77544 77545 77546 77547 77548 77549 77550 77551 77552 77553 77554 77555 77556 77557 77558 77559 77560 77561 77562 77563 77564 77565 77566 77567 77568 77569 77570 77571 77572 77573 77574 77575 77576 77577 77578 77579 77580 77581 77582 77583 77584 77585 77586 77587 77588 77589 77590 77591 77592 77593 77594 77595 77596 77597 77598 77599 77600 77601 77602 77603 77604 77605 77606 77607 77608 77609 77610 77611 77612 77613 77614 77615 77616 77617 77618 77619 77620 77621 77622 77623 77624 77625 77626 77627 77628 77629 77630 77631 77632 77633 77634 77635 77636 77637 77638 77639 77640 77641 77642 77643 77644 77645 77646 77647 77648 77649 77650 77651 77652 77653 77654 77655 77656 77657 77658 77659 77660 77661 77662 77663 77664 77665 77666 77667 77668 77669 77670 77671 77672 77673 77674 77675 77676 77677 77678 77679 77680 77681 77682 77683 77684 77685 77686 77687 77688 77689 77690 77691 77692 77693 77694 77695 77696 77697 77698 77699 77700 77701 77702 77703 77704 77705 77706 77707 77708 77709 77710 77711 77712 77713 77714 77715 77716 77717 77718 77719 77720 77721 77722 77723 77724 77725 77726 77727 77728 77729 77730 77731 77732 77733 77734 77735 77736 77737 77738 77739 77740 77741 77742 77743 77744 77745 77746 77747 77748 77749 77750 77751 77752 77753 77754 77755 77756 77757 77758 77759 77760 77761 77762 77763 77764 77765 77766 77767 77768 77769 77770 77771 77772 77773 77774 77775 77776 77777 77778 77779 77780 77781 77782 77783 77784 77785 77786 77787 77788 77789 77790 77791 77792 77793 77794 77795 77796 77797 77798 77799 77800 77801 77802 77803 77804 77805 77806 77807 77808 77809 77810 77811 77812 77813 77814 77815 77816 77817 77818 77819 77820 77821 77822 77823 77824 77825 77826 77827 77828 77829 77830 77831 77832 77833 77834 77835 77836 77837 77838 77839 77840 77841 77842 77843 77844 77845 77846 77847 77848 77849 77850 77851 77852 77853 77854 77855 77856 77857 77858 77859 77860 77861 77862 77863 77864 77865 77866 77867 77868 77869 77870 77871 77872 77873 77874 77875 77876 77877 77878 77879 77880 77881 77882 77883 77884 77885 77886 77887 77888 77889 77890 77891 77892 77893 77894 77895 77896 77897 77898 77899 77900 77901 77902 77903 77904 77905 77906 77907 77908 77909 77910 77911 77912 77913 77914 77915 77916 77917 77918 77919 77920 77921 77922 77923 77924 77925 77926 77927 77928 77929 77930 77931 77932 77933 77934 77935 77936 77937 77938 77939 77940 77941 77942 77943 77944 77945 77946 77947 77948 77949 77950 77951 77952 77953 77954 77955 77956 77957 77958 77959 77960 77961 77962 77963 77964 77965 77966 77967 77968 77969 77970 77971 77972 77973 77974 77975 77976 77977 77978 77979 77980 77981 77982 77983 77984 77985 77986 77987 77988 77989 77990 77991 77992 77993 77994 77995 77996 77997 77998 77999 78000 78001 78002 78003 78004 78005 78006 78007 78008 78009 78010 78011 78012 78013 78014 78015 78016 78017 78018 78019 78020 78021 78022 78023 78024 78025 78026 78027 78028 78029 78030 78031 78032 78033 78034 78035 78036 78037 78038 78039 78040 78041 78042 78043 78044 78045 78046 78047 78048 78049 78050 78051 78052 78053 78054 78055 78056 78057 78058 78059 78060 78061 78062 78063 78064 78065 78066 78067 78068 78069 78070 78071 78072 78073 78074 78075 78076 78077 78078 78079 78080 78081 78082 78083 78084 78085 78086 78087 78088 78089 78090 78091 78092 78093 78094 78095 78096 78097 78098 78099 78100 78101 78102 78103 78104 78105 78106 78107 78108 78109 78110 78111 78112 78113 78114 78115 78116 78117 78118 78119 78120 78121 78122 78123 78124 78125 78126 78127 78128 78129 78130 78131 78132 78133 78134 78135 78136 78137 78138 78139 78140 78141 78142 78143 78144 78145 78146 78147 78148 78149 78150 78151 78152 78153 78154 78155 78156 78157 78158 78159 78160 78161 78162 78163 78164 78165 78166 78167 78168 78169 78170 78171 78172 78173 78174 78175 78176 78177 78178 78179 78180 78181 78182 78183 78184 78185 78186 78187 78188 78189 78190 78191 78192 78193 78194 78195 78196 78197 78198 78199 78200 78201 78202 78203 78204 78205 78206 78207 78208 78209 78210 78211 78212 78213 78214 78215 78216 78217 78218 78219 78220 78221 78222 78223 78224 78225 78226 78227 78228 78229 78230 78231 78232 78233 78234 78235 78236 78237 78238 78239 78240 78241 78242 78243 78244 78245 78246 78247 78248 78249 78250 78251 78252 78253 78254 78255 78256 78257 78258 78259 78260 78261 78262 78263 78264 78265 78266 78267 78268 78269 78270 78271 78272 78273 78274 78275 78276 78277 78278 78279 78280 78281 78282 78283 78284 78285 78286 78287 78288 78289 78290 78291 78292 78293 78294 78295 78296 78297 78298 78299 78300 78301 78302 78303 78304 78305 78306 78307 78308 78309 78310 78311 78312 78313 78314 78315 78316 78317 78318 78319 78320 78321 78322 78323 78324 78325 78326 78327 78328 78329 78330 78331 78332 78333 78334 78335 78336 78337 78338 78339 78340 78341 78342 78343 78344 78345 78346 78347 78348 78349 78350 78351 78352 78353 78354 78355 78356 78357 78358 78359 78360 78361 78362 78363 78364 78365 78366 78367 78368 78369 78370 78371 78372 78373 78374 78375 78376 78377 78378 78379 78380 78381 78382 78383 78384 78385 78386 78387 78388 78389 78390 78391 78392 78393 78394 78395 78396 78397 78398 78399 78400 78401 78402 78403 78404 78405 78406 78407 78408 78409 78410 78411 78412 78413 78414 78415 78416 78417 78418 78419 78420 78421 78422 78423 78424 78425 78426 78427 78428 78429 78430 78431 78432 78433 78434 78435 78436 78437 78438 78439 78440 78441 78442 78443 78444 78445 78446 78447 78448 78449 78450 78451 78452 78453 78454 78455 78456 78457 78458 78459 78460 78461 78462 78463 78464 78465 78466 78467 78468 78469 78470 78471 78472 78473 78474 78475 78476 78477 78478 78479 78480 78481 78482 78483 78484 78485 78486 78487 78488 78489 78490 78491 78492 78493 78494 78495 78496 78497 78498 78499 78500 78501 78502 78503 78504 78505 78506 78507 78508 78509 78510 78511 78512 78513 78514 78515 78516 78517 78518 78519 78520 78521 78522 78523 78524 78525 78526 78527 78528 78529 78530 78531 78532 78533 78534 78535 78536 78537 78538 78539 78540 78541 78542 78543 78544 78545 78546 78547 78548 78549 78550 78551 78552 78553 78554 78555 78556 78557 78558 78559 78560 78561 78562 78563 78564 78565 78566 78567 78568 78569 78570 78571 78572 78573 78574 78575 78576 78577 78578 78579 78580 78581 78582 78583 78584 78585 78586 78587 78588 78589 78590 78591 78592 78593 78594 78595 78596 78597 78598 78599 78600 78601 78602 78603 78604 78605 78606 78607 78608 78609 78610 78611 78612 78613 78614 78615 78616 78617 78618 78619 78620 78621 78622 78623 78624 78625 78626 78627 78628 78629 78630 78631 78632 78633 78634 78635 78636 78637 78638 78639 78640 78641 78642 78643 78644 78645 78646 78647 78648 78649 78650 78651 78652 78653 78654 78655 78656 78657 78658 78659 78660 78661 78662 78663 78664 78665 78666 78667 78668 78669 78670 78671 78672 78673 78674 78675 78676 78677 78678 78679 78680 78681 78682 78683 78684 78685 78686 78687 78688 78689 78690 78691 78692 78693 78694 78695 78696 78697 78698 78699 78700 78701 78702 78703 78704 78705 78706 78707 78708 78709 78710 78711 78712 78713 78714 78715 78716 78717 78718 78719 78720 78721 78722 78723 78724 78725 78726 78727 78728 78729 78730 78731 78732 78733 78734 78735 78736 78737 78738 78739 78740 78741 78742 78743 78744 78745 78746 78747 78748 78749 78750 78751 78752 78753 78754 78755 78756 78757 78758 78759 78760 78761 78762 78763 78764 78765 78766 78767 78768 78769 78770 78771 78772 78773 78774 78775 78776 78777 78778 78779 78780 78781 78782 78783 78784 78785 78786 78787 78788 78789 78790 78791 78792 78793 78794 78795 78796 78797 78798 78799 78800 78801 78802 78803 78804 78805 78806 78807 78808 78809 78810 78811 78812 78813 78814 78815 78816 78817 78818 78819 78820 78821 78822 78823 78824 78825 78826 78827 78828 78829 78830 78831 78832 78833 78834 78835 78836 78837 78838 78839 78840 78841 78842 78843 78844 78845 78846 78847 78848 78849 78850 78851 78852 78853 78854 78855 78856 78857 78858 78859 78860 78861 78862 78863 78864 78865 78866 78867 78868 78869 78870 78871 78872 78873 78874 78875 78876 78877 78878 78879 78880 78881 78882 78883 78884 78885 78886 78887 78888 78889 78890 78891 78892 78893 78894 78895 78896 78897 78898 78899 78900 78901 78902 78903 78904 78905 78906 78907 78908 78909 78910 78911 78912 78913 78914 78915 78916 78917 78918 78919 78920 78921 78922 78923 78924 78925 78926 78927 78928 78929 78930 78931 78932 78933 78934 78935 78936 78937 78938 78939 78940 78941 78942 78943 78944 78945 78946 78947 78948 78949 78950 78951 78952 78953 78954 78955 78956 78957 78958 78959 78960 78961 78962 78963 78964 78965 78966 78967 78968 78969 78970 78971 78972 78973 78974 78975 78976 78977 78978 78979 78980 78981 78982 78983 78984 78985 78986 78987 78988 78989 78990 78991 78992 78993 78994 78995 78996 78997 78998 78999 79000 79001 79002 79003 79004 79005 79006 79007 79008 79009 79010 79011 79012 79013 79014 79015 79016 79017 79018 79019 79020 79021 79022 79023 79024 79025 79026 79027 79028 79029 79030 79031 79032 79033 79034 79035 79036 79037 79038 79039 79040 79041 79042 79043 79044 79045 79046 79047 79048 79049 79050 79051 79052 79053 79054 79055 79056 79057 79058 79059 79060 79061 79062 79063 79064 79065 79066 79067 79068 79069 79070 79071 79072 79073 79074 79075 79076 79077 79078 79079 79080 79081 79082 79083 79084 79085 79086 79087 79088 79089 79090 79091 79092 79093 79094 79095 79096 79097 79098 79099 79100 79101 79102 79103 79104 79105 79106 79107 79108 79109 79110 79111 79112 79113 79114 79115 79116 79117 79118 79119 79120 79121 79122 79123 79124 79125 79126 79127 79128 79129 79130 79131 79132 79133 79134 79135 79136 79137 79138 79139 79140 79141 79142 79143 79144 79145 79146 79147 79148 79149 79150 79151 79152 79153 79154 79155 79156 79157 79158 79159 79160 79161 79162 79163 79164 79165 79166 79167 79168 79169 79170 79171 79172 79173 79174 79175 79176 79177 79178 79179 79180 79181 79182 79183 79184 79185 79186 79187 79188 79189 79190 79191 79192 79193 79194 79195 79196 79197 79198 79199 79200 79201 79202 79203 79204 79205 79206 79207 79208 79209 79210 79211 79212 79213 79214 79215 79216 79217 79218 79219 79220 79221 79222 79223 79224 79225 79226 79227 79228 79229 79230 79231 79232 79233 79234 79235 79236 79237 79238 79239 79240 79241 79242 79243 79244 79245 79246 79247 79248 79249 79250 79251 79252 79253 79254 79255 79256 79257 79258 79259 79260 79261 79262 79263 79264 79265 79266 79267 79268 79269 79270 79271 79272 79273 79274 79275 79276 79277 79278 79279 79280 79281 79282 79283 79284 79285 79286 79287 79288 79289 79290 79291 79292 79293 79294 79295 79296 79297 79298 79299 79300 79301 79302 79303 79304 79305 79306 79307 79308 79309 79310 79311 79312 79313 79314 79315 79316 79317 79318 79319 79320 79321 79322 79323 79324 79325 79326 79327 79328 79329 79330 79331 79332 79333 79334 79335 79336 79337 79338 79339 79340 79341 79342 79343 79344 79345 79346 79347 79348 79349 79350 79351 79352 79353 79354 79355 79356 79357 79358 79359 79360 79361 79362 79363 79364 79365 79366 79367 79368 79369 79370 79371 79372 79373 79374 79375 79376 79377 79378 79379 79380 79381 79382 79383 79384 79385 79386 79387 79388 79389 79390 79391 79392 79393 79394 79395 79396 79397 79398 79399 79400 79401 79402 79403 79404 79405 79406 79407 79408 79409 79410 79411 79412 79413 79414 79415 79416 79417 79418 79419 79420 79421 79422 79423 79424 79425 79426 79427 79428 79429 79430 79431 79432 79433 79434 79435 79436 79437 79438 79439 79440 79441 79442 79443 79444 79445 79446 79447 79448 79449 79450 79451 79452 79453 79454 79455 79456 79457 79458 79459 79460 79461 79462 79463 79464 79465 79466 79467 79468 79469 79470 79471 79472 79473 79474 79475 79476 79477 79478 79479 79480 79481 79482 79483 79484 79485 79486 79487 79488 79489 79490 79491 79492 79493 79494 79495 79496 79497 79498 79499 79500 79501 79502 79503 79504 79505 79506 79507 79508 79509 79510 79511 79512 79513 79514 79515 79516 79517 79518 79519 79520 79521 79522 79523 79524 79525 79526 79527 79528 79529 79530 79531 79532 79533 79534 79535 79536 79537 79538 79539 79540 79541 79542 79543 79544 79545 79546 79547 79548 79549 79550 79551 79552 79553 79554 79555 79556 79557 79558 79559 79560 79561 79562 79563 79564 79565 79566 79567 79568 79569 79570 79571 79572 79573 79574 79575 79576 79577 79578 79579 79580 79581 79582 79583 79584 79585 79586 79587 79588 79589 79590 79591 79592 79593 79594 79595 79596 79597 79598 79599 79600 79601 79602 79603 79604 79605 79606 79607 79608 79609 79610 79611 79612 79613 79614 79615 79616 79617 79618 79619 79620 79621 79622 79623 79624 79625 79626 79627 79628 79629 79630 79631 79632 79633 79634 79635 79636 79637 79638 79639 79640 79641 79642 79643 79644 79645 79646 79647 79648 79649 79650 79651 79652 79653 79654 79655 79656 79657 79658 79659 79660 79661 79662 79663 79664 79665 79666 79667 79668 79669 79670 79671 79672 79673 79674 79675 79676 79677 79678 79679 79680 79681 79682 79683 79684 79685 79686 79687 79688 79689 79690 79691 79692 79693 79694 79695 79696 79697 79698 79699 79700 79701 79702 79703 79704 79705 79706 79707 79708 79709 79710 79711 79712 79713 79714 79715 79716 79717 79718 79719 79720 79721 79722 79723 79724 79725 79726 79727 79728 79729 79730 79731 79732 79733 79734 79735 79736 79737 79738 79739 79740 79741 79742 79743 79744 79745 79746 79747 79748 79749 79750 79751 79752 79753 79754 79755 79756 79757 79758 79759 79760 79761 79762 79763 79764 79765 79766 79767 79768 79769 79770 79771 79772 79773 79774 79775 79776 79777 79778 79779 79780 79781 79782 79783 79784 79785 79786 79787 79788 79789 79790 79791 79792 79793 79794 79795 79796 79797 79798 79799 79800 79801 79802 79803 79804 79805 79806 79807 79808 79809 79810 79811 79812 79813 79814 79815 79816 79817 79818 79819 79820 79821 79822 79823 79824 79825 79826 79827 79828 79829 79830 79831 79832 79833 79834 79835 79836 79837 79838 79839 79840 79841 79842 79843 79844 79845 79846 79847 79848 79849 79850 79851 79852 79853 79854 79855 79856 79857 79858 79859 79860 79861 79862 79863 79864 79865 79866 79867 79868 79869 79870 79871 79872 79873 79874 79875 79876 79877 79878 79879 79880 79881 79882 79883 79884 79885 79886 79887 79888 79889 79890 79891 79892 79893 79894 79895 79896 79897 79898 79899 79900 79901 79902 79903 79904 79905 79906 79907 79908 79909 79910 79911 79912 79913 79914 79915 79916 79917 79918 79919 79920 79921 79922 79923 79924 79925 79926 79927 79928 79929 79930 79931 79932 79933 79934 79935 79936 79937 79938 79939 79940 79941 79942 79943 79944 79945 79946 79947 79948 79949 79950 79951 79952 79953 79954 79955 79956 79957 79958 79959 79960 79961 79962 79963 79964 79965 79966 79967 79968 79969 79970 79971 79972 79973 79974 79975 79976 79977 79978 79979 79980 79981 79982 79983 79984 79985 79986 79987 79988 79989 79990 79991 79992 79993 79994 79995 79996 79997 79998 79999 80000 80001 80002 80003 80004 80005 80006 80007 80008 80009 80010 80011 80012 80013 80014 80015), :fn square, :registry {square (clojure.core/fn [x] (* x x))}, :type :map}
submitting task
