SLF4J: No SLF4J providers were found.
SLF4J: Defaulting to no-operation (NOP) logger implementation
SLF4J: See https://www.slf4j.org/codes.html#noProviders for further details.
executing task
{:type :call, :fn square, :args [58], :registry {square (clojure.core/fn [x] (* x x))}}
submitting task
executing task
{:type :call, :fn square, :args [86], :registry {square (clojure.core/fn [x] (* x x))}}
submitting task
executing task
{:type :call, :fn square, :args [147], :registry {square (clojure.core/fn [x] (* x x))}}
submitting task
executing task
{:type :call, :fn square, :args [198], :registry {square (clojure.core/fn [x] (* x x))}}
submitting task
executing task
{:type :call, :fn square, :args [268], :registry {square (clojure.core/fn [x] (* x x))}}
submitting task
executing task
{:type :call, :fn square, :args [288], :registry {square (clojure.core/fn [x] (* x x))}}
submitting task
executing task
{:type :call, :fn square, :args [306], :registry {square (clojure.core/fn [x] (* x x))}}
submitting task
executing task
{:type :call, :fn square, :args [318], :registry {square (clojure.core/fn [x] (* x x))}}
submitting task
executing task
{:type :call, :fn square, :args [343], :registry {square (clojure.core/fn [x] (* x x))}}
submitting task
executing task
{:type :call, :fn square, :args [346], :registry {square (clojure.core/fn [x] (* x x))}}
submitting task
executing task
{:type :call, :fn square, :args [350], :registry {square (clojure.core/fn [x] (* x x))}}
submitting task
executing task
{:type :call, :fn square, :args [354], :registry {square (clojure.core/fn [x] (* x x))}}
submitting task
executing task
{:type :call, :fn square, :args [380], :registry {square (clojure.core/fn [x] (* x x))}}
submitting task
executing task
{:type :call, :fn square, :args [453], :registry {square (clojure.core/fn [x] (* x x))}}
submitting task
executing task
{:type :call, :fn square, :args [522], :registry {square (clojure.core/fn [x] (* x x))}}
submitting task
executing task
{:type :call, :fn square, :args [542], :registry {square (clojure.core/fn [x] (* x x))}}
submitting task
executing task
{:type :call, :fn square, :args [650], :registry {square (clojure.core/fn [x] (* x x))}}
submitting task
executing task
{:type :call, :fn square, :args [659], :registry {square (clojure.core/fn [x] (* x x))}}
submitting task
executing task
{:type :call, :fn square, :args [696], :registry {square (clojure.core/fn [x] (* x x))}}
submitting task
executing task
{:type :call, :fn square, :args [720], :registry {square (clojure.core/fn [x] (* x x))}}
submitting task
executing task
{:type :call, :fn square, :args [733], :registry {square (clojure.core/fn [x] (* x x))}}
submitting task
executing task
{:type :call, :fn square, :args [763], :registry {square (clojure.core/fn [x] (* x x))}}
submitting task
executing task
{:type :call, :fn square, :args [800], :registry {square (clojure.core/fn [x] (* x x))}}
submitting task
executing task
{:type :call, :fn square, :args [874], :registry {square (clojure.core/fn [x] (* x x))}}
submitting task
executing task
{:type :call, :fn square, :args [931], :registry {square (clojure.core/fn [x] (* x x))}}
submitting task
executing task
{:type :call, :fn square, :args [992], :registry {square (clojure.core/fn [x] (* x x))}}
submitting task
executing task
{:type :call, :fn square, :args [998], :registry {square (clojure.core/fn [x] (* x x))}}
submitting task
executing task
{:type :call, :fn square, :args [24], :registry {square (clojure.core/fn [x] (* x x))}}
submitting task
executing task
{:type :call, :fn square, :args [56], :registry {square (clojure.core/fn [x] (* x x))}}
submitting task
executing task
{:type :call, :fn square, :args [81], :registry {square (clojure.core/fn [x] (* x x))}}
submitting task
executing task
{:type :call, :fn square, :args [114], :registry {square (clojure.core/fn [x] (* x x))}}
submitting task
executing task
{:type :call, :fn square, :args [144], :registry {square (clojure.core/fn [x] (* x x))}}
submitting task
executing task
{:type :call, :fn square, :args [175], :registry {square (clojure.core/fn [x] (* x x))}}
submitting task
executing task
{:type :call, :fn square, :args [211], :registry {square (clojure.core/fn [x] (* x x))}}
submitting task
executing task
{:type :call, :fn square, :args [243], :registry {square (clojure.core/fn [x] (* x x))}}
submitting task
executing task
{:type :call, :fn square, :args [272], :registry {square (clojure.core/fn [x] (* x x))}}
submitting task
executing task
{:type :call, :fn square, :args [302], :registry {square (clojure.core/fn [x] (* x x))}}
submitting task
executing task
{:type :call, :fn square, :args [332], :registry {square (clojure.core/fn [x] (* x x))}}
submitting task
executing task
{:type :call, :fn square, :args [359], :registry {square (clojure.core/fn [x] (* x x))}}
submitting task
executing task
{:type :call, :fn square, :args [393], :registry {square (clojure.core/fn [x] (* x x))}}
submitting task
executing task
{:type :call, :fn square, :args [422], :registry {square (clojure.core/fn [x] (* x x))}}
submitting task
executing task
{:type :call, :fn square, :args [455], :registry {square (clojure.core/fn [x] (* x x))}}
submitting task
executing task
{:type :call, :fn square, :args [485], :registry {square (clojure.core/fn [x] (* x x))}}
submitting task
executing task
{:type :call, :fn square, :args [510], :registry {square (clojure.core/fn [x] (* x x))}}
submitting task
executing task
{:type :call, :fn square, :args [540], :registry {square (clojure.core/fn [x] (* x x))}}
submitting task
executing task
{:type :call, :fn square, :args [568], :registry {square (clojure.core/fn [x] (* x x))}}
submitting task
???. 01, 2026 9:15:05 AM org.apache.http.impl.execchain.RetryExec execute
INFO: I/O exception (java.net.SocketException) caught when processing request to {}->http://127.0.0.1:8080: Connection reset
???. 01, 2026 9:15:05 AM org.apache.http.impl.execchain.RetryExec execute
INFO: Retrying request to {}->http://127.0.0.1:8080
executing task
{:args (4676 4677 4678 4679 4680 4681 4682 4683 4684 4685 4686 4687 4688 4689 4690 4691 4692 4693 4694 4695 4696 4697 4698 4699 4700 4701 4702 4703 4704 4705 4706 4707 4708 4709 4710 4711 4712 4713 4714 4715 4716 4717 4718 4719 4720 4721 4722 4723 4724 4725 4726 4727 4728 4729 4730 4731 4732 4733 4734 4735 4736 4737 4738 4739 4740 4741 4742 4743 4744 4745 4746 4747 4748 4749 4750 4751 4752 4753 4754 4755 4756 4757 4758 4759 4760 4761 4762 4763 4764 4765 4766 4767 4768 4769 4770 4771 4772 4773 4774 4775 4776 4777 4778 4779 4780 4781 4782 4783 4784 4785 4786 4787 4788 4789 4790 4791 4792 4793 4794 4795 4796 4797 4798 4799 4800 4801 4802 4803 4804 4805 4806 4807 4808 4809 4810 4811 4812 4813 4814 4815 4816 4817 4818 4819 4820 4821 4822 4823 4824 4825 4826 4827 4828 4829 4830 4831 4832 4833 4834 4835 4836 4837 4838 4839 4840 4841 4842 4843 4844 4845 4846 4847 4848 4849 4850 4851 4852 4853 4854 4855 4856 4857 4858 4859 4860 4861 4862 4863 4864 4865 4866 4867 4868 4869 4870 4871 4872 4873 4874 4875 4876 4877 4878 4879 4880 4881 4882 4883 4884 4885 4886 4887 4888 4889 4890 4891 4892 4893 4894 4895 4896 4897 4898 4899 4900 4901 4902 4903 4904 4905 4906 4907 4908 4909 4910 4911 4912 4913 4914 4915 4916 4917 4918 4919 4920 4921 4922 4923 4924 4925 4926 4927 4928 4929 4930 4931 4932 4933 4934 4935 4936 4937 4938 4939 4940 4941 4942 4943 4944 4945 4946 4947 4948 4949 4950 4951 4952 4953 4954 4955 4956 4957 4958 4959 4960 4961 4962 4963 4964 4965 4966 4967 4968 4969 4970 4971 4972 4973 4974 4975 4976 4977 4978 4979 4980 4981 4982 4983 4984 4985 4986 4987 4988 4989 4990 4991 4992 4993 4994 4995 4996 4997 4998 4999 5000 5001 5002 5003 5004 5005 5006 5007 5008 5009), :fn square, :registry {square (clojure.core/fn [x] (* x x))}, :type :map}
submitting task
executing task
{:args (6012 6013 6014 6015 6016 6017 6018 6019 6020 6021 6022 6023 6024 6025 6026 6027 6028 6029 6030 6031 6032 6033 6034 6035 6036 6037 6038 6039 6040 6041 6042 6043 6044 6045 6046 6047 6048 6049 6050 6051 6052 6053 6054 6055 6056 6057 6058 6059 6060 6061 6062 6063 6064 6065 6066 6067 6068 6069 6070 6071 6072 6073 6074 6075 6076 6077 6078 6079 6080 6081 6082 6083 6084 6085 6086 6087 6088 6089 6090 6091 6092 6093 6094 6095 6096 6097 6098 6099 6100 6101 6102 6103 6104 6105 6106 6107 6108 6109 6110 6111 6112 6113 6114 6115 6116 6117 6118 6119 6120 6121 6122 6123 6124 6125 6126 6127 6128 6129 6130 6131 6132 6133 6134 6135 6136 6137 6138 6139 6140 6141 6142 6143 6144 6145 6146 6147 6148 6149 6150 6151 6152 6153 6154 6155 6156 6157 6158 6159 6160 6161 6162 6163 6164 6165 6166 6167 6168 6169 6170 6171 6172 6173 6174 6175 6176 6177 6178 6179 6180 6181 6182 6183 6184 6185 6186 6187 6188 6189 6190 6191 6192 6193 6194 6195 6196 6197 6198 6199 6200 6201 6202 6203 6204 6205 6206 6207 6208 6209 6210 6211 6212 6213 6214 6215 6216 6217 6218 6219 6220 6221 6222 6223 6224 6225 6226 6227 6228 6229 6230 6231 6232 6233 6234 6235 6236 6237 6238 6239 6240 6241 6242 6243 6244 6245 6246 6247 6248 6249 6250 6251 6252 6253 6254 6255 6256 6257 6258 6259 6260 6261 6262 6263 6264 6265 6266 6267 6268 6269 6270 6271 6272 6273 6274 6275 6276 6277 6278 6279 6280 6281 6282 6283 6284 6285 6286 6287 6288 6289 6290 6291 6292 6293 6294 6295 6296 6297 6298 6299 6300 6301 6302 6303 6304 6305 6306 6307 6308 6309 6310 6311 6312 6313 6314 6315 6316 6317 6318 6319 6320 6321 6322 6323 6324 6325 6326 6327 6328 6329 6330 6331 6332 6333 6334 6335 6336 6337 6338 6339 6340 6341 6342 6343 6344 6345), :fn square, :registry {square (clojure.core/fn [x] (* x x))}, :type :map}
submitting task
executing task
{:args (7348 7349 7350 7351 7352 7353 7354 7355 7356 7357 7358 7359 7360 7361 7362 7363 7364 7365 7366 7367 7368 7369 7370 7371 7372 7373 7374 7375 7376 7377 7378 7379 7380 7381 7382 7383 7384 7385 7386 7387 7388 7389 7390 7391 7392 7393 7394 7395 7396 7397 7398 7399 7400 7401 7402 7403 7404 7405 7406 7407 7408 7409 7410 7411 7412 7413 7414 7415 7416 7417 7418 7419 7420 7421 7422 7423 7424 7425 7426 7427 7428 7429 7430 7431 7432 7433 7434 7435 7436 7437 7438 7439 7440 7441 7442 7443 7444 7445 7446 7447 7448 7449 7450 7451 7452 7453 7454 7455 7456 7457 7458 7459 7460 7461 7462 7463 7464 7465 7466 7467 7468 7469 7470 7471 7472 7473 7474 7475 7476 7477 7478 7479 7480 7481 7482 7483 7484 7485 7486 7487 7488 7489 7490 7491 7492 7493 7494 7495 7496 7497 7498 7499 7500 7501 7502 7503 7504 7505 7506 7507 7508 7509 7510 7511 7512 7513 7514 7515 7516 7517 7518 7519 7520 7521 7522 7523 7524 7525 7526 7527 7528 7529 7530 7531 7532 7533 7534 7535 7536 7537 7538 7539 7540 7541 7542 7543 7544 7545 7546 7547 7548 7549 7550 7551 7552 7553 7554 7555 7556 7557 7558 7559 7560 7561 7562 7563 7564 7565 7566 7567 7568 7569 7570 7571 7572 7573 7574 7575 7576 7577 7578 7579 7580 7581 7582 7583 7584 7585 7586 7587 7588 7589 7590 7591 7592 7593 7594 7595 7596 7597 7598 7599 7600 7601 7602 7603 7604 7605 7606 7607 7608 7609 7610 7611 7612 7613 7614 7615 7616 7617 7618 7619 7620 7621 7622 7623 7624 7625 7626 7627 7628 7629 7630 7631 7632 7633 7634 7635 7636 7637 7638 7639 7640 7641 7642 7643 7644 7645 7646 7647 7648 7649 7650 7651 7652 7653 7654 7655 7656 7657 7658 7659 7660 7661 7662 7663 7664 7665 7666 7667 7668 7669 7670 7671 7672 7673 7674 7675 7676 7677 7678 7679 7680 7681), :fn square, :registry {square (clojure.core/fn [x] (* x x))}, :type :map}
submitting task
executing task
{:args (8684 8685 8686 8687 8688 8689 8690 8691 8692 8693 8694 8695 8696 8697 8698 8699 8700 8701 8702 8703 8704 8705 8706 8707 8708 8709 8710 8711 8712 8713 8714 8715 8716 8717 8718 8719 8720 8721 8722 8723 8724 8725 8726 8727 8728 8729 8730 8731 8732 8733 8734 8735 8736 8737 8738 8739 8740 8741 8742 8743 8744 8745 8746 8747 8748 8749 8750 8751 8752 8753 8754 8755 8756 8757 8758 8759 8760 8761 8762 8763 8764 8765 8766 8767 8768 8769 8770 8771 8772 8773 8774 8775 8776 8777 8778 8779 8780 8781 8782 8783 8784 8785 8786 8787 8788 8789 8790 8791 8792 8793 8794 8795 8796 8797 8798 8799 8800 8801 8802 8803 8804 8805 8806 8807 8808 8809 8810 8811 8812 8813 8814 8815 8816 8817 8818 8819 8820 8821 8822 8823 8824 8825 8826 8827 8828 8829 8830 8831 8832 8833 8834 8835 8836 8837 8838 8839 8840 8841 8842 8843 8844 8845 8846 8847 8848 8849 8850 8851 8852 8853 8854 8855 8856 8857 8858 8859 8860 8861 8862 8863 8864 8865 8866 8867 8868 8869 8870 8871 8872 8873 8874 8875 8876 8877 8878 8879 8880 8881 8882 8883 8884 8885 8886 8887 8888 8889 8890 8891 8892 8893 8894 8895 8896 8897 8898 8899 8900 8901 8902 8903 8904 8905 8906 8907 8908 8909 8910 8911 8912 8913 8914 8915 8916 8917 8918 8919 8920 8921 8922 8923 8924 8925 8926 8927 8928 8929 8930 8931 8932 8933 8934 8935 8936 8937 8938 8939 8940 8941 8942 8943 8944 8945 8946 8947 8948 8949 8950 8951 8952 8953 8954 8955 8956 8957 8958 8959 8960 8961 8962 8963 8964 8965 8966 8967 8968 8969 8970 8971 8972 8973 8974 8975 8976 8977 8978 8979 8980 8981 8982 8983 8984 8985 8986 8987 8988 8989 8990 8991 8992 8993 8994 8995 8996 8997 8998 8999 9000 9001 9002 9003 9004 9005 9006 9007 9008 9009 9010 9011 9012 9013 9014 9015 9016 9017), :fn square, :registry {square (clojure.core/fn [x] (* x x))}, :type :map}
submitting task
executing task
{:args (9686 9687 9688 9689 9690 9691 9692 9693 9694 9695 9696 9697 9698 9699 9700 9701 9702 9703 9704 9705 9706 9707 9708 9709 9710 9711 9712 9713 9714 9715 9716 9717 9718 9719 9720 9721 9722 9723 9724 9725 9726 9727 9728 9729 9730 9731 9732 9733 9734 9735 9736 9737 9738 9739 9740 9741 9742 9743 9744 9745 9746 9747 9748 9749 9750 9751 9752 9753 9754 9755 9756 9757 9758 9759 9760 9761 9762 9763 9764 9765 9766 9767 9768 9769 9770 9771 9772 9773 9774 9775 9776 9777 9778 9779 9780 9781 9782 9783 9784 9785 9786 9787 9788 9789 9790 9791 9792 9793 9794 9795 9796 9797 9798 9799 9800 9801 9802 9803 9804 9805 9806 9807 9808 9809 9810 9811 9812 9813 9814 9815 9816 9817 9818 9819 9820 9821 9822 9823 9824 9825 9826 9827 9828 9829 9830 9831 9832 9833 9834 9835 9836 9837 9838 9839 9840 9841 9842 9843 9844 9845 9846 9847 9848 9849 9850 9851 9852 9853 9854 9855 9856 9857 9858 9859 9860 9861 9862 9863 9864 9865 9866 9867 9868 9869 9870 9871 9872 9873 9874 9875 9876 9877 9878 9879 9880 9881 9882 9883 9884 9885 9886 9887 9888 9889 9890 9891 9892 9893 9894 9895 9896 9897 9898 9899 9900 9901 9902 9903 9904 9905 9906 9907 9908 9909 9910 9911 9912 9913 9914 9915 9916 9917 9918 9919 9920 9921 9922 9923 9924 9925 9926 9927 9928 9929 9930 9931 9932 9933 9934 9935 9936 9937 9938 9939 9940 9941 9942 9943 9944 9945 9946 9947 9948 9949 9950 9951 9952 9953 9954 9955 9956 9957 9958 9959 9960 9961 9962 9963 9964 9965 9966 9967 9968 9969 9970 9971 9972 9973 9974 9975 9976 9977 9978 9979 9980 9981 9982 9983 9984 9985 9986 9987 9988 9989 9990 9991 9992 9993 9994 9995 9996 9997 9998 9999), :fn square, :registry {square (clojure.core/fn [x] (* x x))}, :type :map}
submitting task
executing task
{:args (23), :fn square, :registry {square (clojure.core/fn [x] (* x x))}, :type :call}
submitting task
executing task
{:args (89), :fn square, :registry {square (clojure.core/fn [x] (* x x))}, :type :call}
submitting task
executing task
{:args (147), :fn square, :registry {square (clojure.core/fn [x] (* x x))}, :type :call}
submitting task
executing task
{:args (168), :fn square, :registry {square (clojure.core/fn [x] (* x x))}, :type :call}
submitting task
executing task
{:args (220), :fn square, :registry {square (clojure.core/fn [x] (* x x))}, :type :call}
submitting task
executing task
{:args (293), :fn square, :registry {square (clojure.core/fn [x] (* x x))}, :type :call}
submitting task
executing task
{:args (337), :fn square, :registry {square (clojure.core/fn [x] (* x x))}, :type :call}
submitting task
executing task
{:args (346), :fn square, :registry {square (clojure.core/fn [x] (* x x))}, :type :call}
submitting task
executing task
{:args (359), :fn square, :registry {square (clojure.core/fn [x] (* x x))}, :type :call}
submitting task
executing task
{:args (428), :fn square, :registry {square (clojure.core/fn [x] (* x x))}, :type :call}
submitting task
executing task
{:args (434), :fn square, :registry {square (clojure.core/fn [x] (* x x))}, :type :call}
submitting task
executing task
{:args (439), :fn square, :registry {square (clojure.core/fn [x] (* x x))}, :type :call}
submitting task
executing task
{:args (444), :fn square, :registry {square (clojure.core/fn [x] (* x x))}, :type :call}
submitting task
executing task
{:args (449), :fn square, :registry {square (clojure.core/fn [x] (* x x))}, :type :call}
submitting task
executing task
{:args (454), :fn square, :registry {square (clojure.core/fn [x] (* x x))}, :type :call}
submitting task
executing task
{:args (459), :fn square, :registry {square (clojure.core/fn [x] (* x x))}, :type :call}
submitting task
executing task
{:args (482), :fn square, :registry {square (clojure.core/fn [x] (* x x))}, :type :call}
submitting task
executing task
{:args (577), :fn square, :registry {square (clojure.core/fn [x] (* x x))}, :type :call}
submitting task
executing task
{:args (808), :fn square, :registry {square (clojure.core/fn [x] (* x x))}, :type :call}
submitting task
executing task
{:args (871), :fn square, :registry {square (clojure.core/fn [x] (* x x))}, :type :call}
submitting task
executing task
{:args (905), :fn square, :registry {square (clojure.core/fn [x] (* x x))}, :type :call}
submitting task
executing task
{:args (986), :fn square, :registry {square (clojure.core/fn [x] (* x x))}, :type :call}
submitting task
executing task
{:args (1029), :fn square, :registry {square (clojure.core/fn [x] (* x x))}, :type :call}
submitting task
executing task
{:args (1048), :fn square, :registry {square (clojure.core/fn [x] (* x x))}, :type :call}
submitting task
executing task
{:args (1049), :fn square, :registry {square (clojure.core/fn [x] (* x x))}, :type :call}
submitting task
executing task
{:args (1053), :fn square, :registry {square (clojure.core/fn [x] (* x x))}, :type :call}
submitting task
executing task
{:args (1056), :fn square, :registry {square (clojure.core/fn [x] (* x x))}, :type :call}
submitting task
executing task
{:args (1058), :fn square, :registry {square (clojure.core/fn [x] (* x x))}, :type :call}
submitting task
executing task
{:args (1060), :fn square, :registry {square (clojure.core/fn [x] (* x x))}, :type :call}
submitting task
executing task
{:args (1063), :fn square, :registry {square (clojure.core/fn [x] (* x x))}, :type :call}
submitting task
executing task
{:args (1065), :fn square, :registry {square (clojure.core/fn [x] (* x x))}, :type :call}
submitting task
executing task
{:args (1067), :fn square, :registry {square (clojure.core/fn [x] (* x x))}, :type :call}
submitting task
executing task
{:args (1069), :fn square, :registry {square (clojure.core/fn [x] (* x x))}, :type :call}
submitting task
executing task
{:args (1072), :fn square, :registry {square (clojure.core/fn [x] (* x x))}, :type :call}
submitting task
executing task
{:args (1076), :fn square, :registry {square (clojure.core/fn [x] (* x x))}, :type :call}
submitting task
executing task
{:args (1080), :fn square, :registry {square (clojure.core/fn [x] (* x x))}, :type :call}
submitting task
executing task
{:args (1084), :fn square, :registry {square (clojure.core/fn [x] (* x x))}, :type :call}
submitting task
executing task
{:args (1087), :fn square, :registry {square (clojure.core/fn [x] (* x x))}, :type :call}
submitting task
executing task
{:args (1089), :fn square, :registry {square (clojure.core/fn [x] (* x x))}, :type :call}
submitting task
executing task
{:args (1114), :fn square, :registry {square (clojure.core/fn [x] (* x x))}, :type :call}
submitting task
executing task
{:args (1258), :fn square, :registry {square (clojure.core/fn [x] (* x x))}, :type :call}
submitting task
???. 01, 2026 9:16:32 AM org.apache.http.impl.execchain.RetryExec execute
INFO: I/O exception (java.net.SocketException) caught when processing request to {}->http://127.0.0.1:8080: Connection reset
???. 01, 2026 9:16:32 AM org.apache.http.impl.execchain.RetryExec execute
INFO: Retrying request to {}->http://127.0.0.1:8080
executing task
{:args (0 1 2 3), :fn square, :registry {square (clojure.core/fn [x] (* x x))}, :type :map}
submitting task
