SLF4J: No SLF4J providers were found.
SLF4J: Defaulting to no-operation (NOP) logger implementation
SLF4J: See https://www.slf4j.org/codes.html#noProviders for further details.
executing task
{:type :call, :fn square, :args [6], :registry {square (clojure.core/fn [x] (* x x))}}
submitting task
executing task
{:type :call, :fn square, :args [34], :registry {square (clojure.core/fn [x] (* x x))}}
submitting task
executing task
{:type :call, :fn square, :args [60], :registry {square (clojure.core/fn [x] (* x x))}}
submitting task
executing task
{:type :call, :fn square, :args [82], :registry {square (clojure.core/fn [x] (* x x))}}
submitting task
executing task
{:type :call, :fn square, :args [119], :registry {square (clojure.core/fn [x] (* x x))}}
submitting task
executing task
{:type :call, :fn square, :args [187], :registry {square (clojure.core/fn [x] (* x x))}}
submitting task
executing task
{:type :call, :fn square, :args [277], :registry {square (clojure.core/fn [x] (* x x))}}
submitting task
executing task
{:type :call, :fn square, :args [328], :registry {square (clojure.core/fn [x] (* x x))}}
submitting task
executing task
{:type :call, :fn square, :args [382], :registry {square (clojure.core/fn [x] (* x x))}}
submitting task
executing task
{:type :call, :fn square, :args [392], :registry {square (clojure.core/fn [x] (* x x))}}
submitting task
executing task
{:type :call, :fn square, :args [412], :registry {square (clojure.core/fn [x] (* x x))}}
submitting task
executing task
{:type :call, :fn square, :args [418], :registry {square (clojure.core/fn [x] (* x x))}}
submitting task
executing task
{:type :call, :fn square, :args [424], :registry {square (clojure.core/fn [x] (* x x))}}
submitting task
executing task
{:type :call, :fn square, :args [459], :registry {square (clojure.core/fn [x] (* x x))}}
submitting task
executing task
{:type :call, :fn square, :args [475], :registry {square (clojure.core/fn [x] (* x x))}}
submitting task
executing task
{:type :call, :fn square, :args [515], :registry {square (clojure.core/fn [x] (* x x))}}
submitting task
executing task
{:type :call, :fn square, :args [541], :registry {square (clojure.core/fn [x] (* x x))}}
submitting task
executing task
{:type :call, :fn square, :args [571], :registry {square (clojure.core/fn [x] (* x x))}}
submitting task
executing task
{:type :call, :fn square, :args [608], :registry {square (clojure.core/fn [x] (* x x))}}
submitting task
executing task
{:type :call, :fn square, :args [753], :registry {square (clojure.core/fn [x] (* x x))}}
submitting task
executing task
{:type :call, :fn square, :args [769], :registry {square (clojure.core/fn [x] (* x x))}}
submitting task
executing task
{:type :call, :fn square, :args [847], :registry {square (clojure.core/fn [x] (* x x))}}
submitting task
executing task
{:type :call, :fn square, :args [918], :registry {square (clojure.core/fn [x] (* x x))}}
submitting task
executing task
{:type :call, :fn square, :args [936], :registry {square (clojure.core/fn [x] (* x x))}}
submitting task
executing task
{:type :call, :fn square, :args [980], :registry {square (clojure.core/fn [x] (* x x))}}
submitting task
executing task
{:type :call, :fn square, :args [984], :registry {square (clojure.core/fn [x] (* x x))}}
submitting task
executing task
{:type :call, :fn square, :args [5], :registry {square (clojure.core/fn [x] (* x x))}}
submitting task
executing task
{:type :call, :fn square, :args [35], :registry {square (clojure.core/fn [x] (* x x))}}
submitting task
executing task
{:type :call, :fn square, :args [64], :registry {square (clojure.core/fn [x] (* x x))}}
submitting task
executing task
{:type :call, :fn square, :args [98], :registry {square (clojure.core/fn [x] (* x x))}}
submitting task
executing task
{:type :call, :fn square, :args [137], :registry {square (clojure.core/fn [x] (* x x))}}
submitting task
executing task
{:type :call, :fn square, :args [168], :registry {square (clojure.core/fn [x] (* x x))}}
submitting task
executing task
{:type :call, :fn square, :args [195], :registry {square (clojure.core/fn [x] (* x x))}}
submitting task
executing task
{:type :call, :fn square, :args [228], :registry {square (clojure.core/fn [x] (* x x))}}
submitting task
executing task
{:type :call, :fn square, :args [256], :registry {square (clojure.core/fn [x] (* x x))}}
submitting task
executing task
{:type :call, :fn square, :args [284], :registry {square (clojure.core/fn [x] (* x x))}}
submitting task
executing task
{:type :call, :fn square, :args [320], :registry {square (clojure.core/fn [x] (* x x))}}
submitting task
executing task
{:type :call, :fn square, :args [347], :registry {square (clojure.core/fn [x] (* x x))}}
submitting task
executing task
{:type :call, :fn square, :args [374], :registry {square (clojure.core/fn [x] (* x x))}}
submitting task
executing task
{:type :call, :fn square, :args [401], :registry {square (clojure.core/fn [x] (* x x))}}
submitting task
executing task
{:type :call, :fn square, :args [434], :registry {square (clojure.core/fn [x] (* x x))}}
submitting task
executing task
{:type :call, :fn square, :args [461], :registry {square (clojure.core/fn [x] (* x x))}}
submitting task
executing task
{:type :call, :fn square, :args [491], :registry {square (clojure.core/fn [x] (* x x))}}
submitting task
executing task
{:type :call, :fn square, :args [519], :registry {square (clojure.core/fn [x] (* x x))}}
submitting task
executing task
{:type :call, :fn square, :args [549], :registry {square (clojure.core/fn [x] (* x x))}}
submitting task
executing task
{:type :call, :fn square, :args [581], :registry {square (clojure.core/fn [x] (* x x))}}
submitting task
Exception in thread "worker-thread-0" java.net.SocketException: Connection reset
	at java.base/sun.nio.ch.NioSocketImpl.implRead(NioSocketImpl.java:328)
	at java.base/sun.nio.ch.NioSocketImpl.read(NioSocketImpl.java:355)
	at java.base/sun.nio.ch.NioSocketImpl$1.read(NioSocketImpl.java:808)
	at java.base/java.net.Socket$SocketInputStream.read(Socket.java:966)
	at org.apache.http.impl.io.SessionInputBufferImpl.streamRead(SessionInputBufferImpl.java:137)
	at org.apache.http.impl.io.SessionInputBufferImpl.fillBuffer(SessionInputBufferImpl.java:153)
	at org.apache.http.impl.io.SessionInputBufferImpl.readLine(SessionInputBufferImpl.java:280)
	at org.apache.http.impl.conn.DefaultHttpResponseParser.parseHead(DefaultHttpResponseParser.java:138)
	at org.apache.http.impl.conn.DefaultHttpResponseParser.parseHead(DefaultHttpResponseParser.java:56)
	at org.apache.http.impl.io.AbstractMessageParser.parse(AbstractMessageParser.java:259)
	at org.apache.http.impl.DefaultBHttpClientConnection.receiveResponseHeader(DefaultBHttpClientConnection.java:163)
	at org.apache.http.protocol.HttpRequestExecutor.doReceiveResponse(HttpRequestExecutor.java:273)
	at org.apache.http.protocol.HttpRequestExecutor.execute(HttpRequestExecutor.java:125)
	at org.apache.http.impl.execchain.MainClientExec.execute(MainClientExec.java:272)
	at org.apache.http.impl.execchain.ProtocolExec.execute(ProtocolExec.java:186)
	at org.apache.http.impl.execchain.RetryExec.execute(RetryExec.java:89)
	at org.apache.http.impl.execchain.RedirectExec.execute(RedirectExec.java:110)
	at org.apache.http.impl.client.InternalHttpClient.doExecute(InternalHttpClient.java:185)
	at org.apache.http.impl.client.CloseableHttpClient.execute(CloseableHttpClient.java:83)
	at clj_http.core$request.invokeStatic(core.clj:621)
	at clj_http.core$request.invoke(core.clj:546)
	at clj_http.core$request.invokeStatic(core.clj:547)
	at clj_http.core$request.invoke(core.clj:546)
	at clojure.lang.Var.invoke(Var.java:384)
	at clj_http.client$wrap_request_timing$fn__3353.invoke(client.clj:1083)
	at clj_http.headers$wrap_header_map$fn__2196.invoke(headers.clj:152)
	at clj_http.client$wrap_query_params$fn__3233.invoke(client.clj:817)
	at clj_http.client$wrap_basic_auth$fn__3239.invoke(client.clj:840)
	at clj_http.client$wrap_oauth$fn__3244.invoke(client.clj:857)
	at clj_http.client$wrap_user_info$fn__3253.invoke(client.clj:877)
	at clj_http.client$wrap_url$fn__3335.invoke(client.clj:1035)
	at clj_http.client$wrap_decompression$fn__2980.invoke(client.clj:416)
	at clj_http.client$wrap_input_coercion$fn__3145.invoke(client.clj:630)
	at clj_http.client$wrap_additional_header_parsing$fn__3170.invoke(client.clj:685)
	at clj_http.client$wrap_output_coercion$fn__3132.invoke(client.clj:574)
	at clj_http.client$wrap_exceptions$fn__2927.invoke(client.clj:250)
	at clj_http.client$wrap_accept$fn__3185.invoke(client.clj:728)
	at clj_http.client$wrap_accept_encoding$fn__3192.invoke(client.clj:750)
	at clj_http.client$wrap_content_type$fn__3179.invoke(client.clj:711)
	at clj_http.client$wrap_form_params$fn__3300.invoke(client.clj:959)
	at clj_http.client$wrap_nested_params$fn__3321.invoke(client.clj:993)
	at clj_http.client$wrap_flatten_nested_params$fn__3330.invoke(client.clj:1017)
	at clj_http.client$wrap_method$fn__3258.invoke(client.clj:893)
	at clj_http.cookies$wrap_cookies$fn__1069.invoke(cookies.clj:128)
	at clj_http.links$wrap_links$fn__2590.invoke(links.clj:63)
	at clj_http.client$wrap_unknown_host$fn__3338.invoke(client.clj:1046)
	at clj_http.client$request_STAR_.invokeStatic(client.clj:1174)
	at clj_http.client$request_STAR_.invoke(client.clj:1167)
	at clj_http.client$post.invokeStatic(client.clj:1192)
	at clj_http.client$post.doInvoke(client.clj:1188)
	at clojure.lang.RestFn.invoke(RestFn.java:423)
	at dist.worker.rpc$submit_result.invokeStatic(rpc.clj:10)
	at dist.worker.rpc$submit_result.invoke(rpc.clj:8)
	at dist.worker.core$worker_loop$fn__3479.invoke(core.clj:20)
	at dist.worker.core$worker_loop.invokeStatic(core.clj:18)
	at dist.worker.core$worker_loop.invoke(core.clj:9)
	at dist.worker.core$start_workers$fn__3487.invoke(core.clj:31)
	at clojure.lang.AFn.run(AFn.java:22)
	at java.base/java.lang.Thread.run(Thread.java:840)
heartbeat failed 5bb46bf0-5565-474f-8efd-df187bdfb9d0
